2017-07-28 12:38:46,700-0400 INFO  Loader JAVA Oracle Corporation Java HotSpot(TM) 64-Bit Server VM 1.8.0_131
2017-07-28 12:38:46,702-0400 INFO  Loader VERSION Swift trunk git-rev: 04208acc2a9af9ea900ae5c4a1d01bcc93ac07d2 heads/master 6744
2017-07-28 12:38:46,702-0400 INFO  Loader RUN_ID run004
2017-07-28 12:38:46,702-0400 INFO  Loader ARGUMENTS [-runid, run004, -logfile, /core/xinchen/workflow_dakota_3Delbow/run004/swift.log, dakota.swift]
2017-07-28 12:38:46,702-0400 INFO  Loader MAX_HEAP 954728448
2017-07-28 12:38:46,702-0400 INFO  Loader GLOBUS_HOSTNAME dev.parallel.works
2017-07-28 12:38:46,702-0400 INFO  Loader CWD /core/xinchen/workflow_dakota_3Delbow/.
2017-07-28 12:38:46,703-0400 DEBUG Loader SWIFT_CONFIGURATION 
[D] /core/xinchen/swift-k/dist/swift-svn/etc/swift.conf
[R] swift.conf
[C] <Command Line>
{
	TCPPortRange: "50000, 50100"                               # [D] line 27
	alwaysTransferWrapperLog: false                            # [R] line 41
	executionRetries: 0                                        # [R] line 38
	fileOperationsThrottle: 8                                  # [D] line 121
	fileTransfersThrottle: 4                                   # [D] line 107
	hostJobSubmitThrottle: 2                                   # [D] line 95
	jobSubmitThrottle: 4                                       # [D] line 83
	keepSiteDir: true                                          # [R] line 39
	lazyErrors: true                                           # [R] line 37
	logProvenance: false                                       # [D] line 200
	maxForeachThreads: 16384                                   # [D] line 194
	providerStagingPinSwiftFiles: false                        # [R] line 40
	replicationEnabled: false                                  # [D] line 146
	replicationLimit: 3                                        # [D] line 157
	replicationMinQueueTime: 60                                # [D] line 153
	site {
		linuxpool {
			app.ALL.executable: "*"                                  # [R] line 16
			execution {
				URL: "http://52.38.246.211:4030"                        # [R] line 6
				type: "coaster-persistent"                              # [R] line 5
			}
			initialParallelTasks: 999999                             # [R] line 9
			maxParallelTasks: 999999                                 # [R] line 10
			staging: "local"                                         # [R] line 8
			workDirectory: "/tmp/swiftwork"                          # [R] line 11
		}
		local {
			app.ALL.executable: "*"                                  # [D] line 232
			execution.type: "local"                                  # [D] line 223
			filesystem.type: "local"                                 # [D] line 226
			workDirectory: "swiftwork"                               # [D] line 229
		}
	}
	sites: [linuxpool]                                         # [R] line 1
	tracingEnabled: false                                      # [D] line 51
}

2017-07-28 12:38:46,704-0400 DEBUG textfiles BEGIN SWIFTSCRIPT:
# GENERAL DAKOTA CASE RUNNER
type file;

# -- INPUT / OUTPUT DEFINITIONS
# Parallel.Works automates the creation of the Swift run command using your workflow definition
# Swift needs to pick up the run arguments with the arg() command

# inputs
#file casein         <arg("case","dakota/dakota_case.in")>;

# outputs
file outdat         <arg("dat","results/out.dat")>;
file outhtml        <arg("html","results/out.html")>;
file outtar         <arg("tar","results/out.tar")>;
# these are external files needed by the Swift workflow
#file execute        <"runDakota.sh">;
file swiftconf      <"swift.conf">;
#file openfoamcase   <"
#file[] utils        <FilesysMapper;location="utils">;

file[] openfoam <Ext;exec="mapper.sh",root="openfoam">; 
file[] dakota <Ext;exec="mapper.sh",root="dakota">; 
file[] templatedir <Ext;exec="mapper.sh",root="templatedir">; 
file[] templatedir_ofa <Ext;exec="mapper_ofa.sh">;
 
# -- APP DEFINITIONS
# this app generates the list of fitness values
#app (file pout,file perr,file outd,file outh) runDAKOTA (file[] templatedir, file[] dakota, file swiftconf, string i5xmin, string i5xmax, string i6ymin, string i6ymax, string ncase) {
#    bash "dakota/update_params.sh" i5xmin i5xmax i6ymin i6ymax ncase "dakota/dakota_case.in" "dakota/runDakota.sh"; # stdout=@pout stderr=@perr;
#    bash "dakota/start_docker.sh" stdout=@pout stderr=@perr;
#}


app (file pout, file perr, file dout, file derr, file outdat, file outhtml ) prepInputs (file[] openfoam, file[] dakota, file swiftconf) {
    bash "dakota/utils/prepInputs.sh" "inputs/sweepParams.run" "inputs/elbowKPI.json" stdout=@pout stderr=@perr;
#	tree stdout=@pout stderr=@perr;
    bash "templatedir/start_docker.sh" stdout=@dout stderr=@derr;
}

#app (file pout, file perr) tree (file[] openfoam)
#{
#    tree stdout=@pout stderr=@perr;
#}

# -- WORKFLOW COMMANDS
# this commpand runs app specified above
file pout   <"logs/prep.out">;
file perr   <"logs/prep.err">;
file dout   <"logs/dakota.out">;
file derr   <"logs/dakota.err">;
(pout,perr, dout, derr, outdat, outhtml) = prepInputs(openfoam, dakota, swiftconf);
#(dout,derr,outdat,outhtml) = runDAKOTA(templatedir_ofa,dakota,swiftconf, inlet5_X_min, inlet5_X_max, inlet6_Y_min, inlet6_Y_max, num_cases);

#(sout,serr)=tree(openfoam);


2017-07-28 12:38:46,704-0400 DEBUG textfiles END SWIFTSCRIPT:
2017-07-28 12:38:46,705-0400 DEBUG Loader kmlversion is >03153d0c-11a0-45f9-8495-1d1a00295d88-no-provenance<
2017-07-28 12:38:46,705-0400 DEBUG Loader build version is >03153d0c-11a0-45f9-8495-1d1a00295d88-no-provenance<
2017-07-28 12:38:46,705-0400 DEBUG Loader Recompilation suppressed.
2017-07-28 12:38:47,134-0400 INFO  Loader RUN_START
2017-07-28 12:38:47,137-0400 INFO  SwiftExecutor swift.home = /core/xinchen/swift-k/dist/swift-svn
2017-07-28 12:38:47,158-0400 INFO  AbstractScheduler Setting resources to: {linuxpool=linuxpool}
2017-07-28 12:38:47,163-0400 INFO  GlobalSubmitQueue No global submit throttle set. Using default (1024)
2017-07-28 12:38:47,173-0400 INFO  LateBindingScheduler jobs queued: 0
2017-07-28 12:38:47,175-0400 INFO  LateBindingScheduler jobs queued: 0
2017-07-28 12:38:47,176-0400 INFO  LateBindingScheduler jobs queued: 0
2017-07-28 12:38:47,204-0400 INFO  RuntimeStats$ProgressTicker HeapMax: 954728448, CrtHeap: 506462208, UsedHeap: 81925808, JVMThreads: 16
2017-07-28 12:38:47,205-0400 INFO  RuntimeStats$ProgressTicker 
2017-07-28 12:38:47,216-0400 DEBUG swift PROCEDURE line=34 thread=2-0-18-15 name=prepInputs
2017-07-28 12:38:47,277-0400 DEBUG swift JOB_INIT jobid=prepInputs-spr3inbn tr=prepInputs
2017-07-28 12:38:47,277-0400 DEBUG swift JOB_SITE_SELECT jobid=prepInputs-spr3inbn-0
2017-07-28 12:38:47,280-0400 DEBUG swift THREAD_ASSOCIATION jobid=prepInputs-spr3inbn-0 host=linuxpool thread=2-0-18-15
2017-07-28 12:38:47,281-0400 DEBUG swift JOB_START jobid=prepInputs-spr3inbn-0 tr=prepInputs[bash dakota/utils/prepInputs.sh inputs/sweepParams.run inputs/elbowKPI.json, bash templatedir/start_docker.sh] tmpdir=dakota-run004/jobs/p/prepInputs-spr3inbn-0
2017-07-28 12:38:47,287-0400 INFO  Execute JOB_TASK jobid=prepInputs-spr3inbn-0 taskid=task-18 exec=/bin/bash dir=dakota-run004/jobs/p/prepInputs-spr3inbn-0 args=_swiftwrap.staging -d openfoam/utils|openfoam/inputs|dakota||logs|openfoam|results|dakota/utils -if openfoam/utils/writeBlockMeshDictFile.py|dakota/dakota_DOE.in|openfoam/utils/PVExtract.sh|openfoam/utils/extract.py|openfoam/utils/expandSweep.py|openfoam/runOFA.sh|openfoam/utils/makeGeom.sh|openfoam/utils/makeFoamMesh.sh|dakota/utils/dprepro|openfoam/utils/writeBoundaryFile.py|openfoam/inputs/sweepParams.run|dakota/start_docker_surr.sh|openfoam/utils/data_IO.py|openfoam/inputs/pwParams.run|openfoam/inputs/points.dat|openfoam/utils/foamutils.py|dakota/utils/input_parser.py|openfoam/utils/preProcess.sh|openfoam/utils/makeFoamMesh2.sh|dakota/utils/dakota_cleanup|dakota/start_docker.sh|openfoam/utils/elbow3D_inputFile.py|openfoam/utils/pvutils.py|openfoam/utils/writeSimParamFiles.py|openfoam/inputs/elbowKPI.json|dakota/runDakota_surr.sh|openfoam/utils/killSalome.sh|swift.conf|openfoam/utils/makeMesh.sh|dakota/utils/prepInputs_surr.sh|dakota/dakota_surr.in|dakota/utils/graph.py|dakota/utils/swift_driver|dakota/utils/graph_sensitivity.py|dakota/runDakota.sh|openfoam/inputs/openFoamCase.tar|dakota/simulator_script|dakota/utils/tree|dakota/utils/prepInputs.sh -of logs/prep.out|results/out.dat|logs/prep.err|logs/dakota.out|logs/dakota.err|results/out.html -cf  -cdmfile  -status provider -e bash -out logs/prep.out -err logs/prep.err -i -a dakota/utils/prepInputs.sh inputs/sweepParams.run inputs/elbowKPI.json -e bash -out logs/dakota.out -err logs/dakota.err -i -a templatedir/start_docker.sh
2017-07-28 12:38:47,291-0400 INFO  Execute TASK_STATUS_CHANGE taskid=task-18 status=8
2017-07-28 12:38:47,303-0400 INFO  AbstractCoasterChannel TCPChannel[client, http://52.38.246.211:4030] setting name to http://52.38.246.211:4030
2017-07-28 12:38:47,309-0400 INFO  AbstractTCPChannel http://52.38.246.211:4030: channel started
2017-07-28 12:38:47,309-0400 INFO  AbstractCoasterChannel Timeout check started for http://52.38.246.211:4030
2017-07-28 12:38:47,310-0400 INFO  AbstractStreamCoasterChannel Using NIO sender for http://52.38.246.211:4030
2017-07-28 12:38:47,439-0400 INFO  Execute TASK_STATUS_CHANGE taskid=task-18 status=1
2017-07-28 12:38:47,441-0400 INFO  Execute TASK_STATUS_CHANGE taskid=task-18 status=16 workerid=local:000000
2017-07-28 12:38:47,442-0400 INFO  GetFileHandler Handler(tag: 4, GET) request complete; src=file://localhost//core/xinchen/swift-k/dist/swift-svn/libexec/_swiftwrap.staging
2017-07-28 12:38:47,445-0400 INFO  GetFileHandler Handler(tag: 4, GET) reader: LR-Handler(tag: 4, GET)
2017-07-28 12:38:47,445-0400 INFO  GetFileHandler Handler(tag: 4, GET) sending length: 15067, 664853723
2017-07-28 12:38:47,448-0400 INFO  ReadBuffer RB-LR-Handler(tag: 4, GET) will ask for 1 buffers for a size of 15067
2017-07-28 12:38:47,449-0400 INFO  ReadBuffer RB-LR-Handler(tag: 4, GET) actual allocated buffers 1(0 queued)
2017-07-28 12:38:47,449-0400 INFO  LocalIOProvider LR-Handler(tag: 4, GET) rbuf: RB-LR-Handler(tag: 4, GET)
2017-07-28 12:38:47,450-0400 INFO  GetFileHandler Handler(tag: 4, GET) unregistering (last)
2017-07-28 12:38:47,450-0400 INFO  ReadBuffer RB-LR-Handler(tag: -1, GET) de-allocating 1 buffers
2017-07-28 12:38:47,499-0400 INFO  GetFileHandler Handler(tag: 5, GET) request complete; src=file://localhost/openfoam/utils/makeFoamMesh.sh
2017-07-28 12:38:47,499-0400 INFO  GetFileHandler Handler(tag: 5, GET) reader: LR-Handler(tag: 5, GET)
2017-07-28 12:38:47,499-0400 INFO  GetFileHandler Handler(tag: 5, GET) sending length: 1438, 1992966361
2017-07-28 12:38:47,499-0400 INFO  ReadBuffer RB-LR-Handler(tag: 5, GET) will ask for 1 buffers for a size of 1438
2017-07-28 12:38:47,499-0400 INFO  ReadBuffer RB-LR-Handler(tag: 5, GET) actual allocated buffers 1(0 queued)
2017-07-28 12:38:47,499-0400 INFO  LocalIOProvider LR-Handler(tag: 5, GET) rbuf: RB-LR-Handler(tag: 5, GET)
2017-07-28 12:38:47,500-0400 INFO  GetFileHandler Handler(tag: 5, GET) unregistering (last)
2017-07-28 12:38:47,500-0400 INFO  ReadBuffer RB-LR-Handler(tag: -1, GET) de-allocating 1 buffers
2017-07-28 12:38:47,539-0400 INFO  GetFileHandler Handler(tag: 6, GET) request complete; src=file://localhost/dakota/dakota_DOE.in
2017-07-28 12:38:47,539-0400 INFO  GetFileHandler Handler(tag: 6, GET) reader: LR-Handler(tag: 6, GET)
2017-07-28 12:38:47,539-0400 INFO  GetFileHandler Handler(tag: 6, GET) sending length: 1665, 1588070157
2017-07-28 12:38:47,539-0400 INFO  ReadBuffer RB-LR-Handler(tag: 6, GET) will ask for 1 buffers for a size of 1665
2017-07-28 12:38:47,540-0400 INFO  ReadBuffer RB-LR-Handler(tag: 6, GET) actual allocated buffers 1(0 queued)
2017-07-28 12:38:47,540-0400 INFO  LocalIOProvider LR-Handler(tag: 6, GET) rbuf: RB-LR-Handler(tag: 6, GET)
2017-07-28 12:38:47,540-0400 INFO  GetFileHandler Handler(tag: 6, GET) unregistering (last)
2017-07-28 12:38:47,540-0400 INFO  ReadBuffer RB-LR-Handler(tag: -1, GET) de-allocating 1 buffers
2017-07-28 12:38:47,579-0400 INFO  GetFileHandler Handler(tag: 7, GET) request complete; src=file://localhost/openfoam/utils/killSalome.sh
2017-07-28 12:38:47,579-0400 INFO  GetFileHandler Handler(tag: 7, GET) reader: LR-Handler(tag: 7, GET)
2017-07-28 12:38:47,579-0400 INFO  GetFileHandler Handler(tag: 7, GET) sending length: 749, 1341124484
2017-07-28 12:38:47,579-0400 INFO  ReadBuffer RB-LR-Handler(tag: 7, GET) will ask for 1 buffers for a size of 749
2017-07-28 12:38:47,580-0400 INFO  ReadBuffer RB-LR-Handler(tag: 7, GET) actual allocated buffers 1(0 queued)
2017-07-28 12:38:47,580-0400 INFO  LocalIOProvider LR-Handler(tag: 7, GET) rbuf: RB-LR-Handler(tag: 7, GET)
2017-07-28 12:38:47,580-0400 INFO  GetFileHandler Handler(tag: 7, GET) unregistering (last)
2017-07-28 12:38:47,580-0400 INFO  ReadBuffer RB-LR-Handler(tag: -1, GET) de-allocating 1 buffers
2017-07-28 12:38:47,659-0400 INFO  GetFileHandler Handler(tag: 8, GET) request complete; src=file://localhost/openfoam/utils/PVExtract.sh
2017-07-28 12:38:47,659-0400 INFO  GetFileHandler Handler(tag: 8, GET) reader: LR-Handler(tag: 8, GET)
2017-07-28 12:38:47,659-0400 INFO  GetFileHandler Handler(tag: 8, GET) sending length: 1492, 75999707
2017-07-28 12:38:47,659-0400 INFO  ReadBuffer RB-LR-Handler(tag: 8, GET) will ask for 1 buffers for a size of 1492
2017-07-28 12:38:47,659-0400 INFO  ReadBuffer RB-LR-Handler(tag: 8, GET) actual allocated buffers 1(0 queued)
2017-07-28 12:38:47,659-0400 INFO  LocalIOProvider LR-Handler(tag: 8, GET) rbuf: RB-LR-Handler(tag: 8, GET)
2017-07-28 12:38:47,660-0400 INFO  GetFileHandler Handler(tag: 8, GET) unregistering (last)
2017-07-28 12:38:47,660-0400 INFO  ReadBuffer RB-LR-Handler(tag: -1, GET) de-allocating 1 buffers
2017-07-28 12:38:47,699-0400 INFO  GetFileHandler Handler(tag: 9, GET) request complete; src=file://localhost/openfoam/utils/writeSimParamFiles.py
2017-07-28 12:38:47,699-0400 INFO  GetFileHandler Handler(tag: 9, GET) reader: LR-Handler(tag: 9, GET)
2017-07-28 12:38:47,699-0400 INFO  GetFileHandler Handler(tag: 9, GET) sending length: 674, 1648411495
2017-07-28 12:38:47,699-0400 INFO  ReadBuffer RB-LR-Handler(tag: 9, GET) will ask for 1 buffers for a size of 674
2017-07-28 12:38:47,700-0400 INFO  ReadBuffer RB-LR-Handler(tag: 9, GET) actual allocated buffers 1(0 queued)
2017-07-28 12:38:47,700-0400 INFO  LocalIOProvider LR-Handler(tag: 9, GET) rbuf: RB-LR-Handler(tag: 9, GET)
2017-07-28 12:38:47,700-0400 INFO  GetFileHandler Handler(tag: 9, GET) unregistering (last)
2017-07-28 12:38:47,700-0400 INFO  ReadBuffer RB-LR-Handler(tag: -1, GET) de-allocating 1 buffers
2017-07-28 12:38:47,783-0400 INFO  GetFileHandler Handler(tag: 10, GET) request complete; src=file://localhost/dakota/utils/prepInputs.sh
2017-07-28 12:38:47,783-0400 INFO  GetFileHandler Handler(tag: 10, GET) reader: LR-Handler(tag: 10, GET)
2017-07-28 12:38:47,783-0400 INFO  GetFileHandler Handler(tag: 10, GET) sending length: 417, 189153854
2017-07-28 12:38:47,784-0400 INFO  ReadBuffer RB-LR-Handler(tag: 10, GET) will ask for 1 buffers for a size of 417
2017-07-28 12:38:47,784-0400 INFO  ReadBuffer RB-LR-Handler(tag: 10, GET) actual allocated buffers 1(0 queued)
2017-07-28 12:38:47,784-0400 INFO  LocalIOProvider LR-Handler(tag: 10, GET) rbuf: RB-LR-Handler(tag: 10, GET)
2017-07-28 12:38:47,784-0400 INFO  GetFileHandler Handler(tag: 10, GET) unregistering (last)
2017-07-28 12:38:47,784-0400 INFO  ReadBuffer RB-LR-Handler(tag: -1, GET) de-allocating 1 buffers
2017-07-28 12:38:47,883-0400 INFO  GetFileHandler Handler(tag: 11, GET) request complete; src=file://localhost/dakota/dakota_surr.in
2017-07-28 12:38:47,883-0400 INFO  GetFileHandler Handler(tag: 11, GET) reader: LR-Handler(tag: 11, GET)
2017-07-28 12:38:47,883-0400 INFO  GetFileHandler Handler(tag: 11, GET) sending length: 1979, 570373783
2017-07-28 12:38:47,883-0400 INFO  ReadBuffer RB-LR-Handler(tag: 11, GET) will ask for 1 buffers for a size of 1979
2017-07-28 12:38:47,884-0400 INFO  ReadBuffer RB-LR-Handler(tag: 11, GET) actual allocated buffers 1(0 queued)
2017-07-28 12:38:47,884-0400 INFO  LocalIOProvider LR-Handler(tag: 11, GET) rbuf: RB-LR-Handler(tag: 11, GET)
2017-07-28 12:38:47,884-0400 INFO  GetFileHandler Handler(tag: 11, GET) unregistering (last)
2017-07-28 12:38:47,884-0400 INFO  ReadBuffer RB-LR-Handler(tag: -1, GET) de-allocating 1 buffers
2017-07-28 12:38:47,943-0400 INFO  GetFileHandler Handler(tag: 12, GET) request complete; src=file://localhost/openfoam/utils/elbow3D_inputFile.py
2017-07-28 12:38:47,943-0400 INFO  GetFileHandler Handler(tag: 12, GET) reader: LR-Handler(tag: 12, GET)
2017-07-28 12:38:47,943-0400 INFO  GetFileHandler Handler(tag: 12, GET) sending length: 6038, 491028239
2017-07-28 12:38:47,943-0400 INFO  ReadBuffer RB-LR-Handler(tag: 12, GET) will ask for 1 buffers for a size of 6038
2017-07-28 12:38:47,943-0400 INFO  ReadBuffer RB-LR-Handler(tag: 12, GET) actual allocated buffers 1(0 queued)
2017-07-28 12:38:47,944-0400 INFO  LocalIOProvider LR-Handler(tag: 12, GET) rbuf: RB-LR-Handler(tag: 12, GET)
2017-07-28 12:38:47,944-0400 INFO  GetFileHandler Handler(tag: 12, GET) unregistering (last)
2017-07-28 12:38:47,944-0400 INFO  ReadBuffer RB-LR-Handler(tag: -1, GET) de-allocating 1 buffers
2017-07-28 12:38:47,983-0400 INFO  GetFileHandler Handler(tag: 13, GET) request complete; src=file://localhost/openfoam/utils/extract.py
2017-07-28 12:38:47,983-0400 INFO  GetFileHandler Handler(tag: 13, GET) reader: LR-Handler(tag: 13, GET)
2017-07-28 12:38:47,983-0400 INFO  GetFileHandler Handler(tag: 13, GET) sending length: 4613, 77824397
2017-07-28 12:38:47,984-0400 INFO  ReadBuffer RB-LR-Handler(tag: 13, GET) will ask for 1 buffers for a size of 4613
2017-07-28 12:38:47,984-0400 INFO  ReadBuffer RB-LR-Handler(tag: 13, GET) actual allocated buffers 1(0 queued)
2017-07-28 12:38:47,984-0400 INFO  LocalIOProvider LR-Handler(tag: 13, GET) rbuf: RB-LR-Handler(tag: 13, GET)
2017-07-28 12:38:47,991-0400 INFO  GetFileHandler Handler(tag: 13, GET) unregistering (last)
2017-07-28 12:38:47,991-0400 INFO  ReadBuffer RB-LR-Handler(tag: -1, GET) de-allocating 1 buffers
2017-07-28 12:38:48,043-0400 INFO  GetFileHandler Handler(tag: 14, GET) request complete; src=file://localhost/dakota/start_docker.sh
2017-07-28 12:38:48,044-0400 INFO  GetFileHandler Handler(tag: 14, GET) reader: LR-Handler(tag: 14, GET)
2017-07-28 12:38:48,044-0400 INFO  GetFileHandler Handler(tag: 14, GET) sending length: 172, 1242284200
2017-07-28 12:38:48,044-0400 INFO  ReadBuffer RB-LR-Handler(tag: 14, GET) will ask for 1 buffers for a size of 172
2017-07-28 12:38:48,044-0400 INFO  ReadBuffer RB-LR-Handler(tag: 14, GET) actual allocated buffers 1(0 queued)
2017-07-28 12:38:48,044-0400 INFO  LocalIOProvider LR-Handler(tag: 14, GET) rbuf: RB-LR-Handler(tag: 14, GET)
2017-07-28 12:38:48,044-0400 INFO  GetFileHandler Handler(tag: 14, GET) unregistering (last)
2017-07-28 12:38:48,044-0400 INFO  ReadBuffer RB-LR-Handler(tag: -1, GET) de-allocating 1 buffers
2017-07-28 12:38:48,123-0400 INFO  GetFileHandler Handler(tag: 15, GET) request complete; src=file://localhost/dakota/utils/swift_driver
2017-07-28 12:38:48,123-0400 INFO  GetFileHandler Handler(tag: 15, GET) reader: LR-Handler(tag: 15, GET)
2017-07-28 12:38:48,123-0400 INFO  GetFileHandler Handler(tag: 15, GET) sending length: 674, 212470483
2017-07-28 12:38:48,124-0400 INFO  ReadBuffer RB-LR-Handler(tag: 15, GET) will ask for 1 buffers for a size of 674
2017-07-28 12:38:48,124-0400 INFO  ReadBuffer RB-LR-Handler(tag: 15, GET) actual allocated buffers 1(0 queued)
2017-07-28 12:38:48,124-0400 INFO  LocalIOProvider LR-Handler(tag: 15, GET) rbuf: RB-LR-Handler(tag: 15, GET)
2017-07-28 12:38:48,124-0400 INFO  GetFileHandler Handler(tag: 15, GET) unregistering (last)
2017-07-28 12:38:48,124-0400 INFO  ReadBuffer RB-LR-Handler(tag: -1, GET) de-allocating 1 buffers
2017-07-28 12:38:48,206-0400 INFO  RuntimeStats$ProgressTicker HeapMax: 954728448, CrtHeap: 506462208, UsedHeap: 132120576, JVMThreads: 34
2017-07-28 12:38:48,206-0400 INFO  RuntimeStats$ProgressTicker   Stage in:1
2017-07-28 12:38:48,207-0400 INFO  GetFileHandler Handler(tag: 16, GET) request complete; src=file://localhost/openfoam/utils/preProcess.sh
2017-07-28 12:38:48,208-0400 INFO  GetFileHandler Handler(tag: 16, GET) reader: LR-Handler(tag: 16, GET)
2017-07-28 12:38:48,208-0400 INFO  GetFileHandler Handler(tag: 16, GET) sending length: 2290, 665804500
2017-07-28 12:38:48,208-0400 INFO  ReadBuffer RB-LR-Handler(tag: 16, GET) will ask for 1 buffers for a size of 2290
2017-07-28 12:38:48,208-0400 INFO  ReadBuffer RB-LR-Handler(tag: 16, GET) actual allocated buffers 1(0 queued)
2017-07-28 12:38:48,208-0400 INFO  LocalIOProvider LR-Handler(tag: 16, GET) rbuf: RB-LR-Handler(tag: 16, GET)
2017-07-28 12:38:48,208-0400 INFO  GetFileHandler Handler(tag: 16, GET) unregistering (last)
2017-07-28 12:38:48,208-0400 INFO  ReadBuffer RB-LR-Handler(tag: -1, GET) de-allocating 1 buffers
2017-07-28 12:38:48,267-0400 INFO  GetFileHandler Handler(tag: 17, GET) request complete; src=file://localhost/openfoam/inputs/elbowKPI.json
2017-07-28 12:38:48,267-0400 INFO  GetFileHandler Handler(tag: 17, GET) reader: LR-Handler(tag: 17, GET)
2017-07-28 12:38:48,267-0400 INFO  GetFileHandler Handler(tag: 17, GET) sending length: 1211, 85798157
2017-07-28 12:38:48,268-0400 INFO  ReadBuffer RB-LR-Handler(tag: 17, GET) will ask for 1 buffers for a size of 1211
2017-07-28 12:38:48,268-0400 INFO  ReadBuffer RB-LR-Handler(tag: 17, GET) actual allocated buffers 1(0 queued)
2017-07-28 12:38:48,268-0400 INFO  LocalIOProvider LR-Handler(tag: 17, GET) rbuf: RB-LR-Handler(tag: 17, GET)
2017-07-28 12:38:48,268-0400 INFO  GetFileHandler Handler(tag: 17, GET) unregistering (last)
2017-07-28 12:38:48,268-0400 INFO  ReadBuffer RB-LR-Handler(tag: -1, GET) de-allocating 1 buffers
2017-07-28 12:38:48,367-0400 INFO  GetFileHandler Handler(tag: 18, GET) request complete; src=file://localhost/dakota/utils/prepInputs_surr.sh
2017-07-28 12:38:48,367-0400 INFO  GetFileHandler Handler(tag: 18, GET) reader: LR-Handler(tag: 18, GET)
2017-07-28 12:38:48,367-0400 INFO  GetFileHandler Handler(tag: 18, GET) sending length: 451, 1166352024
2017-07-28 12:38:48,367-0400 INFO  ReadBuffer RB-LR-Handler(tag: 18, GET) will ask for 1 buffers for a size of 451
2017-07-28 12:38:48,368-0400 INFO  ReadBuffer RB-LR-Handler(tag: 18, GET) actual allocated buffers 1(0 queued)
2017-07-28 12:38:48,368-0400 INFO  LocalIOProvider LR-Handler(tag: 18, GET) rbuf: RB-LR-Handler(tag: 18, GET)
2017-07-28 12:38:48,368-0400 INFO  GetFileHandler Handler(tag: 18, GET) unregistering (last)
2017-07-28 12:38:48,368-0400 INFO  ReadBuffer RB-LR-Handler(tag: -1, GET) de-allocating 1 buffers
2017-07-28 12:38:48,448-0400 INFO  GetFileHandler Handler(tag: 19, GET) request complete; src=file://localhost/swift.conf
2017-07-28 12:38:48,448-0400 INFO  GetFileHandler Handler(tag: 19, GET) reader: LR-Handler(tag: 19, GET)
2017-07-28 12:38:48,448-0400 INFO  GetFileHandler Handler(tag: 19, GET) sending length: 773, 252717824
2017-07-28 12:38:48,448-0400 INFO  ReadBuffer RB-LR-Handler(tag: 19, GET) will ask for 1 buffers for a size of 773
2017-07-28 12:38:48,448-0400 INFO  ReadBuffer RB-LR-Handler(tag: 19, GET) actual allocated buffers 1(0 queued)
2017-07-28 12:38:48,448-0400 INFO  LocalIOProvider LR-Handler(tag: 19, GET) rbuf: RB-LR-Handler(tag: 19, GET)
2017-07-28 12:38:48,448-0400 INFO  GetFileHandler Handler(tag: 19, GET) unregistering (last)
2017-07-28 12:38:48,448-0400 INFO  ReadBuffer RB-LR-Handler(tag: -1, GET) de-allocating 1 buffers
2017-07-28 12:38:48,528-0400 INFO  GetFileHandler Handler(tag: 20, GET) request complete; src=file://localhost/openfoam/utils/data_IO.py
2017-07-28 12:38:48,528-0400 INFO  GetFileHandler Handler(tag: 20, GET) reader: LR-Handler(tag: 20, GET)
2017-07-28 12:38:48,528-0400 INFO  GetFileHandler Handler(tag: 20, GET) sending length: 4928, 1463248710
2017-07-28 12:38:48,528-0400 INFO  ReadBuffer RB-LR-Handler(tag: 20, GET) will ask for 1 buffers for a size of 4928
2017-07-28 12:38:48,528-0400 INFO  ReadBuffer RB-LR-Handler(tag: 20, GET) actual allocated buffers 1(0 queued)
2017-07-28 12:38:48,528-0400 INFO  LocalIOProvider LR-Handler(tag: 20, GET) rbuf: RB-LR-Handler(tag: 20, GET)
2017-07-28 12:38:48,528-0400 INFO  GetFileHandler Handler(tag: 20, GET) unregistering (last)
2017-07-28 12:38:48,528-0400 INFO  ReadBuffer RB-LR-Handler(tag: -1, GET) de-allocating 1 buffers
2017-07-28 12:38:48,587-0400 INFO  GetFileHandler Handler(tag: 21, GET) request complete; src=file://localhost/openfoam/inputs/points.dat
2017-07-28 12:38:48,587-0400 INFO  GetFileHandler Handler(tag: 21, GET) reader: LR-Handler(tag: 21, GET)
2017-07-28 12:38:48,587-0400 INFO  GetFileHandler Handler(tag: 21, GET) sending length: 40, 1224877031
2017-07-28 12:38:48,588-0400 INFO  ReadBuffer RB-LR-Handler(tag: 21, GET) will ask for 1 buffers for a size of 40
2017-07-28 12:38:48,588-0400 INFO  ReadBuffer RB-LR-Handler(tag: 21, GET) actual allocated buffers 1(0 queued)
2017-07-28 12:38:48,588-0400 INFO  LocalIOProvider LR-Handler(tag: 21, GET) rbuf: RB-LR-Handler(tag: 21, GET)
2017-07-28 12:38:48,588-0400 INFO  GetFileHandler Handler(tag: 21, GET) unregistering (last)
2017-07-28 12:38:48,588-0400 INFO  ReadBuffer RB-LR-Handler(tag: -1, GET) de-allocating 1 buffers
2017-07-28 12:38:48,671-0400 INFO  GetFileHandler Handler(tag: 22, GET) request complete; src=file://localhost/openfoam/utils/writeBoundaryFile.py
2017-07-28 12:38:48,672-0400 INFO  GetFileHandler Handler(tag: 22, GET) reader: LR-Handler(tag: 22, GET)
2017-07-28 12:38:48,672-0400 INFO  GetFileHandler Handler(tag: 22, GET) sending length: 1679, 591686963
2017-07-28 12:38:48,672-0400 INFO  ReadBuffer RB-LR-Handler(tag: 22, GET) will ask for 1 buffers for a size of 1679
2017-07-28 12:38:48,672-0400 INFO  ReadBuffer RB-LR-Handler(tag: 22, GET) actual allocated buffers 1(0 queued)
2017-07-28 12:38:48,672-0400 INFO  LocalIOProvider LR-Handler(tag: 22, GET) rbuf: RB-LR-Handler(tag: 22, GET)
2017-07-28 12:38:48,672-0400 INFO  GetFileHandler Handler(tag: 22, GET) unregistering (last)
2017-07-28 12:38:48,672-0400 INFO  ReadBuffer RB-LR-Handler(tag: -1, GET) de-allocating 1 buffers
2017-07-28 12:38:48,731-0400 INFO  GetFileHandler Handler(tag: 23, GET) request complete; src=file://localhost/dakota/utils/graph.py
2017-07-28 12:38:48,731-0400 INFO  GetFileHandler Handler(tag: 23, GET) reader: LR-Handler(tag: 23, GET)
2017-07-28 12:38:48,731-0400 INFO  GetFileHandler Handler(tag: 23, GET) sending length: 1715, 518097599
2017-07-28 12:38:48,732-0400 INFO  ReadBuffer RB-LR-Handler(tag: 23, GET) will ask for 1 buffers for a size of 1715
2017-07-28 12:38:48,732-0400 INFO  ReadBuffer RB-LR-Handler(tag: 23, GET) actual allocated buffers 1(0 queued)
2017-07-28 12:38:48,732-0400 INFO  LocalIOProvider LR-Handler(tag: 23, GET) rbuf: RB-LR-Handler(tag: 23, GET)
2017-07-28 12:38:48,732-0400 INFO  GetFileHandler Handler(tag: 23, GET) unregistering (last)
2017-07-28 12:38:48,732-0400 INFO  ReadBuffer RB-LR-Handler(tag: -1, GET) de-allocating 1 buffers
2017-07-28 12:38:48,791-0400 INFO  GetFileHandler Handler(tag: 24, GET) request complete; src=file://localhost/dakota/start_docker_surr.sh
2017-07-28 12:38:48,791-0400 INFO  GetFileHandler Handler(tag: 24, GET) reader: LR-Handler(tag: 24, GET)
2017-07-28 12:38:48,791-0400 INFO  GetFileHandler Handler(tag: 24, GET) sending length: 180, 2029585271
2017-07-28 12:38:48,791-0400 INFO  ReadBuffer RB-LR-Handler(tag: 24, GET) will ask for 1 buffers for a size of 180
2017-07-28 12:38:48,792-0400 INFO  ReadBuffer RB-LR-Handler(tag: 24, GET) actual allocated buffers 1(0 queued)
2017-07-28 12:38:48,792-0400 INFO  LocalIOProvider LR-Handler(tag: 24, GET) rbuf: RB-LR-Handler(tag: 24, GET)
2017-07-28 12:38:48,792-0400 INFO  GetFileHandler Handler(tag: 24, GET) unregistering (last)
2017-07-28 12:38:48,792-0400 INFO  ReadBuffer RB-LR-Handler(tag: -1, GET) de-allocating 1 buffers
2017-07-28 12:38:48,871-0400 INFO  GetFileHandler Handler(tag: 25, GET) request complete; src=file://localhost/openfoam/utils/pvutils.py
2017-07-28 12:38:48,871-0400 INFO  GetFileHandler Handler(tag: 25, GET) reader: LR-Handler(tag: 25, GET)
2017-07-28 12:38:48,871-0400 INFO  GetFileHandler Handler(tag: 25, GET) sending length: 20042, 146634061
2017-07-28 12:38:48,872-0400 INFO  ReadBuffer RB-LR-Handler(tag: 25, GET) will ask for 1 buffers for a size of 20042
2017-07-28 12:38:48,872-0400 INFO  ReadBuffer RB-LR-Handler(tag: 25, GET) actual allocated buffers 1(0 queued)
2017-07-28 12:38:48,872-0400 INFO  LocalIOProvider LR-Handler(tag: 25, GET) rbuf: RB-LR-Handler(tag: 25, GET)
2017-07-28 12:38:48,872-0400 INFO  GetFileHandler Handler(tag: 25, GET) unregistering (last)
2017-07-28 12:38:48,872-0400 INFO  ReadBuffer RB-LR-Handler(tag: -1, GET) de-allocating 1 buffers
2017-07-28 12:38:48,951-0400 INFO  GetFileHandler Handler(tag: 26, GET) request complete; src=file://localhost/openfoam/utils/makeGeom.sh
2017-07-28 12:38:48,951-0400 INFO  GetFileHandler Handler(tag: 26, GET) reader: LR-Handler(tag: 26, GET)
2017-07-28 12:38:48,951-0400 INFO  GetFileHandler Handler(tag: 26, GET) sending length: 1574, 1723878115
2017-07-28 12:38:48,951-0400 INFO  ReadBuffer RB-LR-Handler(tag: 26, GET) will ask for 1 buffers for a size of 1574
2017-07-28 12:38:48,952-0400 INFO  ReadBuffer RB-LR-Handler(tag: 26, GET) actual allocated buffers 1(0 queued)
2017-07-28 12:38:48,952-0400 INFO  LocalIOProvider LR-Handler(tag: 26, GET) rbuf: RB-LR-Handler(tag: 26, GET)
2017-07-28 12:38:48,952-0400 INFO  GetFileHandler Handler(tag: 26, GET) unregistering (last)
2017-07-28 12:38:48,952-0400 INFO  ReadBuffer RB-LR-Handler(tag: -1, GET) de-allocating 1 buffers
2017-07-28 12:38:48,991-0400 INFO  GetFileHandler Handler(tag: 27, GET) request complete; src=file://localhost/dakota/runDakota_surr.sh
2017-07-28 12:38:48,991-0400 INFO  GetFileHandler Handler(tag: 27, GET) reader: LR-Handler(tag: 27, GET)
2017-07-28 12:38:48,991-0400 INFO  GetFileHandler Handler(tag: 27, GET) sending length: 2047, 1114533171
2017-07-28 12:38:48,992-0400 INFO  ReadBuffer RB-LR-Handler(tag: 27, GET) will ask for 1 buffers for a size of 2047
2017-07-28 12:38:48,992-0400 INFO  ReadBuffer RB-LR-Handler(tag: 27, GET) actual allocated buffers 1(0 queued)
2017-07-28 12:38:48,992-0400 INFO  LocalIOProvider LR-Handler(tag: 27, GET) rbuf: RB-LR-Handler(tag: 27, GET)
2017-07-28 12:38:48,992-0400 INFO  GetFileHandler Handler(tag: 27, GET) unregistering (last)
2017-07-28 12:38:48,992-0400 INFO  ReadBuffer RB-LR-Handler(tag: -1, GET) de-allocating 1 buffers
2017-07-28 12:38:49,031-0400 INFO  GetFileHandler Handler(tag: 28, GET) request complete; src=file://localhost/openfoam/inputs/sweepParams.run
2017-07-28 12:38:49,031-0400 INFO  GetFileHandler Handler(tag: 28, GET) reader: LR-Handler(tag: 28, GET)
2017-07-28 12:38:49,031-0400 INFO  GetFileHandler Handler(tag: 28, GET) sending length: 227, 1619401821
2017-07-28 12:38:49,032-0400 INFO  ReadBuffer RB-LR-Handler(tag: 28, GET) will ask for 1 buffers for a size of 227
2017-07-28 12:38:49,032-0400 INFO  ReadBuffer RB-LR-Handler(tag: 28, GET) actual allocated buffers 1(0 queued)
2017-07-28 12:38:49,032-0400 INFO  LocalIOProvider LR-Handler(tag: 28, GET) rbuf: RB-LR-Handler(tag: 28, GET)
2017-07-28 12:38:49,032-0400 INFO  GetFileHandler Handler(tag: 28, GET) unregistering (last)
2017-07-28 12:38:49,032-0400 INFO  ReadBuffer RB-LR-Handler(tag: -1, GET) de-allocating 1 buffers
2017-07-28 12:38:49,115-0400 INFO  GetFileHandler Handler(tag: 29, GET) request complete; src=file://localhost/openfoam/inputs/openFoamCase.tar
2017-07-28 12:38:49,115-0400 INFO  GetFileHandler Handler(tag: 29, GET) reader: LR-Handler(tag: 29, GET)
2017-07-28 12:38:49,116-0400 INFO  GetFileHandler Handler(tag: 29, GET) sending length: 61440, 591565670
2017-07-28 12:38:49,116-0400 INFO  ReadBuffer RB-LR-Handler(tag: 29, GET) will ask for 1 buffers for a size of 61440
2017-07-28 12:38:49,116-0400 INFO  ReadBuffer RB-LR-Handler(tag: 29, GET) actual allocated buffers 1(0 queued)
2017-07-28 12:38:49,116-0400 INFO  LocalIOProvider LR-Handler(tag: 29, GET) rbuf: RB-LR-Handler(tag: 29, GET)
2017-07-28 12:38:49,116-0400 INFO  GetFileHandler Handler(tag: 29, GET) unregistering (last)
2017-07-28 12:38:49,116-0400 INFO  ReadBuffer RB-LR-Handler(tag: -1, GET) de-allocating 1 buffers
2017-07-28 12:38:49,206-0400 INFO  RuntimeStats$ProgressTicker HeapMax: 954728448, CrtHeap: 506462208, UsedHeap: 132120576, JVMThreads: 34
2017-07-28 12:38:49,215-0400 INFO  GetFileHandler Handler(tag: 30, GET) request complete; src=file://localhost/openfoam/runOFA.sh
2017-07-28 12:38:49,215-0400 INFO  GetFileHandler Handler(tag: 30, GET) reader: LR-Handler(tag: 30, GET)
2017-07-28 12:38:49,215-0400 INFO  GetFileHandler Handler(tag: 30, GET) sending length: 886, 1499619750
2017-07-28 12:38:49,216-0400 INFO  ReadBuffer RB-LR-Handler(tag: 30, GET) will ask for 1 buffers for a size of 886
2017-07-28 12:38:49,216-0400 INFO  ReadBuffer RB-LR-Handler(tag: 30, GET) actual allocated buffers 1(0 queued)
2017-07-28 12:38:49,216-0400 INFO  LocalIOProvider LR-Handler(tag: 30, GET) rbuf: RB-LR-Handler(tag: 30, GET)
2017-07-28 12:38:49,216-0400 INFO  GetFileHandler Handler(tag: 30, GET) unregistering (last)
2017-07-28 12:38:49,216-0400 INFO  ReadBuffer RB-LR-Handler(tag: -1, GET) de-allocating 1 buffers
2017-07-28 12:38:49,295-0400 INFO  GetFileHandler Handler(tag: 31, GET) request complete; src=file://localhost/dakota/utils/tree
2017-07-28 12:38:49,295-0400 INFO  GetFileHandler Handler(tag: 31, GET) reader: LR-Handler(tag: 31, GET)
2017-07-28 12:38:49,295-0400 INFO  GetFileHandler Handler(tag: 31, GET) sending length: 57176, 1599501605
2017-07-28 12:38:49,296-0400 INFO  ReadBuffer RB-LR-Handler(tag: 31, GET) will ask for 1 buffers for a size of 57176
2017-07-28 12:38:49,296-0400 INFO  ReadBuffer RB-LR-Handler(tag: 31, GET) actual allocated buffers 1(0 queued)
2017-07-28 12:38:49,296-0400 INFO  LocalIOProvider LR-Handler(tag: 31, GET) rbuf: RB-LR-Handler(tag: 31, GET)
2017-07-28 12:38:49,296-0400 INFO  GetFileHandler Handler(tag: 31, GET) unregistering (last)
2017-07-28 12:38:49,296-0400 INFO  ReadBuffer RB-LR-Handler(tag: -1, GET) de-allocating 1 buffers
2017-07-28 12:38:49,355-0400 INFO  GetFileHandler Handler(tag: 32, GET) request complete; src=file://localhost/dakota/runDakota.sh
2017-07-28 12:38:49,355-0400 INFO  GetFileHandler Handler(tag: 32, GET) reader: LR-Handler(tag: 32, GET)
2017-07-28 12:38:49,355-0400 INFO  GetFileHandler Handler(tag: 32, GET) sending length: 2036, 723145570
2017-07-28 12:38:49,355-0400 INFO  ReadBuffer RB-LR-Handler(tag: 32, GET) will ask for 1 buffers for a size of 2036
2017-07-28 12:38:49,355-0400 INFO  ReadBuffer RB-LR-Handler(tag: 32, GET) actual allocated buffers 1(0 queued)
2017-07-28 12:38:49,355-0400 INFO  LocalIOProvider LR-Handler(tag: 32, GET) rbuf: RB-LR-Handler(tag: 32, GET)
2017-07-28 12:38:49,356-0400 INFO  GetFileHandler Handler(tag: 32, GET) unregistering (last)
2017-07-28 12:38:49,356-0400 INFO  ReadBuffer RB-LR-Handler(tag: -1, GET) de-allocating 1 buffers
2017-07-28 12:38:49,395-0400 INFO  GetFileHandler Handler(tag: 33, GET) request complete; src=file://localhost/dakota/utils/input_parser.py
2017-07-28 12:38:49,395-0400 INFO  GetFileHandler Handler(tag: 33, GET) reader: LR-Handler(tag: 33, GET)
2017-07-28 12:38:49,395-0400 INFO  GetFileHandler Handler(tag: 33, GET) sending length: 3231, 1863250391
2017-07-28 12:38:49,396-0400 INFO  ReadBuffer RB-LR-Handler(tag: 33, GET) will ask for 1 buffers for a size of 3231
2017-07-28 12:38:49,396-0400 INFO  ReadBuffer RB-LR-Handler(tag: 33, GET) actual allocated buffers 1(0 queued)
2017-07-28 12:38:49,396-0400 INFO  LocalIOProvider LR-Handler(tag: 33, GET) rbuf: RB-LR-Handler(tag: 33, GET)
2017-07-28 12:38:49,396-0400 INFO  GetFileHandler Handler(tag: 33, GET) unregistering (last)
2017-07-28 12:38:49,396-0400 INFO  ReadBuffer RB-LR-Handler(tag: -1, GET) de-allocating 1 buffers
2017-07-28 12:38:49,435-0400 INFO  GetFileHandler Handler(tag: 34, GET) request complete; src=file://localhost/openfoam/utils/writeBlockMeshDictFile.py
2017-07-28 12:38:49,436-0400 INFO  GetFileHandler Handler(tag: 34, GET) reader: LR-Handler(tag: 34, GET)
2017-07-28 12:38:49,436-0400 INFO  GetFileHandler Handler(tag: 34, GET) sending length: 2459, 215933792
2017-07-28 12:38:49,436-0400 INFO  ReadBuffer RB-LR-Handler(tag: 34, GET) will ask for 1 buffers for a size of 2459
2017-07-28 12:38:49,436-0400 INFO  ReadBuffer RB-LR-Handler(tag: 34, GET) actual allocated buffers 1(0 queued)
2017-07-28 12:38:49,436-0400 INFO  LocalIOProvider LR-Handler(tag: 34, GET) rbuf: RB-LR-Handler(tag: 34, GET)
2017-07-28 12:38:49,436-0400 INFO  GetFileHandler Handler(tag: 34, GET) unregistering (last)
2017-07-28 12:38:49,436-0400 INFO  ReadBuffer RB-LR-Handler(tag: -1, GET) de-allocating 1 buffers
2017-07-28 12:38:49,475-0400 INFO  GetFileHandler Handler(tag: 35, GET) request complete; src=file://localhost/dakota/utils/dprepro
2017-07-28 12:38:49,476-0400 INFO  GetFileHandler Handler(tag: 35, GET) reader: LR-Handler(tag: 35, GET)
2017-07-28 12:38:49,476-0400 INFO  GetFileHandler Handler(tag: 35, GET) sending length: 12889, 2108458924
2017-07-28 12:38:49,476-0400 INFO  ReadBuffer RB-LR-Handler(tag: 35, GET) will ask for 1 buffers for a size of 12889
2017-07-28 12:38:49,476-0400 INFO  ReadBuffer RB-LR-Handler(tag: 35, GET) actual allocated buffers 1(0 queued)
2017-07-28 12:38:49,476-0400 INFO  LocalIOProvider LR-Handler(tag: 35, GET) rbuf: RB-LR-Handler(tag: 35, GET)
2017-07-28 12:38:49,476-0400 INFO  GetFileHandler Handler(tag: 35, GET) unregistering (last)
2017-07-28 12:38:49,476-0400 INFO  ReadBuffer RB-LR-Handler(tag: -1, GET) de-allocating 1 buffers
2017-07-28 12:38:49,519-0400 INFO  GetFileHandler Handler(tag: 36, GET) request complete; src=file://localhost/openfoam/utils/makeMesh.sh
2017-07-28 12:38:49,519-0400 INFO  GetFileHandler Handler(tag: 36, GET) reader: LR-Handler(tag: 36, GET)
2017-07-28 12:38:49,519-0400 INFO  GetFileHandler Handler(tag: 36, GET) sending length: 2454, 1108309854
2017-07-28 12:38:49,519-0400 INFO  ReadBuffer RB-LR-Handler(tag: 36, GET) will ask for 1 buffers for a size of 2454
2017-07-28 12:38:49,520-0400 INFO  ReadBuffer RB-LR-Handler(tag: 36, GET) actual allocated buffers 1(0 queued)
2017-07-28 12:38:49,520-0400 INFO  LocalIOProvider LR-Handler(tag: 36, GET) rbuf: RB-LR-Handler(tag: 36, GET)
2017-07-28 12:38:49,520-0400 INFO  GetFileHandler Handler(tag: 36, GET) unregistering (last)
2017-07-28 12:38:49,520-0400 INFO  ReadBuffer RB-LR-Handler(tag: -1, GET) de-allocating 1 buffers
2017-07-28 12:38:49,579-0400 INFO  GetFileHandler Handler(tag: 37, GET) request complete; src=file://localhost/dakota/utils/dakota_cleanup
2017-07-28 12:38:49,579-0400 INFO  GetFileHandler Handler(tag: 37, GET) reader: LR-Handler(tag: 37, GET)
2017-07-28 12:38:49,579-0400 INFO  GetFileHandler Handler(tag: 37, GET) sending length: 110, 476109727
2017-07-28 12:38:49,579-0400 INFO  ReadBuffer RB-LR-Handler(tag: 37, GET) will ask for 1 buffers for a size of 110
2017-07-28 12:38:49,579-0400 INFO  ReadBuffer RB-LR-Handler(tag: 37, GET) actual allocated buffers 1(0 queued)
2017-07-28 12:38:49,580-0400 INFO  LocalIOProvider LR-Handler(tag: 37, GET) rbuf: RB-LR-Handler(tag: 37, GET)
2017-07-28 12:38:49,580-0400 INFO  GetFileHandler Handler(tag: 37, GET) unregistering (last)
2017-07-28 12:38:49,580-0400 INFO  ReadBuffer RB-LR-Handler(tag: -1, GET) de-allocating 1 buffers
2017-07-28 12:38:49,679-0400 INFO  GetFileHandler Handler(tag: 38, GET) request complete; src=file://localhost/dakota/simulator_script
2017-07-28 12:38:49,679-0400 INFO  GetFileHandler Handler(tag: 38, GET) reader: LR-Handler(tag: 38, GET)
2017-07-28 12:38:49,679-0400 INFO  GetFileHandler Handler(tag: 38, GET) sending length: 1813, 383350725
2017-07-28 12:38:49,679-0400 INFO  ReadBuffer RB-LR-Handler(tag: 38, GET) will ask for 1 buffers for a size of 1813
2017-07-28 12:38:49,680-0400 INFO  ReadBuffer RB-LR-Handler(tag: 38, GET) actual allocated buffers 1(0 queued)
2017-07-28 12:38:49,680-0400 INFO  LocalIOProvider LR-Handler(tag: 38, GET) rbuf: RB-LR-Handler(tag: 38, GET)
2017-07-28 12:38:49,680-0400 INFO  GetFileHandler Handler(tag: 38, GET) unregistering (last)
2017-07-28 12:38:49,680-0400 INFO  ReadBuffer RB-LR-Handler(tag: -1, GET) de-allocating 1 buffers
2017-07-28 12:38:49,739-0400 INFO  GetFileHandler Handler(tag: 39, GET) request complete; src=file://localhost/openfoam/utils/makeFoamMesh2.sh
2017-07-28 12:38:49,740-0400 INFO  GetFileHandler Handler(tag: 39, GET) reader: LR-Handler(tag: 39, GET)
2017-07-28 12:38:49,740-0400 INFO  GetFileHandler Handler(tag: 39, GET) sending length: 1826, 1287423725
2017-07-28 12:38:49,740-0400 INFO  ReadBuffer RB-LR-Handler(tag: 39, GET) will ask for 1 buffers for a size of 1826
2017-07-28 12:38:49,740-0400 INFO  ReadBuffer RB-LR-Handler(tag: 39, GET) actual allocated buffers 1(0 queued)
2017-07-28 12:38:49,740-0400 INFO  LocalIOProvider LR-Handler(tag: 39, GET) rbuf: RB-LR-Handler(tag: 39, GET)
2017-07-28 12:38:49,740-0400 INFO  GetFileHandler Handler(tag: 39, GET) unregistering (last)
2017-07-28 12:38:49,740-0400 INFO  ReadBuffer RB-LR-Handler(tag: -1, GET) de-allocating 1 buffers
2017-07-28 12:38:49,779-0400 INFO  GetFileHandler Handler(tag: 40, GET) request complete; src=file://localhost/dakota/utils/graph_sensitivity.py
2017-07-28 12:38:49,779-0400 INFO  GetFileHandler Handler(tag: 40, GET) reader: LR-Handler(tag: 40, GET)
2017-07-28 12:38:49,779-0400 INFO  GetFileHandler Handler(tag: 40, GET) sending length: 2055, 349244491
2017-07-28 12:38:49,779-0400 INFO  ReadBuffer RB-LR-Handler(tag: 40, GET) will ask for 1 buffers for a size of 2055
2017-07-28 12:38:49,780-0400 INFO  ReadBuffer RB-LR-Handler(tag: 40, GET) actual allocated buffers 1(0 queued)
2017-07-28 12:38:49,780-0400 INFO  LocalIOProvider LR-Handler(tag: 40, GET) rbuf: RB-LR-Handler(tag: 40, GET)
2017-07-28 12:38:49,791-0400 INFO  GetFileHandler Handler(tag: 40, GET) unregistering (last)
2017-07-28 12:38:49,791-0400 INFO  ReadBuffer RB-LR-Handler(tag: -1, GET) de-allocating 1 buffers
2017-07-28 12:38:49,839-0400 INFO  GetFileHandler Handler(tag: 41, GET) request complete; src=file://localhost/openfoam/inputs/pwParams.run
2017-07-28 12:38:49,840-0400 INFO  GetFileHandler Handler(tag: 41, GET) reader: LR-Handler(tag: 41, GET)
2017-07-28 12:38:49,840-0400 INFO  GetFileHandler Handler(tag: 41, GET) sending length: 222, 980614281
2017-07-28 12:38:49,840-0400 INFO  ReadBuffer RB-LR-Handler(tag: 41, GET) will ask for 1 buffers for a size of 222
2017-07-28 12:38:49,840-0400 INFO  ReadBuffer RB-LR-Handler(tag: 41, GET) actual allocated buffers 1(0 queued)
2017-07-28 12:38:49,840-0400 INFO  LocalIOProvider LR-Handler(tag: 41, GET) rbuf: RB-LR-Handler(tag: 41, GET)
2017-07-28 12:38:49,840-0400 INFO  GetFileHandler Handler(tag: 41, GET) unregistering (last)
2017-07-28 12:38:49,840-0400 INFO  ReadBuffer RB-LR-Handler(tag: -1, GET) de-allocating 1 buffers
2017-07-28 12:38:49,919-0400 INFO  GetFileHandler Handler(tag: 42, GET) request complete; src=file://localhost/openfoam/utils/expandSweep.py
2017-07-28 12:38:49,920-0400 INFO  GetFileHandler Handler(tag: 42, GET) reader: LR-Handler(tag: 42, GET)
2017-07-28 12:38:49,920-0400 INFO  GetFileHandler Handler(tag: 42, GET) sending length: 1557, 910770213
2017-07-28 12:38:49,920-0400 INFO  ReadBuffer RB-LR-Handler(tag: 42, GET) will ask for 1 buffers for a size of 1557
2017-07-28 12:38:49,920-0400 INFO  ReadBuffer RB-LR-Handler(tag: 42, GET) actual allocated buffers 1(0 queued)
2017-07-28 12:38:49,920-0400 INFO  LocalIOProvider LR-Handler(tag: 42, GET) rbuf: RB-LR-Handler(tag: 42, GET)
2017-07-28 12:38:49,920-0400 INFO  GetFileHandler Handler(tag: 42, GET) unregistering (last)
2017-07-28 12:38:49,920-0400 INFO  ReadBuffer RB-LR-Handler(tag: -1, GET) de-allocating 1 buffers
2017-07-28 12:38:49,963-0400 INFO  GetFileHandler Handler(tag: 43, GET) request complete; src=file://localhost/openfoam/utils/foamutils.py
2017-07-28 12:38:49,963-0400 INFO  GetFileHandler Handler(tag: 43, GET) reader: LR-Handler(tag: 43, GET)
2017-07-28 12:38:49,963-0400 INFO  GetFileHandler Handler(tag: 43, GET) sending length: 4224, 98788609
2017-07-28 12:38:49,964-0400 INFO  ReadBuffer RB-LR-Handler(tag: 43, GET) will ask for 1 buffers for a size of 4224
2017-07-28 12:38:49,964-0400 INFO  ReadBuffer RB-LR-Handler(tag: 43, GET) actual allocated buffers 1(0 queued)
2017-07-28 12:38:49,964-0400 INFO  LocalIOProvider LR-Handler(tag: 43, GET) rbuf: RB-LR-Handler(tag: 43, GET)
2017-07-28 12:38:49,964-0400 INFO  GetFileHandler Handler(tag: 43, GET) unregistering (last)
2017-07-28 12:38:49,964-0400 INFO  ReadBuffer RB-LR-Handler(tag: -1, GET) de-allocating 1 buffers
2017-07-28 12:38:50,023-0400 INFO  Execute TASK_STATUS_CHANGE taskid=task-18 status=2 workerid=local:000000
2017-07-28 12:38:50,206-0400 INFO  RuntimeStats$ProgressTicker HeapMax: 954728448, CrtHeap: 506462208, UsedHeap: 19334624, JVMThreads: 34
2017-07-28 12:38:50,207-0400 INFO  RuntimeStats$ProgressTicker   Active:1
2017-07-28 12:38:51,207-0400 INFO  RuntimeStats$ProgressTicker HeapMax: 954728448, CrtHeap: 506462208, UsedHeap: 19334624, JVMThreads: 34
2017-07-28 12:38:52,207-0400 INFO  RuntimeStats$ProgressTicker HeapMax: 954728448, CrtHeap: 506462208, UsedHeap: 19334624, JVMThreads: 34
2017-07-28 12:38:53,207-0400 INFO  RuntimeStats$ProgressTicker HeapMax: 954728448, CrtHeap: 506462208, UsedHeap: 19334624, JVMThreads: 34
2017-07-28 12:38:54,208-0400 INFO  RuntimeStats$ProgressTicker HeapMax: 954728448, CrtHeap: 506462208, UsedHeap: 19334624, JVMThreads: 34
2017-07-28 12:38:55,208-0400 INFO  RuntimeStats$ProgressTicker HeapMax: 954728448, CrtHeap: 506462208, UsedHeap: 19334624, JVMThreads: 34
2017-07-28 12:38:56,208-0400 INFO  RuntimeStats$ProgressTicker HeapMax: 954728448, CrtHeap: 506462208, UsedHeap: 19334624, JVMThreads: 34
2017-07-28 12:38:57,208-0400 INFO  RuntimeStats$ProgressTicker HeapMax: 954728448, CrtHeap: 506462208, UsedHeap: 19334624, JVMThreads: 34
2017-07-28 12:38:58,208-0400 INFO  RuntimeStats$ProgressTicker HeapMax: 954728448, CrtHeap: 506462208, UsedHeap: 19334624, JVMThreads: 34
2017-07-28 12:38:59,209-0400 INFO  RuntimeStats$ProgressTicker HeapMax: 954728448, CrtHeap: 506462208, UsedHeap: 19334624, JVMThreads: 34
2017-07-28 12:39:00,209-0400 INFO  RuntimeStats$ProgressTicker HeapMax: 954728448, CrtHeap: 506462208, UsedHeap: 19334624, JVMThreads: 34
2017-07-28 12:39:01,209-0400 INFO  RuntimeStats$ProgressTicker HeapMax: 954728448, CrtHeap: 506462208, UsedHeap: 19334624, JVMThreads: 34
2017-07-28 12:39:02,209-0400 INFO  RuntimeStats$ProgressTicker HeapMax: 954728448, CrtHeap: 506462208, UsedHeap: 19334624, JVMThreads: 34
2017-07-28 12:39:03,210-0400 INFO  RuntimeStats$ProgressTicker HeapMax: 954728448, CrtHeap: 506462208, UsedHeap: 19334624, JVMThreads: 34
2017-07-28 12:39:04,210-0400 INFO  RuntimeStats$ProgressTicker HeapMax: 954728448, CrtHeap: 506462208, UsedHeap: 19334624, JVMThreads: 34
2017-07-28 12:39:05,210-0400 INFO  RuntimeStats$ProgressTicker HeapMax: 954728448, CrtHeap: 506462208, UsedHeap: 19334624, JVMThreads: 34
2017-07-28 12:39:06,210-0400 INFO  RuntimeStats$ProgressTicker HeapMax: 954728448, CrtHeap: 506462208, UsedHeap: 19334624, JVMThreads: 34
2017-07-28 12:39:07,211-0400 INFO  RuntimeStats$ProgressTicker HeapMax: 954728448, CrtHeap: 506462208, UsedHeap: 19334624, JVMThreads: 34
2017-07-28 12:39:08,211-0400 INFO  RuntimeStats$ProgressTicker HeapMax: 954728448, CrtHeap: 506462208, UsedHeap: 19334624, JVMThreads: 34
2017-07-28 12:39:09,211-0400 INFO  RuntimeStats$ProgressTicker HeapMax: 954728448, CrtHeap: 506462208, UsedHeap: 19334624, JVMThreads: 34
2017-07-28 12:39:10,211-0400 INFO  RuntimeStats$ProgressTicker HeapMax: 954728448, CrtHeap: 506462208, UsedHeap: 19334624, JVMThreads: 34
2017-07-28 12:39:11,212-0400 INFO  RuntimeStats$ProgressTicker HeapMax: 954728448, CrtHeap: 506462208, UsedHeap: 19334624, JVMThreads: 34
2017-07-28 12:39:12,212-0400 INFO  RuntimeStats$ProgressTicker HeapMax: 954728448, CrtHeap: 506462208, UsedHeap: 19334624, JVMThreads: 34
2017-07-28 12:39:13,212-0400 INFO  RuntimeStats$ProgressTicker HeapMax: 954728448, CrtHeap: 506462208, UsedHeap: 19334624, JVMThreads: 34
2017-07-28 12:39:14,212-0400 INFO  RuntimeStats$ProgressTicker HeapMax: 954728448, CrtHeap: 506462208, UsedHeap: 19334624, JVMThreads: 34
2017-07-28 12:39:15,213-0400 INFO  RuntimeStats$ProgressTicker HeapMax: 954728448, CrtHeap: 506462208, UsedHeap: 19334624, JVMThreads: 34
2017-07-28 12:39:16,213-0400 INFO  RuntimeStats$ProgressTicker HeapMax: 954728448, CrtHeap: 506462208, UsedHeap: 19334624, JVMThreads: 34
2017-07-28 12:39:17,213-0400 INFO  RuntimeStats$ProgressTicker HeapMax: 954728448, CrtHeap: 506462208, UsedHeap: 19334624, JVMThreads: 34
2017-07-28 12:39:18,213-0400 INFO  RuntimeStats$ProgressTicker HeapMax: 954728448, CrtHeap: 506462208, UsedHeap: 19334624, JVMThreads: 34
2017-07-28 12:39:18,605-0400 INFO  Execute TASK_STATUS_CHANGE taskid=task-18 status=17
2017-07-28 12:39:18,606-0400 INFO  PutFileHandler Handler(tag: 46, PUT) source: /tmp/swiftwork/dakota-run004/jobs/p/prepInputs-spr3inbn-0/results/out.html
2017-07-28 12:39:18,606-0400 INFO  PutFileHandler Handler(tag: 46, PUT) destination: file://localhost/results/out.html
2017-07-28 12:39:18,607-0400 INFO  PutFileHandler Handler(tag: 47, PUT) source: /tmp/swiftwork/dakota-run004/jobs/p/prepInputs-spr3inbn-0/_stdout.txt
2017-07-28 12:39:18,607-0400 INFO  PutFileHandler Handler(tag: 46, PUT) Transfer done
2017-07-28 12:39:18,607-0400 INFO  PutFileHandler Handler(tag: 47, PUT) destination: file://localhost/run004/dakota-run004.d/prepInputs-spr3inbn-0.stdout
2017-07-28 12:39:18,608-0400 INFO  PutFileHandler Handler(tag: 47, PUT) Transfer done
2017-07-28 12:39:18,608-0400 INFO  PutFileHandler Handler(tag: 48, PUT) source: /tmp/swiftwork/dakota-run004/jobs/p/prepInputs-spr3inbn-0/results/out.dat
2017-07-28 12:39:18,608-0400 INFO  PutFileHandler Handler(tag: 48, PUT) destination: file://localhost/results/out.dat
2017-07-28 12:39:18,608-0400 INFO  PutFileHandler Handler(tag: 48, PUT) Transfer done
2017-07-28 12:39:18,608-0400 INFO  PutFileHandler Handler(tag: 49, PUT) source: /tmp/swiftwork/dakota-run004/jobs/p/prepInputs-spr3inbn-0/_wrapper.error
2017-07-28 12:39:18,608-0400 INFO  PutFileHandler Handler(tag: 49, PUT) destination: file://localhost/run004/dakota-run004.d/prepInputs-spr3inbn-0.error
2017-07-28 12:39:18,609-0400 INFO  PutFileHandler Handler(tag: 50, PUT) source: /tmp/swiftwork/dakota-run004/jobs/p/prepInputs-spr3inbn-0/_stderr.txt
2017-07-28 12:39:18,609-0400 INFO  PutFileHandler Handler(tag: 49, PUT) Transfer done
2017-07-28 12:39:18,609-0400 INFO  PutFileHandler Handler(tag: 50, PUT) destination: file://localhost/run004/dakota-run004.d/prepInputs-spr3inbn-0.stderr
2017-07-28 12:39:18,609-0400 INFO  PutFileHandler Handler(tag: 50, PUT) Transfer done
2017-07-28 12:39:18,609-0400 INFO  PutFileHandler Handler(tag: 51, PUT) source: /tmp/swiftwork/dakota-run004/jobs/p/prepInputs-spr3inbn-0/logs/prep.err
2017-07-28 12:39:18,609-0400 INFO  PutFileHandler Handler(tag: 51, PUT) destination: file://localhost/logs/prep.err
2017-07-28 12:39:18,609-0400 INFO  PutFileHandler Handler(tag: 51, PUT) Transfer done
2017-07-28 12:39:18,609-0400 INFO  PutFileHandler Handler(tag: 52, PUT) source: /tmp/swiftwork/dakota-run004/jobs/p/prepInputs-spr3inbn-0/logs/prep.out
2017-07-28 12:39:18,610-0400 INFO  PutFileHandler Handler(tag: 52, PUT) destination: file://localhost/logs/prep.out
2017-07-28 12:39:18,610-0400 INFO  PutFileHandler Handler(tag: 52, PUT) Transfer done
2017-07-28 12:39:18,610-0400 INFO  PutFileHandler Handler(tag: 53, PUT) source: /tmp/swiftwork/dakota-run004/jobs/p/prepInputs-spr3inbn-0/logs/dakota.out
2017-07-28 12:39:18,610-0400 INFO  PutFileHandler Handler(tag: 53, PUT) destination: file://localhost/logs/dakota.out
2017-07-28 12:39:18,610-0400 INFO  PutFileHandler Handler(tag: 53, PUT) Transfer done
2017-07-28 12:39:18,610-0400 INFO  PutFileHandler Handler(tag: 54, PUT) source: /tmp/swiftwork/dakota-run004/jobs/p/prepInputs-spr3inbn-0/_wrapper.log
2017-07-28 12:39:18,610-0400 INFO  PutFileHandler Handler(tag: 54, PUT) destination: file://localhost/run004/dakota-run004.d/prepInputs-spr3inbn-0.info
2017-07-28 12:39:18,611-0400 INFO  PutFileHandler Handler(tag: 54, PUT) Transfer done
2017-07-28 12:39:18,611-0400 INFO  PutFileHandler Handler(tag: 55, PUT) source: /tmp/swiftwork/dakota-run004/jobs/p/prepInputs-spr3inbn-0/logs/dakota.err
2017-07-28 12:39:18,611-0400 INFO  PutFileHandler Handler(tag: 55, PUT) destination: file://localhost/logs/dakota.err
2017-07-28 12:39:18,611-0400 INFO  PutFileHandler Handler(tag: 55, PUT) Transfer done
2017-07-28 12:39:18,663-0400 INFO  Execute TASK_STATUS_CHANGE taskid=task-18 status=5 Process completed with exit code 1
2017-07-28 12:39:18,665-0400 INFO  LateBindingScheduler jobs queued: 0
2017-07-28 12:39:18,666-0400 INFO  LateBindingScheduler jobs queued: 0
2017-07-28 12:39:18,667-0400 INFO  LateBindingScheduler jobs queued: 0
2017-07-28 12:39:18,668-0400 INFO  LateBindingScheduler jobs queued: 0
2017-07-28 12:39:18,669-0400 DEBUG swift APPLICATION_EXCEPTION jobid=prepInputs-spr3inbn-0 - Application exception: Application /bin/bash failed with an exit code of 1
Job failed: Process completed with exit code 1
Job failed: Process completed with exit code 1
Job failed: Process completed with exit code 1
tail: cannot open 'outputs/case0/metrics.csv' for reading: No such file or directory
Error(s) encountered reading results file work_dir/dakota_tmp.2/results.out for Evaluation 2:
-- Expected 2 function value(s) but found 0.
mkdir: cannot create directory 'results': File exists
	exception @ swift-int-staging.k, line: 182
Caused by: Process completed with exit code 1

2017-07-28 12:39:18,669-0400 INFO  swift END_FAILURE jobid=prepInputs-spr3inbn tr=prepInputs
2017-07-28 12:39:18,669-0400 INFO  swift Exception in prepInputs:
    Host: linuxpool
    Directory: dakota-run004/jobs/p/prepInputs-spr3inbn-0
	exception @ swift-int-staging.k, line: 187
	providerStaging:execute2 @ swift.k, line: 126
	executeSelect @ swift.k, line: 193
Caused by: Application /bin/bash failed with an exit code of 1
Job failed: Process completed with exit code 1
Job failed: Process completed with exit code 1
Job failed: Process completed with exit code 1
tail: cannot open 'outputs/case0/metrics.csv' for reading: No such file or directory
Error(s) encountered reading results file work_dir/dakota_tmp.2/results.out for Evaluation 2:
-- Expected 2 function value(s) but found 0.
mkdir: cannot create directory 'results': File exists
	exception @ swift-int-staging.k, line: 182
Caused by: Process completed with exit code 1

	k:assign @ swift.k, line: 157
Caused by: Exception in prepInputs:
    Host: linuxpool
    Directory: dakota-run004/jobs/p/prepInputs-spr3inbn-0
	exception @ swift-int-staging.k, line: 187
	providerStaging:execute2 @ swift.k, line: 126
	executeSelect @ swift.k, line: 193
Caused by: Application /bin/bash failed with an exit code of 1
Job failed: Process completed with exit code 1
Job failed: Process completed with exit code 1
Job failed: Process completed with exit code 1
tail: cannot open 'outputs/case0/metrics.csv' for reading: No such file or directory
Error(s) encountered reading results file work_dir/dakota_tmp.2/results.out for Evaluation 2:
-- Expected 2 function value(s) but found 0.
mkdir: cannot create directory 'results': File exists
	exception @ swift-int-staging.k, line: 182
Caused by: Process completed with exit code 1

2017-07-28 12:39:18,670-0400 DEBUG swift PROCEDURE_END line=34 thread=2-0-18-15 name=prepInputs
2017-07-28 12:39:18,670-0400 INFO  RuntimeStats$ProgressTicker HeapMax: 954728448, CrtHeap: 506462208, UsedHeap: 30526992, JVMThreads: 38
2017-07-28 12:39:18,670-0400 INFO  RuntimeStats$ProgressTicker   Failed:1
2017-07-28 12:39:18,677-0400 INFO  swift Errors detected. Cleanup not done.
2017-07-28 12:39:18,677-0400 INFO  Executor Run failed
Execution completed with errors
	throw @ swift.k, line: 112
	swift:mains @ dakota, line: 158

	at org.globus.cog.karajan.compiled.nodes.Throw.runBody(Throw.java:51)
	at org.globus.cog.karajan.compiled.nodes.InternalFunction.run(InternalFunction.java:175)
	at org.globus.cog.karajan.compiled.nodes.CompoundNode.runChild(CompoundNode.java:112)
	at org.globus.cog.karajan.compiled.nodes.Sequential.run(Sequential.java:41)
	at org.globus.cog.karajan.compiled.nodes.If.run(If.java:184)
	at org.globus.cog.karajan.compiled.nodes.CompoundNode.runChild(CompoundNode.java:112)
	at org.globus.cog.karajan.compiled.nodes.Sequential.run(Sequential.java:41)
	at org.globus.cog.karajan.compiled.nodes.user.Function.runBody(Function.java:123)
	at org.globus.cog.karajan.compiled.nodes.user.InvocationWrapper.runBody(InvocationWrapper.java:288)
	at org.globus.cog.karajan.compiled.nodes.user.InvocationWrapper.run(InvocationWrapper.java:93)
	at org.globus.cog.karajan.compiled.nodes.CompoundNode.runChild(CompoundNode.java:112)
	at org.globus.cog.karajan.compiled.nodes.Sequential.run(Sequential.java:41)
	at org.griphyn.vdl.karajan.lib.restartLog.RestartLog.runBody(RestartLog.java:104)
	at org.globus.cog.karajan.compiled.nodes.InternalFunction.run(InternalFunction.java:175)
	at org.globus.cog.karajan.compiled.nodes.CompoundNode.runChild(CompoundNode.java:112)
	at org.globus.cog.karajan.compiled.nodes.FramedInternalFunction.run(FramedInternalFunction.java:82)
	at k.thr.LWThread.run(LWThread.java:291)
	at java.util.concurrent.ThreadPoolExecutor.runWorker(ThreadPoolExecutor.java:1142)
	at java.util.concurrent.ThreadPoolExecutor$Worker.run(ThreadPoolExecutor.java:617)
	at java.lang.Thread.run(Thread.java:748)
2017-07-28 12:39:18,680-0400 INFO  Loader Swift finished with errors
2017-07-28 12:39:18,681-0400 INFO  ChannelManager Notifying peers of shutdown
