2017-07-28 13:01:22,526-0400 INFO  Loader JAVA Oracle Corporation Java HotSpot(TM) 64-Bit Server VM 1.8.0_131
2017-07-28 13:01:22,527-0400 INFO  Loader VERSION Swift trunk git-rev: 04208acc2a9af9ea900ae5c4a1d01bcc93ac07d2 heads/master 6744
2017-07-28 13:01:22,527-0400 INFO  Loader RUN_ID run010
2017-07-28 13:01:22,527-0400 INFO  Loader ARGUMENTS [-runid, run010, -logfile, /core/xinchen/workflow_dakota_3Delbow/run010/swift.log, dakota_surr.swift]
2017-07-28 13:01:22,527-0400 INFO  Loader MAX_HEAP 954728448
2017-07-28 13:01:22,527-0400 INFO  Loader GLOBUS_HOSTNAME dev.parallel.works
2017-07-28 13:01:22,527-0400 INFO  Loader CWD /core/xinchen/workflow_dakota_3Delbow/.
2017-07-28 13:01:22,529-0400 DEBUG Loader SWIFT_CONFIGURATION 
[D] /core/xinchen/swift-k/dist/swift-svn/etc/swift.conf
[R] swift.conf
[C] <Command Line>
{
	TCPPortRange: "50000, 50100"                               # [D] line 27
	alwaysTransferWrapperLog: false                            # [R] line 41
	executionRetries: 0                                        # [R] line 38
	fileOperationsThrottle: 8                                  # [D] line 121
	fileTransfersThrottle: 4                                   # [D] line 107
	hostJobSubmitThrottle: 2                                   # [D] line 95
	jobSubmitThrottle: 4                                       # [D] line 83
	keepSiteDir: true                                          # [R] line 39
	lazyErrors: true                                           # [R] line 37
	logProvenance: false                                       # [D] line 200
	maxForeachThreads: 16384                                   # [D] line 194
	providerStagingPinSwiftFiles: false                        # [R] line 40
	replicationEnabled: false                                  # [D] line 146
	replicationLimit: 3                                        # [D] line 157
	replicationMinQueueTime: 60                                # [D] line 153
	site {
		linuxpool {
			app.ALL.executable: "*"                                  # [R] line 16
			execution {
				URL: "http://52.38.246.211:4030"                        # [R] line 6
				type: "coaster-persistent"                              # [R] line 5
			}
			initialParallelTasks: 999999                             # [R] line 9
			maxParallelTasks: 999999                                 # [R] line 10
			staging: "local"                                         # [R] line 8
			workDirectory: "/tmp/swiftwork"                          # [R] line 11
		}
		local {
			app.ALL.executable: "*"                                  # [D] line 232
			execution.type: "local"                                  # [D] line 223
			filesystem.type: "local"                                 # [D] line 226
			workDirectory: "swiftwork"                               # [D] line 229
		}
	}
	sites: [linuxpool]                                         # [R] line 1
	tracingEnabled: false                                      # [D] line 51
}

2017-07-28 13:01:22,529-0400 DEBUG textfiles BEGIN SWIFTSCRIPT:
# GENERAL DAKOTA CASE RUNNER
type file;

# -- INPUT / OUTPUT DEFINITIONS
# Parallel.Works automates the creation of the Swift run command using your workflow definition
# Swift needs to pick up the run arguments with the arg() command

# inputs
#file casein         <arg("case","dakota/dakota_case.in")>;

# outputs
file outdat         <arg("dat","results/out.dat")>;
file surrdat         <arg("surr","results/surr.dat")>;
# these are external files needed by the Swift workflow
#file execute        <"runDakota.sh">;
file pts      <arg("pts","openfoam/inputs/points.dat")>;

file[] openfoam <Ext;exec="mapper.sh",root="openfoam">;
file[] dakota <Ext;exec="mapper.sh",root="dakota">;
file[] templatedir <Ext;exec="mapper.sh",root="templatedir">;
file[] templatedir_ofa <Ext;exec="mapper_ofa.sh">;

 
# -- APP DEFINITIONS


app (file sout, file serr, file surrdat ) prepInputs (file[] openfoam, file[] dakota, file outdat, file pts) {
    bash "dakota/utils/prepInputs_surr.sh" "inputs/sweepParams.run" "inputs/elbowKPI.json" ;
    bash "templatedir/start_docker_surr.sh" stdout=@sout stderr=@serr;
}

#app (file pout, file perr) tree (file[] openfoam)
#{
#    tree stdout=@pout stderr=@perr;
#}

# -- WORKFLOW COMMANDS
# this commpand runs app specified above
file sout   <"logs/surr.out">;
file serr   <"logs/surr.err">;
(sout,serr,surrdat) = prepInputs(openfoam, dakota, outdat,pts);
#(dout,derr,outdat,outhtml) = runDAKOTA(templatedir_ofa,dakota,swiftconf, inlet5_X_min, inlet5_X_max, inlet6_Y_min, inlet6_Y_max, num_cases);

#(sout,serr)=tree(openfoam);


2017-07-28 13:01:22,529-0400 DEBUG textfiles END SWIFTSCRIPT:
2017-07-28 13:01:22,530-0400 DEBUG Loader kmlversion is >03153d0c-11a0-45f9-8495-1d1a00295d88-no-provenance<
2017-07-28 13:01:22,530-0400 DEBUG Loader build version is >03153d0c-11a0-45f9-8495-1d1a00295d88-no-provenance<
2017-07-28 13:01:22,530-0400 DEBUG Loader Recompilation suppressed.
2017-07-28 13:01:22,866-0400 INFO  Loader RUN_START
2017-07-28 13:01:22,868-0400 INFO  SwiftExecutor swift.home = /core/xinchen/swift-k/dist/swift-svn
2017-07-28 13:01:22,886-0400 INFO  AbstractScheduler Setting resources to: {linuxpool=linuxpool}
2017-07-28 13:01:22,892-0400 INFO  GlobalSubmitQueue No global submit throttle set. Using default (1024)
2017-07-28 13:01:22,901-0400 INFO  LateBindingScheduler jobs queued: 0
2017-07-28 13:01:22,903-0400 INFO  LateBindingScheduler jobs queued: 0
2017-07-28 13:01:22,905-0400 INFO  LateBindingScheduler jobs queued: 0
2017-07-28 13:01:22,930-0400 INFO  RuntimeStats$ProgressTicker HeapMax: 954728448, CrtHeap: 506462208, UsedHeap: 81926984, JVMThreads: 16
2017-07-28 13:01:22,930-0400 INFO  RuntimeStats$ProgressTicker 
2017-07-28 13:01:22,942-0400 DEBUG swift PROCEDURE line=27 thread=2-0-15-12 name=prepInputs
2017-07-28 13:01:22,994-0400 DEBUG swift JOB_INIT jobid=prepInputs-bhe0jnbn tr=prepInputs
2017-07-28 13:01:22,995-0400 DEBUG swift JOB_SITE_SELECT jobid=prepInputs-bhe0jnbn-0
2017-07-28 13:01:22,998-0400 DEBUG swift THREAD_ASSOCIATION jobid=prepInputs-bhe0jnbn-0 host=linuxpool thread=2-0-15-12
2017-07-28 13:01:22,999-0400 DEBUG swift JOB_START jobid=prepInputs-bhe0jnbn-0 tr=prepInputs[bash dakota/utils/prepInputs_surr.sh inputs/sweepParams.run inputs/elbowKPI.json, bash templatedir/start_docker_surr.sh] tmpdir=dakota_surr-run010/jobs/p/prepInputs-bhe0jnbn-0
2017-07-28 13:01:23,005-0400 INFO  Execute JOB_TASK jobid=prepInputs-bhe0jnbn-0 taskid=task-15 exec=/bin/bash dir=dakota_surr-run010/jobs/p/prepInputs-bhe0jnbn-0 args=_swiftwrap.staging -d openfoam/utils|openfoam/inputs|dakota|logs|openfoam|results|dakota/utils -if openfoam/utils/writeBlockMeshDictFile.py|dakota/dakota_DOE.in|openfoam/utils/PVExtract.sh|openfoam/utils/extract.py|openfoam/utils/expandSweep.py|openfoam/runOFA.sh|openfoam/utils/makeGeom.sh|openfoam/utils/makeFoamMesh.sh|dakota/utils/dprepro|openfoam/utils/writeBoundaryFile.py|openfoam/inputs/sweepParams.run|openfoam/utils/runSim.sh|dakota/start_docker_surr.sh|openfoam/utils/data_IO.py|openfoam/inputs/pwParams.run|openfoam/inputs/points.dat|openfoam/utils/foamutils.py|dakota/utils/input_parser.py|openfoam/utils/preProcess.sh|openfoam/utils/makeFoamMesh2.sh|dakota/utils/dakota_cleanup|dakota/start_docker.sh|openfoam/utils/elbow3D_inputFile.py|openfoam/utils/pvutils.py|openfoam/utils/writeSimParamFiles.py|openfoam/inputs/elbowKPI.json|openfoam/utils/runOpenFOAM.sh|dakota/runDakota_surr.sh|openfoam/utils/killSalome.sh|results/out.dat|openfoam/utils/makeMesh.sh|dakota/utils/prepInputs_surr.sh|dakota/dakota_surr.in|dakota/utils/graph.py|dakota/utils/swift_driver|dakota/utils/graph_sensitivity.py|dakota/runDakota.sh|openfoam/inputs/openFoamCase.tar|dakota/simulator_script|dakota/utils/tree|dakota/utils/prepInputs.sh|openfoam/utils/runSimPVExtract.sh -of logs/surr.out|logs/surr.err|results/surr.dat -cf  -cdmfile  -status provider -e bash -out -err -i -a dakota/utils/prepInputs_surr.sh inputs/sweepParams.run inputs/elbowKPI.json -e bash -out logs/surr.out -err logs/surr.err -i -a templatedir/start_docker_surr.sh
2017-07-28 13:01:23,009-0400 INFO  Execute TASK_STATUS_CHANGE taskid=task-15 status=8
2017-07-28 13:01:23,022-0400 INFO  AbstractCoasterChannel TCPChannel[client, http://52.38.246.211:4030] setting name to http://52.38.246.211:4030
2017-07-28 13:01:23,027-0400 INFO  AbstractTCPChannel http://52.38.246.211:4030: channel started
2017-07-28 13:01:23,028-0400 INFO  AbstractCoasterChannel Timeout check started for http://52.38.246.211:4030
2017-07-28 13:01:23,030-0400 INFO  AbstractStreamCoasterChannel Using NIO sender for http://52.38.246.211:4030
2017-07-28 13:01:23,159-0400 INFO  Execute TASK_STATUS_CHANGE taskid=task-15 status=1
2017-07-28 13:01:23,165-0400 INFO  Execute TASK_STATUS_CHANGE taskid=task-15 status=16 workerid=local:000000
2017-07-28 13:01:23,166-0400 INFO  GetFileHandler Handler(tag: 4, GET) request complete; src=file://localhost/dakota/dakota_surr.in
2017-07-28 13:01:23,169-0400 INFO  GetFileHandler Handler(tag: 4, GET) reader: LR-Handler(tag: 4, GET)
2017-07-28 13:01:23,169-0400 INFO  GetFileHandler Handler(tag: 4, GET) sending length: 1979, 435454617
2017-07-28 13:01:23,173-0400 INFO  ReadBuffer RB-LR-Handler(tag: 4, GET) will ask for 1 buffers for a size of 1979
2017-07-28 13:01:23,173-0400 INFO  ReadBuffer RB-LR-Handler(tag: 4, GET) actual allocated buffers 1(0 queued)
2017-07-28 13:01:23,173-0400 INFO  LocalIOProvider LR-Handler(tag: 4, GET) rbuf: RB-LR-Handler(tag: 4, GET)
2017-07-28 13:01:23,174-0400 INFO  GetFileHandler Handler(tag: 4, GET) unregistering (last)
2017-07-28 13:01:23,174-0400 INFO  ReadBuffer RB-LR-Handler(tag: -1, GET) de-allocating 1 buffers
2017-07-28 13:01:23,219-0400 INFO  GetFileHandler Handler(tag: 5, GET) request complete; src=file://localhost/dakota/start_docker_surr.sh
2017-07-28 13:01:23,219-0400 INFO  GetFileHandler Handler(tag: 5, GET) reader: LR-Handler(tag: 5, GET)
2017-07-28 13:01:23,219-0400 INFO  GetFileHandler Handler(tag: 5, GET) sending length: 180, 286245595
2017-07-28 13:01:23,220-0400 INFO  ReadBuffer RB-LR-Handler(tag: 5, GET) will ask for 1 buffers for a size of 180
2017-07-28 13:01:23,220-0400 INFO  ReadBuffer RB-LR-Handler(tag: 5, GET) actual allocated buffers 1(0 queued)
2017-07-28 13:01:23,220-0400 INFO  LocalIOProvider LR-Handler(tag: 5, GET) rbuf: RB-LR-Handler(tag: 5, GET)
2017-07-28 13:01:23,220-0400 INFO  GetFileHandler Handler(tag: 5, GET) unregistering (last)
2017-07-28 13:01:23,220-0400 INFO  ReadBuffer RB-LR-Handler(tag: -1, GET) de-allocating 1 buffers
2017-07-28 13:01:23,299-0400 INFO  GetFileHandler Handler(tag: 6, GET) request complete; src=file://localhost/openfoam/utils/expandSweep.py
2017-07-28 13:01:23,299-0400 INFO  GetFileHandler Handler(tag: 6, GET) reader: LR-Handler(tag: 6, GET)
2017-07-28 13:01:23,299-0400 INFO  GetFileHandler Handler(tag: 6, GET) sending length: 1557, 1941604623
2017-07-28 13:01:23,299-0400 INFO  ReadBuffer RB-LR-Handler(tag: 6, GET) will ask for 1 buffers for a size of 1557
2017-07-28 13:01:23,299-0400 INFO  ReadBuffer RB-LR-Handler(tag: 6, GET) actual allocated buffers 1(0 queued)
2017-07-28 13:01:23,299-0400 INFO  LocalIOProvider LR-Handler(tag: 6, GET) rbuf: RB-LR-Handler(tag: 6, GET)
2017-07-28 13:01:23,300-0400 INFO  GetFileHandler Handler(tag: 6, GET) unregistering (last)
2017-07-28 13:01:23,300-0400 INFO  ReadBuffer RB-LR-Handler(tag: -1, GET) de-allocating 1 buffers
2017-07-28 13:01:23,339-0400 INFO  GetFileHandler Handler(tag: 7, GET) request complete; src=file://localhost/openfoam/utils/makeFoamMesh.sh
2017-07-28 13:01:23,339-0400 INFO  GetFileHandler Handler(tag: 7, GET) reader: LR-Handler(tag: 7, GET)
2017-07-28 13:01:23,339-0400 INFO  GetFileHandler Handler(tag: 7, GET) sending length: 1438, 285068612
2017-07-28 13:01:23,339-0400 INFO  ReadBuffer RB-LR-Handler(tag: 7, GET) will ask for 1 buffers for a size of 1438
2017-07-28 13:01:23,339-0400 INFO  ReadBuffer RB-LR-Handler(tag: 7, GET) actual allocated buffers 1(0 queued)
2017-07-28 13:01:23,339-0400 INFO  LocalIOProvider LR-Handler(tag: 7, GET) rbuf: RB-LR-Handler(tag: 7, GET)
2017-07-28 13:01:23,340-0400 INFO  GetFileHandler Handler(tag: 7, GET) unregistering (last)
2017-07-28 13:01:23,340-0400 INFO  ReadBuffer RB-LR-Handler(tag: -1, GET) de-allocating 1 buffers
2017-07-28 13:01:23,379-0400 INFO  GetFileHandler Handler(tag: 8, GET) request complete; src=file://localhost/dakota/start_docker.sh
2017-07-28 13:01:23,379-0400 INFO  GetFileHandler Handler(tag: 8, GET) reader: LR-Handler(tag: 8, GET)
2017-07-28 13:01:23,379-0400 INFO  GetFileHandler Handler(tag: 8, GET) sending length: 172, 573760537
2017-07-28 13:01:23,379-0400 INFO  ReadBuffer RB-LR-Handler(tag: 8, GET) will ask for 1 buffers for a size of 172
2017-07-28 13:01:23,379-0400 INFO  ReadBuffer RB-LR-Handler(tag: 8, GET) actual allocated buffers 1(0 queued)
2017-07-28 13:01:23,379-0400 INFO  LocalIOProvider LR-Handler(tag: 8, GET) rbuf: RB-LR-Handler(tag: 8, GET)
2017-07-28 13:01:23,380-0400 INFO  GetFileHandler Handler(tag: 8, GET) unregistering (last)
2017-07-28 13:01:23,380-0400 INFO  ReadBuffer RB-LR-Handler(tag: -1, GET) de-allocating 1 buffers
2017-07-28 13:01:23,459-0400 INFO  GetFileHandler Handler(tag: 9, GET) request complete; src=file://localhost/dakota/utils/input_parser.py
2017-07-28 13:01:23,459-0400 INFO  GetFileHandler Handler(tag: 9, GET) reader: LR-Handler(tag: 9, GET)
2017-07-28 13:01:23,459-0400 INFO  GetFileHandler Handler(tag: 9, GET) sending length: 3231, 2105211649
2017-07-28 13:01:23,459-0400 INFO  ReadBuffer RB-LR-Handler(tag: 9, GET) will ask for 1 buffers for a size of 3231
2017-07-28 13:01:23,459-0400 INFO  ReadBuffer RB-LR-Handler(tag: 9, GET) actual allocated buffers 1(0 queued)
2017-07-28 13:01:23,459-0400 INFO  LocalIOProvider LR-Handler(tag: 9, GET) rbuf: RB-LR-Handler(tag: 9, GET)
2017-07-28 13:01:23,460-0400 INFO  GetFileHandler Handler(tag: 9, GET) unregistering (last)
2017-07-28 13:01:23,460-0400 INFO  ReadBuffer RB-LR-Handler(tag: -1, GET) de-allocating 1 buffers
2017-07-28 13:01:23,499-0400 INFO  GetFileHandler Handler(tag: 10, GET) request complete; src=file://localhost/openfoam/utils/foamutils.py
2017-07-28 13:01:23,499-0400 INFO  GetFileHandler Handler(tag: 10, GET) reader: LR-Handler(tag: 10, GET)
2017-07-28 13:01:23,499-0400 INFO  GetFileHandler Handler(tag: 10, GET) sending length: 4224, 1924833436
2017-07-28 13:01:23,499-0400 INFO  ReadBuffer RB-LR-Handler(tag: 10, GET) will ask for 1 buffers for a size of 4224
2017-07-28 13:01:23,499-0400 INFO  ReadBuffer RB-LR-Handler(tag: 10, GET) actual allocated buffers 1(0 queued)
2017-07-28 13:01:23,500-0400 INFO  LocalIOProvider LR-Handler(tag: 10, GET) rbuf: RB-LR-Handler(tag: 10, GET)
2017-07-28 13:01:23,500-0400 INFO  GetFileHandler Handler(tag: 10, GET) unregistering (last)
2017-07-28 13:01:23,500-0400 INFO  ReadBuffer RB-LR-Handler(tag: -1, GET) de-allocating 1 buffers
2017-07-28 13:01:23,543-0400 INFO  GetFileHandler Handler(tag: 11, GET) request complete; src=file://localhost/openfoam/utils/runOpenFOAM.sh
2017-07-28 13:01:23,543-0400 INFO  GetFileHandler Handler(tag: 11, GET) reader: LR-Handler(tag: 11, GET)
2017-07-28 13:01:23,543-0400 INFO  GetFileHandler Handler(tag: 11, GET) sending length: 716, 1194372757
2017-07-28 13:01:23,543-0400 INFO  ReadBuffer RB-LR-Handler(tag: 11, GET) will ask for 1 buffers for a size of 716
2017-07-28 13:01:23,543-0400 INFO  ReadBuffer RB-LR-Handler(tag: 11, GET) actual allocated buffers 1(0 queued)
2017-07-28 13:01:23,543-0400 INFO  LocalIOProvider LR-Handler(tag: 11, GET) rbuf: RB-LR-Handler(tag: 11, GET)
2017-07-28 13:01:23,544-0400 INFO  GetFileHandler Handler(tag: 11, GET) unregistering (last)
2017-07-28 13:01:23,544-0400 INFO  ReadBuffer RB-LR-Handler(tag: -1, GET) de-allocating 1 buffers
2017-07-28 13:01:23,643-0400 INFO  GetFileHandler Handler(tag: 12, GET) request complete; src=file://localhost/dakota/dakota_DOE.in
2017-07-28 13:01:23,643-0400 INFO  GetFileHandler Handler(tag: 12, GET) reader: LR-Handler(tag: 12, GET)
2017-07-28 13:01:23,643-0400 INFO  GetFileHandler Handler(tag: 12, GET) sending length: 1665, 1261284533
2017-07-28 13:01:23,643-0400 INFO  ReadBuffer RB-LR-Handler(tag: 12, GET) will ask for 1 buffers for a size of 1665
2017-07-28 13:01:23,643-0400 INFO  ReadBuffer RB-LR-Handler(tag: 12, GET) actual allocated buffers 1(0 queued)
2017-07-28 13:01:23,643-0400 INFO  LocalIOProvider LR-Handler(tag: 12, GET) rbuf: RB-LR-Handler(tag: 12, GET)
2017-07-28 13:01:23,644-0400 INFO  GetFileHandler Handler(tag: 12, GET) unregistering (last)
2017-07-28 13:01:23,644-0400 INFO  ReadBuffer RB-LR-Handler(tag: -1, GET) de-allocating 1 buffers
2017-07-28 13:01:23,703-0400 INFO  GetFileHandler Handler(tag: 13, GET) request complete; src=file://localhost/openfoam/utils/runSim.sh
2017-07-28 13:01:23,703-0400 INFO  GetFileHandler Handler(tag: 13, GET) reader: LR-Handler(tag: 13, GET)
2017-07-28 13:01:23,703-0400 INFO  GetFileHandler Handler(tag: 13, GET) sending length: 1080, 590325588
2017-07-28 13:01:23,704-0400 INFO  ReadBuffer RB-LR-Handler(tag: 13, GET) will ask for 1 buffers for a size of 1080
2017-07-28 13:01:23,704-0400 INFO  ReadBuffer RB-LR-Handler(tag: 13, GET) actual allocated buffers 1(0 queued)
2017-07-28 13:01:23,704-0400 INFO  LocalIOProvider LR-Handler(tag: 13, GET) rbuf: RB-LR-Handler(tag: 13, GET)
2017-07-28 13:01:23,709-0400 INFO  GetFileHandler Handler(tag: 13, GET) unregistering (last)
2017-07-28 13:01:23,709-0400 INFO  ReadBuffer RB-LR-Handler(tag: -1, GET) de-allocating 1 buffers
2017-07-28 13:01:23,783-0400 INFO  GetFileHandler Handler(tag: 14, GET) request complete; src=file://localhost/openfoam/inputs/elbowKPI.json
2017-07-28 13:01:23,784-0400 INFO  GetFileHandler Handler(tag: 14, GET) reader: LR-Handler(tag: 14, GET)
2017-07-28 13:01:23,784-0400 INFO  GetFileHandler Handler(tag: 14, GET) sending length: 1211, 1262788349
2017-07-28 13:01:23,784-0400 INFO  ReadBuffer RB-LR-Handler(tag: 14, GET) will ask for 1 buffers for a size of 1211
2017-07-28 13:01:23,784-0400 INFO  ReadBuffer RB-LR-Handler(tag: 14, GET) actual allocated buffers 1(0 queued)
2017-07-28 13:01:23,784-0400 INFO  LocalIOProvider LR-Handler(tag: 14, GET) rbuf: RB-LR-Handler(tag: 14, GET)
2017-07-28 13:01:23,784-0400 INFO  GetFileHandler Handler(tag: 14, GET) unregistering (last)
2017-07-28 13:01:23,784-0400 INFO  ReadBuffer RB-LR-Handler(tag: -1, GET) de-allocating 1 buffers
2017-07-28 13:01:23,863-0400 INFO  GetFileHandler Handler(tag: 15, GET) request complete; src=file://localhost/openfoam/utils/preProcess.sh
2017-07-28 13:01:23,863-0400 INFO  GetFileHandler Handler(tag: 15, GET) reader: LR-Handler(tag: 15, GET)
2017-07-28 13:01:23,863-0400 INFO  GetFileHandler Handler(tag: 15, GET) sending length: 2290, 1002935916
2017-07-28 13:01:23,864-0400 INFO  ReadBuffer RB-LR-Handler(tag: 15, GET) will ask for 1 buffers for a size of 2290
2017-07-28 13:01:23,864-0400 INFO  ReadBuffer RB-LR-Handler(tag: 15, GET) actual allocated buffers 1(0 queued)
2017-07-28 13:01:23,864-0400 INFO  LocalIOProvider LR-Handler(tag: 15, GET) rbuf: RB-LR-Handler(tag: 15, GET)
2017-07-28 13:01:23,864-0400 INFO  GetFileHandler Handler(tag: 15, GET) unregistering (last)
2017-07-28 13:01:23,864-0400 INFO  ReadBuffer RB-LR-Handler(tag: -1, GET) de-allocating 1 buffers
2017-07-28 13:01:23,904-0400 INFO  GetFileHandler Handler(tag: 16, GET) request complete; src=file://localhost/openfoam/utils/makeGeom.sh
2017-07-28 13:01:23,904-0400 INFO  GetFileHandler Handler(tag: 16, GET) reader: LR-Handler(tag: 16, GET)
2017-07-28 13:01:23,904-0400 INFO  GetFileHandler Handler(tag: 16, GET) sending length: 1574, 1869977332
2017-07-28 13:01:23,904-0400 INFO  ReadBuffer RB-LR-Handler(tag: 16, GET) will ask for 1 buffers for a size of 1574
2017-07-28 13:01:23,904-0400 INFO  ReadBuffer RB-LR-Handler(tag: 16, GET) actual allocated buffers 1(0 queued)
2017-07-28 13:01:23,904-0400 INFO  LocalIOProvider LR-Handler(tag: 16, GET) rbuf: RB-LR-Handler(tag: 16, GET)
2017-07-28 13:01:23,904-0400 INFO  GetFileHandler Handler(tag: 16, GET) unregistering (last)
2017-07-28 13:01:23,904-0400 INFO  ReadBuffer RB-LR-Handler(tag: -1, GET) de-allocating 1 buffers
2017-07-28 13:01:23,931-0400 INFO  RuntimeStats$ProgressTicker HeapMax: 954728448, CrtHeap: 506462208, UsedHeap: 132120576, JVMThreads: 34
2017-07-28 13:01:23,932-0400 INFO  RuntimeStats$ProgressTicker   Stage in:1
2017-07-28 13:01:23,943-0400 INFO  GetFileHandler Handler(tag: 17, GET) request complete; src=file://localhost/dakota/utils/swift_driver
2017-07-28 13:01:23,943-0400 INFO  GetFileHandler Handler(tag: 17, GET) reader: LR-Handler(tag: 17, GET)
2017-07-28 13:01:23,943-0400 INFO  GetFileHandler Handler(tag: 17, GET) sending length: 674, 1775183009
2017-07-28 13:01:23,944-0400 INFO  ReadBuffer RB-LR-Handler(tag: 17, GET) will ask for 1 buffers for a size of 674
2017-07-28 13:01:23,944-0400 INFO  ReadBuffer RB-LR-Handler(tag: 17, GET) actual allocated buffers 1(0 queued)
2017-07-28 13:01:23,944-0400 INFO  LocalIOProvider LR-Handler(tag: 17, GET) rbuf: RB-LR-Handler(tag: 17, GET)
2017-07-28 13:01:23,944-0400 INFO  GetFileHandler Handler(tag: 17, GET) unregistering (last)
2017-07-28 13:01:23,944-0400 INFO  ReadBuffer RB-LR-Handler(tag: -1, GET) de-allocating 1 buffers
2017-07-28 13:01:24,027-0400 INFO  GetFileHandler Handler(tag: 18, GET) request complete; src=file://localhost/dakota/simulator_script
2017-07-28 13:01:24,028-0400 INFO  GetFileHandler Handler(tag: 18, GET) reader: LR-Handler(tag: 18, GET)
2017-07-28 13:01:24,028-0400 INFO  GetFileHandler Handler(tag: 18, GET) sending length: 1813, 1622599877
2017-07-28 13:01:24,028-0400 INFO  ReadBuffer RB-LR-Handler(tag: 18, GET) will ask for 1 buffers for a size of 1813
2017-07-28 13:01:24,028-0400 INFO  ReadBuffer RB-LR-Handler(tag: 18, GET) actual allocated buffers 1(0 queued)
2017-07-28 13:01:24,028-0400 INFO  LocalIOProvider LR-Handler(tag: 18, GET) rbuf: RB-LR-Handler(tag: 18, GET)
2017-07-28 13:01:24,028-0400 INFO  GetFileHandler Handler(tag: 18, GET) unregistering (last)
2017-07-28 13:01:24,028-0400 INFO  ReadBuffer RB-LR-Handler(tag: -1, GET) de-allocating 1 buffers
2017-07-28 13:01:24,088-0400 INFO  GetFileHandler Handler(tag: 19, GET) request complete; src=file://localhost/openfoam/runOFA.sh
2017-07-28 13:01:24,088-0400 INFO  GetFileHandler Handler(tag: 19, GET) reader: LR-Handler(tag: 19, GET)
2017-07-28 13:01:24,088-0400 INFO  GetFileHandler Handler(tag: 19, GET) sending length: 887, 1623948439
2017-07-28 13:01:24,088-0400 INFO  ReadBuffer RB-LR-Handler(tag: 19, GET) will ask for 1 buffers for a size of 887
2017-07-28 13:01:24,088-0400 INFO  ReadBuffer RB-LR-Handler(tag: 19, GET) actual allocated buffers 1(0 queued)
2017-07-28 13:01:24,088-0400 INFO  LocalIOProvider LR-Handler(tag: 19, GET) rbuf: RB-LR-Handler(tag: 19, GET)
2017-07-28 13:01:24,088-0400 INFO  GetFileHandler Handler(tag: 19, GET) unregistering (last)
2017-07-28 13:01:24,088-0400 INFO  ReadBuffer RB-LR-Handler(tag: -1, GET) de-allocating 1 buffers
2017-07-28 13:01:24,168-0400 INFO  GetFileHandler Handler(tag: 20, GET) request complete; src=file://localhost/results/out.dat
2017-07-28 13:01:24,168-0400 INFO  GetFileHandler Handler(tag: 20, GET) reader: LR-Handler(tag: 20, GET)
2017-07-28 13:01:24,168-0400 INFO  GetFileHandler Handler(tag: 20, GET) sending length: 771, 784865278
2017-07-28 13:01:24,168-0400 INFO  ReadBuffer RB-LR-Handler(tag: 20, GET) will ask for 1 buffers for a size of 771
2017-07-28 13:01:24,168-0400 INFO  ReadBuffer RB-LR-Handler(tag: 20, GET) actual allocated buffers 1(0 queued)
2017-07-28 13:01:24,168-0400 INFO  LocalIOProvider LR-Handler(tag: 20, GET) rbuf: RB-LR-Handler(tag: 20, GET)
2017-07-28 13:01:24,168-0400 INFO  GetFileHandler Handler(tag: 20, GET) unregistering (last)
2017-07-28 13:01:24,168-0400 INFO  ReadBuffer RB-LR-Handler(tag: -1, GET) de-allocating 1 buffers
2017-07-28 13:01:24,247-0400 INFO  GetFileHandler Handler(tag: 21, GET) request complete; src=file://localhost/openfoam/utils/writeBlockMeshDictFile.py
2017-07-28 13:01:24,247-0400 INFO  GetFileHandler Handler(tag: 21, GET) reader: LR-Handler(tag: 21, GET)
2017-07-28 13:01:24,247-0400 INFO  GetFileHandler Handler(tag: 21, GET) sending length: 2459, 1243343056
2017-07-28 13:01:24,248-0400 INFO  ReadBuffer RB-LR-Handler(tag: 21, GET) will ask for 1 buffers for a size of 2459
2017-07-28 13:01:24,248-0400 INFO  ReadBuffer RB-LR-Handler(tag: 21, GET) actual allocated buffers 1(0 queued)
2017-07-28 13:01:24,248-0400 INFO  LocalIOProvider LR-Handler(tag: 21, GET) rbuf: RB-LR-Handler(tag: 21, GET)
2017-07-28 13:01:24,248-0400 INFO  GetFileHandler Handler(tag: 21, GET) unregistering (last)
2017-07-28 13:01:24,248-0400 INFO  ReadBuffer RB-LR-Handler(tag: -1, GET) de-allocating 1 buffers
2017-07-28 13:01:24,287-0400 INFO  GetFileHandler Handler(tag: 22, GET) request complete; src=file://localhost/openfoam/utils/makeFoamMesh2.sh
2017-07-28 13:01:24,287-0400 INFO  GetFileHandler Handler(tag: 22, GET) reader: LR-Handler(tag: 22, GET)
2017-07-28 13:01:24,288-0400 INFO  GetFileHandler Handler(tag: 22, GET) sending length: 1826, 1908347629
2017-07-28 13:01:24,288-0400 INFO  ReadBuffer RB-LR-Handler(tag: 22, GET) will ask for 1 buffers for a size of 1826
2017-07-28 13:01:24,288-0400 INFO  ReadBuffer RB-LR-Handler(tag: 22, GET) actual allocated buffers 1(0 queued)
2017-07-28 13:01:24,288-0400 INFO  LocalIOProvider LR-Handler(tag: 22, GET) rbuf: RB-LR-Handler(tag: 22, GET)
2017-07-28 13:01:24,288-0400 INFO  GetFileHandler Handler(tag: 22, GET) unregistering (last)
2017-07-28 13:01:24,288-0400 INFO  ReadBuffer RB-LR-Handler(tag: -1, GET) de-allocating 1 buffers
2017-07-28 13:01:24,327-0400 INFO  GetFileHandler Handler(tag: 23, GET) request complete; src=file://localhost/dakota/utils/dakota_cleanup
2017-07-28 13:01:24,327-0400 INFO  GetFileHandler Handler(tag: 23, GET) reader: LR-Handler(tag: 23, GET)
2017-07-28 13:01:24,327-0400 INFO  GetFileHandler Handler(tag: 23, GET) sending length: 110, 1838995799
2017-07-28 13:01:24,328-0400 INFO  ReadBuffer RB-LR-Handler(tag: 23, GET) will ask for 1 buffers for a size of 110
2017-07-28 13:01:24,328-0400 INFO  ReadBuffer RB-LR-Handler(tag: 23, GET) actual allocated buffers 1(0 queued)
2017-07-28 13:01:24,328-0400 INFO  LocalIOProvider LR-Handler(tag: 23, GET) rbuf: RB-LR-Handler(tag: 23, GET)
2017-07-28 13:01:24,328-0400 INFO  GetFileHandler Handler(tag: 23, GET) unregistering (last)
2017-07-28 13:01:24,328-0400 INFO  ReadBuffer RB-LR-Handler(tag: -1, GET) de-allocating 1 buffers
2017-07-28 13:01:24,411-0400 INFO  GetFileHandler Handler(tag: 24, GET) request complete; src=file://localhost/openfoam/utils/data_IO.py
2017-07-28 13:01:24,411-0400 INFO  GetFileHandler Handler(tag: 24, GET) reader: LR-Handler(tag: 24, GET)
2017-07-28 13:01:24,411-0400 INFO  GetFileHandler Handler(tag: 24, GET) sending length: 4928, 1337500081
2017-07-28 13:01:24,412-0400 INFO  ReadBuffer RB-LR-Handler(tag: 24, GET) will ask for 1 buffers for a size of 4928
2017-07-28 13:01:24,412-0400 INFO  ReadBuffer RB-LR-Handler(tag: 24, GET) actual allocated buffers 1(0 queued)
2017-07-28 13:01:24,412-0400 INFO  LocalIOProvider LR-Handler(tag: 24, GET) rbuf: RB-LR-Handler(tag: 24, GET)
2017-07-28 13:01:24,412-0400 INFO  GetFileHandler Handler(tag: 24, GET) unregistering (last)
2017-07-28 13:01:24,412-0400 INFO  ReadBuffer RB-LR-Handler(tag: -1, GET) de-allocating 1 buffers
2017-07-28 13:01:24,471-0400 INFO  GetFileHandler Handler(tag: 25, GET) request complete; src=file://localhost/openfoam/utils/killSalome.sh
2017-07-28 13:01:24,471-0400 INFO  GetFileHandler Handler(tag: 25, GET) reader: LR-Handler(tag: 25, GET)
2017-07-28 13:01:24,471-0400 INFO  GetFileHandler Handler(tag: 25, GET) sending length: 749, 460393819
2017-07-28 13:01:24,472-0400 INFO  ReadBuffer RB-LR-Handler(tag: 25, GET) will ask for 1 buffers for a size of 749
2017-07-28 13:01:24,472-0400 INFO  ReadBuffer RB-LR-Handler(tag: 25, GET) actual allocated buffers 1(0 queued)
2017-07-28 13:01:24,472-0400 INFO  LocalIOProvider LR-Handler(tag: 25, GET) rbuf: RB-LR-Handler(tag: 25, GET)
2017-07-28 13:01:24,472-0400 INFO  GetFileHandler Handler(tag: 25, GET) unregistering (last)
2017-07-28 13:01:24,472-0400 INFO  ReadBuffer RB-LR-Handler(tag: -1, GET) de-allocating 1 buffers
2017-07-28 13:01:24,571-0400 INFO  GetFileHandler Handler(tag: 26, GET) request complete; src=file://localhost/openfoam/utils/runSimPVExtract.sh
2017-07-28 13:01:24,571-0400 INFO  GetFileHandler Handler(tag: 26, GET) reader: LR-Handler(tag: 26, GET)
2017-07-28 13:01:24,571-0400 INFO  GetFileHandler Handler(tag: 26, GET) sending length: 1224, 402724172
2017-07-28 13:01:24,571-0400 INFO  ReadBuffer RB-LR-Handler(tag: 26, GET) will ask for 1 buffers for a size of 1224
2017-07-28 13:01:24,572-0400 INFO  ReadBuffer RB-LR-Handler(tag: 26, GET) actual allocated buffers 1(0 queued)
2017-07-28 13:01:24,572-0400 INFO  LocalIOProvider LR-Handler(tag: 26, GET) rbuf: RB-LR-Handler(tag: 26, GET)
2017-07-28 13:01:24,572-0400 INFO  GetFileHandler Handler(tag: 26, GET) unregistering (last)
2017-07-28 13:01:24,572-0400 INFO  ReadBuffer RB-LR-Handler(tag: -1, GET) de-allocating 1 buffers
2017-07-28 13:01:24,651-0400 INFO  GetFileHandler Handler(tag: 27, GET) request complete; src=file://localhost/openfoam/utils/PVExtract.sh
2017-07-28 13:01:24,651-0400 INFO  GetFileHandler Handler(tag: 27, GET) reader: LR-Handler(tag: 27, GET)
2017-07-28 13:01:24,651-0400 INFO  GetFileHandler Handler(tag: 27, GET) sending length: 1492, 2048344801
2017-07-28 13:01:24,652-0400 INFO  ReadBuffer RB-LR-Handler(tag: 27, GET) will ask for 1 buffers for a size of 1492
2017-07-28 13:01:24,652-0400 INFO  ReadBuffer RB-LR-Handler(tag: 27, GET) actual allocated buffers 1(0 queued)
2017-07-28 13:01:24,652-0400 INFO  LocalIOProvider LR-Handler(tag: 27, GET) rbuf: RB-LR-Handler(tag: 27, GET)
2017-07-28 13:01:24,652-0400 INFO  GetFileHandler Handler(tag: 27, GET) unregistering (last)
2017-07-28 13:01:24,652-0400 INFO  ReadBuffer RB-LR-Handler(tag: -1, GET) de-allocating 1 buffers
2017-07-28 13:01:24,691-0400 INFO  GetFileHandler Handler(tag: 28, GET) request complete; src=file://localhost/openfoam/inputs/points.dat
2017-07-28 13:01:24,691-0400 INFO  GetFileHandler Handler(tag: 28, GET) reader: LR-Handler(tag: 28, GET)
2017-07-28 13:01:24,691-0400 INFO  GetFileHandler Handler(tag: 28, GET) sending length: 40, 212398344
2017-07-28 13:01:24,691-0400 INFO  ReadBuffer RB-LR-Handler(tag: 28, GET) will ask for 1 buffers for a size of 40
2017-07-28 13:01:24,691-0400 INFO  ReadBuffer RB-LR-Handler(tag: 28, GET) actual allocated buffers 1(0 queued)
2017-07-28 13:01:24,691-0400 INFO  LocalIOProvider LR-Handler(tag: 28, GET) rbuf: RB-LR-Handler(tag: 28, GET)
2017-07-28 13:01:24,692-0400 INFO  GetFileHandler Handler(tag: 28, GET) unregistering (last)
2017-07-28 13:01:24,692-0400 INFO  ReadBuffer RB-LR-Handler(tag: -1, GET) de-allocating 1 buffers
2017-07-28 13:01:24,771-0400 INFO  GetFileHandler Handler(tag: 29, GET) request complete; src=file://localhost/openfoam/utils/makeMesh.sh
2017-07-28 13:01:24,771-0400 INFO  GetFileHandler Handler(tag: 29, GET) reader: LR-Handler(tag: 29, GET)
2017-07-28 13:01:24,771-0400 INFO  GetFileHandler Handler(tag: 29, GET) sending length: 2454, 1508400446
2017-07-28 13:01:24,771-0400 INFO  ReadBuffer RB-LR-Handler(tag: 29, GET) will ask for 1 buffers for a size of 2454
2017-07-28 13:01:24,772-0400 INFO  ReadBuffer RB-LR-Handler(tag: 29, GET) actual allocated buffers 1(0 queued)
2017-07-28 13:01:24,772-0400 INFO  LocalIOProvider LR-Handler(tag: 29, GET) rbuf: RB-LR-Handler(tag: 29, GET)
2017-07-28 13:01:24,772-0400 INFO  GetFileHandler Handler(tag: 29, GET) unregistering (last)
2017-07-28 13:01:24,772-0400 INFO  ReadBuffer RB-LR-Handler(tag: -1, GET) de-allocating 1 buffers
2017-07-28 13:01:24,811-0400 INFO  GetFileHandler Handler(tag: 30, GET) request complete; src=file://localhost/openfoam/utils/writeBoundaryFile.py
2017-07-28 13:01:24,811-0400 INFO  GetFileHandler Handler(tag: 30, GET) reader: LR-Handler(tag: 30, GET)
2017-07-28 13:01:24,812-0400 INFO  GetFileHandler Handler(tag: 30, GET) sending length: 1679, 393223742
2017-07-28 13:01:24,812-0400 INFO  ReadBuffer RB-LR-Handler(tag: 30, GET) will ask for 1 buffers for a size of 1679
2017-07-28 13:01:24,812-0400 INFO  ReadBuffer RB-LR-Handler(tag: 30, GET) actual allocated buffers 1(0 queued)
2017-07-28 13:01:24,812-0400 INFO  LocalIOProvider LR-Handler(tag: 30, GET) rbuf: RB-LR-Handler(tag: 30, GET)
2017-07-28 13:01:24,812-0400 INFO  GetFileHandler Handler(tag: 30, GET) unregistering (last)
2017-07-28 13:01:24,812-0400 INFO  ReadBuffer RB-LR-Handler(tag: -1, GET) de-allocating 1 buffers
2017-07-28 13:01:24,851-0400 INFO  GetFileHandler Handler(tag: 31, GET) request complete; src=file://localhost/openfoam/inputs/pwParams.run
2017-07-28 13:01:24,851-0400 INFO  GetFileHandler Handler(tag: 31, GET) reader: LR-Handler(tag: 31, GET)
2017-07-28 13:01:24,852-0400 INFO  GetFileHandler Handler(tag: 31, GET) sending length: 222, 1438523427
2017-07-28 13:01:24,852-0400 INFO  ReadBuffer RB-LR-Handler(tag: 31, GET) will ask for 1 buffers for a size of 222
2017-07-28 13:01:24,852-0400 INFO  ReadBuffer RB-LR-Handler(tag: 31, GET) actual allocated buffers 1(0 queued)
2017-07-28 13:01:24,852-0400 INFO  LocalIOProvider LR-Handler(tag: 31, GET) rbuf: RB-LR-Handler(tag: 31, GET)
2017-07-28 13:01:24,852-0400 INFO  GetFileHandler Handler(tag: 31, GET) unregistering (last)
2017-07-28 13:01:24,852-0400 INFO  ReadBuffer RB-LR-Handler(tag: -1, GET) de-allocating 1 buffers
2017-07-28 13:01:24,932-0400 INFO  RuntimeStats$ProgressTicker HeapMax: 954728448, CrtHeap: 506462208, UsedHeap: 132120576, JVMThreads: 34
2017-07-28 13:01:24,935-0400 INFO  GetFileHandler Handler(tag: 32, GET) request complete; src=file://localhost//core/xinchen/swift-k/dist/swift-svn/libexec/_swiftwrap.staging
2017-07-28 13:01:24,936-0400 INFO  GetFileHandler Handler(tag: 32, GET) reader: LR-Handler(tag: 32, GET)
2017-07-28 13:01:24,936-0400 INFO  GetFileHandler Handler(tag: 32, GET) sending length: 15067, 1108590660
2017-07-28 13:01:24,936-0400 INFO  ReadBuffer RB-LR-Handler(tag: 32, GET) will ask for 1 buffers for a size of 15067
2017-07-28 13:01:24,936-0400 INFO  ReadBuffer RB-LR-Handler(tag: 32, GET) actual allocated buffers 1(0 queued)
2017-07-28 13:01:24,936-0400 INFO  LocalIOProvider LR-Handler(tag: 32, GET) rbuf: RB-LR-Handler(tag: 32, GET)
2017-07-28 13:01:24,936-0400 INFO  GetFileHandler Handler(tag: 32, GET) unregistering (last)
2017-07-28 13:01:24,936-0400 INFO  ReadBuffer RB-LR-Handler(tag: -1, GET) de-allocating 1 buffers
2017-07-28 13:01:25,015-0400 INFO  GetFileHandler Handler(tag: 33, GET) request complete; src=file://localhost/dakota/utils/dprepro
2017-07-28 13:01:25,015-0400 INFO  GetFileHandler Handler(tag: 33, GET) reader: LR-Handler(tag: 33, GET)
2017-07-28 13:01:25,015-0400 INFO  GetFileHandler Handler(tag: 33, GET) sending length: 12889, 208527442
2017-07-28 13:01:25,016-0400 INFO  ReadBuffer RB-LR-Handler(tag: 33, GET) will ask for 1 buffers for a size of 12889
2017-07-28 13:01:25,016-0400 INFO  ReadBuffer RB-LR-Handler(tag: 33, GET) actual allocated buffers 1(0 queued)
2017-07-28 13:01:25,016-0400 INFO  LocalIOProvider LR-Handler(tag: 33, GET) rbuf: RB-LR-Handler(tag: 33, GET)
2017-07-28 13:01:25,016-0400 INFO  GetFileHandler Handler(tag: 33, GET) unregistering (last)
2017-07-28 13:01:25,016-0400 INFO  ReadBuffer RB-LR-Handler(tag: -1, GET) de-allocating 1 buffers
2017-07-28 13:01:25,095-0400 INFO  GetFileHandler Handler(tag: 34, GET) request complete; src=file://localhost/openfoam/utils/pvutils.py
2017-07-28 13:01:25,095-0400 INFO  GetFileHandler Handler(tag: 34, GET) reader: LR-Handler(tag: 34, GET)
2017-07-28 13:01:25,096-0400 INFO  GetFileHandler Handler(tag: 34, GET) sending length: 20042, 687126493
2017-07-28 13:01:25,096-0400 INFO  ReadBuffer RB-LR-Handler(tag: 34, GET) will ask for 1 buffers for a size of 20042
2017-07-28 13:01:25,096-0400 INFO  ReadBuffer RB-LR-Handler(tag: 34, GET) actual allocated buffers 1(0 queued)
2017-07-28 13:01:25,096-0400 INFO  LocalIOProvider LR-Handler(tag: 34, GET) rbuf: RB-LR-Handler(tag: 34, GET)
2017-07-28 13:01:25,096-0400 INFO  GetFileHandler Handler(tag: 34, GET) unregistering (last)
2017-07-28 13:01:25,096-0400 INFO  ReadBuffer RB-LR-Handler(tag: -1, GET) de-allocating 1 buffers
2017-07-28 13:01:25,175-0400 INFO  GetFileHandler Handler(tag: 35, GET) request complete; src=file://localhost/dakota/utils/graph_sensitivity.py
2017-07-28 13:01:25,175-0400 INFO  GetFileHandler Handler(tag: 35, GET) reader: LR-Handler(tag: 35, GET)
2017-07-28 13:01:25,175-0400 INFO  GetFileHandler Handler(tag: 35, GET) sending length: 2055, 1342637453
2017-07-28 13:01:25,176-0400 INFO  ReadBuffer RB-LR-Handler(tag: 35, GET) will ask for 1 buffers for a size of 2055
2017-07-28 13:01:25,176-0400 INFO  ReadBuffer RB-LR-Handler(tag: 35, GET) actual allocated buffers 1(0 queued)
2017-07-28 13:01:25,176-0400 INFO  LocalIOProvider LR-Handler(tag: 35, GET) rbuf: RB-LR-Handler(tag: 35, GET)
2017-07-28 13:01:25,176-0400 INFO  GetFileHandler Handler(tag: 35, GET) unregistering (last)
2017-07-28 13:01:25,176-0400 INFO  ReadBuffer RB-LR-Handler(tag: -1, GET) de-allocating 1 buffers
2017-07-28 13:01:25,215-0400 INFO  GetFileHandler Handler(tag: 36, GET) request complete; src=file://localhost/dakota/utils/graph.py
2017-07-28 13:01:25,215-0400 INFO  GetFileHandler Handler(tag: 36, GET) reader: LR-Handler(tag: 36, GET)
2017-07-28 13:01:25,215-0400 INFO  GetFileHandler Handler(tag: 36, GET) sending length: 1715, 1660961153
2017-07-28 13:01:25,215-0400 INFO  ReadBuffer RB-LR-Handler(tag: 36, GET) will ask for 1 buffers for a size of 1715
2017-07-28 13:01:25,215-0400 INFO  ReadBuffer RB-LR-Handler(tag: 36, GET) actual allocated buffers 1(0 queued)
2017-07-28 13:01:25,215-0400 INFO  LocalIOProvider LR-Handler(tag: 36, GET) rbuf: RB-LR-Handler(tag: 36, GET)
2017-07-28 13:01:25,216-0400 INFO  GetFileHandler Handler(tag: 36, GET) unregistering (last)
2017-07-28 13:01:25,216-0400 INFO  ReadBuffer RB-LR-Handler(tag: -1, GET) de-allocating 1 buffers
2017-07-28 13:01:25,255-0400 INFO  GetFileHandler Handler(tag: 37, GET) request complete; src=file://localhost/openfoam/inputs/openFoamCase.tar
2017-07-28 13:01:25,255-0400 INFO  GetFileHandler Handler(tag: 37, GET) reader: LR-Handler(tag: 37, GET)
2017-07-28 13:01:25,255-0400 INFO  GetFileHandler Handler(tag: 37, GET) sending length: 61440, 1623559091
2017-07-28 13:01:25,255-0400 INFO  ReadBuffer RB-LR-Handler(tag: 37, GET) will ask for 1 buffers for a size of 61440
2017-07-28 13:01:25,255-0400 INFO  ReadBuffer RB-LR-Handler(tag: 37, GET) actual allocated buffers 1(0 queued)
2017-07-28 13:01:25,255-0400 INFO  LocalIOProvider LR-Handler(tag: 37, GET) rbuf: RB-LR-Handler(tag: 37, GET)
2017-07-28 13:01:25,256-0400 INFO  GetFileHandler Handler(tag: 37, GET) unregistering (last)
2017-07-28 13:01:25,256-0400 INFO  ReadBuffer RB-LR-Handler(tag: -1, GET) de-allocating 1 buffers
2017-07-28 13:01:25,315-0400 INFO  GetFileHandler Handler(tag: 38, GET) request complete; src=file://localhost/openfoam/utils/extract.py
2017-07-28 13:01:25,315-0400 INFO  GetFileHandler Handler(tag: 38, GET) reader: LR-Handler(tag: 38, GET)
2017-07-28 13:01:25,315-0400 INFO  GetFileHandler Handler(tag: 38, GET) sending length: 4613, 1433750698
2017-07-28 13:01:25,315-0400 INFO  ReadBuffer RB-LR-Handler(tag: 38, GET) will ask for 1 buffers for a size of 4613
2017-07-28 13:01:25,315-0400 INFO  ReadBuffer RB-LR-Handler(tag: 38, GET) actual allocated buffers 1(0 queued)
2017-07-28 13:01:25,315-0400 INFO  LocalIOProvider LR-Handler(tag: 38, GET) rbuf: RB-LR-Handler(tag: 38, GET)
2017-07-28 13:01:25,315-0400 INFO  GetFileHandler Handler(tag: 38, GET) unregistering (last)
2017-07-28 13:01:25,315-0400 INFO  ReadBuffer RB-LR-Handler(tag: -1, GET) de-allocating 1 buffers
2017-07-28 13:01:25,355-0400 INFO  GetFileHandler Handler(tag: 39, GET) request complete; src=file://localhost/dakota/utils/prepInputs.sh
2017-07-28 13:01:25,355-0400 INFO  GetFileHandler Handler(tag: 39, GET) reader: LR-Handler(tag: 39, GET)
2017-07-28 13:01:25,355-0400 INFO  GetFileHandler Handler(tag: 39, GET) sending length: 417, 670789718
2017-07-28 13:01:25,355-0400 INFO  ReadBuffer RB-LR-Handler(tag: 39, GET) will ask for 1 buffers for a size of 417
2017-07-28 13:01:25,355-0400 INFO  ReadBuffer RB-LR-Handler(tag: 39, GET) actual allocated buffers 1(0 queued)
2017-07-28 13:01:25,355-0400 INFO  LocalIOProvider LR-Handler(tag: 39, GET) rbuf: RB-LR-Handler(tag: 39, GET)
2017-07-28 13:01:25,355-0400 INFO  GetFileHandler Handler(tag: 39, GET) unregistering (last)
2017-07-28 13:01:25,355-0400 INFO  ReadBuffer RB-LR-Handler(tag: -1, GET) de-allocating 1 buffers
2017-07-28 13:01:25,439-0400 INFO  GetFileHandler Handler(tag: 40, GET) request complete; src=file://localhost/openfoam/inputs/sweepParams.run
2017-07-28 13:01:25,439-0400 INFO  GetFileHandler Handler(tag: 40, GET) reader: LR-Handler(tag: 40, GET)
2017-07-28 13:01:25,439-0400 INFO  GetFileHandler Handler(tag: 40, GET) sending length: 228, 738689540
2017-07-28 13:01:25,439-0400 INFO  ReadBuffer RB-LR-Handler(tag: 40, GET) will ask for 1 buffers for a size of 228
2017-07-28 13:01:25,439-0400 INFO  ReadBuffer RB-LR-Handler(tag: 40, GET) actual allocated buffers 1(0 queued)
2017-07-28 13:01:25,439-0400 INFO  LocalIOProvider LR-Handler(tag: 40, GET) rbuf: RB-LR-Handler(tag: 40, GET)
2017-07-28 13:01:25,448-0400 INFO  GetFileHandler Handler(tag: 40, GET) unregistering (last)
2017-07-28 13:01:25,448-0400 INFO  ReadBuffer RB-LR-Handler(tag: -1, GET) de-allocating 1 buffers
2017-07-28 13:01:25,519-0400 INFO  GetFileHandler Handler(tag: 41, GET) request complete; src=file://localhost/dakota/runDakota.sh
2017-07-28 13:01:25,519-0400 INFO  GetFileHandler Handler(tag: 41, GET) reader: LR-Handler(tag: 41, GET)
2017-07-28 13:01:25,519-0400 INFO  GetFileHandler Handler(tag: 41, GET) sending length: 2036, 1150110830
2017-07-28 13:01:25,519-0400 INFO  ReadBuffer RB-LR-Handler(tag: 41, GET) will ask for 1 buffers for a size of 2036
2017-07-28 13:01:25,519-0400 INFO  ReadBuffer RB-LR-Handler(tag: 41, GET) actual allocated buffers 1(0 queued)
2017-07-28 13:01:25,519-0400 INFO  LocalIOProvider LR-Handler(tag: 41, GET) rbuf: RB-LR-Handler(tag: 41, GET)
2017-07-28 13:01:25,519-0400 INFO  GetFileHandler Handler(tag: 41, GET) unregistering (last)
2017-07-28 13:01:25,520-0400 INFO  ReadBuffer RB-LR-Handler(tag: -1, GET) de-allocating 1 buffers
2017-07-28 13:01:25,579-0400 INFO  GetFileHandler Handler(tag: 42, GET) request complete; src=file://localhost/openfoam/utils/writeSimParamFiles.py
2017-07-28 13:01:25,579-0400 INFO  GetFileHandler Handler(tag: 42, GET) reader: LR-Handler(tag: 42, GET)
2017-07-28 13:01:25,579-0400 INFO  GetFileHandler Handler(tag: 42, GET) sending length: 674, 1137953024
2017-07-28 13:01:25,579-0400 INFO  ReadBuffer RB-LR-Handler(tag: 42, GET) will ask for 1 buffers for a size of 674
2017-07-28 13:01:25,579-0400 INFO  ReadBuffer RB-LR-Handler(tag: 42, GET) actual allocated buffers 1(0 queued)
2017-07-28 13:01:25,579-0400 INFO  LocalIOProvider LR-Handler(tag: 42, GET) rbuf: RB-LR-Handler(tag: 42, GET)
2017-07-28 13:01:25,579-0400 INFO  GetFileHandler Handler(tag: 42, GET) unregistering (last)
2017-07-28 13:01:25,580-0400 INFO  ReadBuffer RB-LR-Handler(tag: -1, GET) de-allocating 1 buffers
2017-07-28 13:01:25,659-0400 INFO  GetFileHandler Handler(tag: 43, GET) request complete; src=file://localhost/openfoam/utils/elbow3D_inputFile.py
2017-07-28 13:01:25,659-0400 INFO  GetFileHandler Handler(tag: 43, GET) reader: LR-Handler(tag: 43, GET)
2017-07-28 13:01:25,659-0400 INFO  GetFileHandler Handler(tag: 43, GET) sending length: 6038, 309571949
2017-07-28 13:01:25,659-0400 INFO  ReadBuffer RB-LR-Handler(tag: 43, GET) will ask for 1 buffers for a size of 6038
2017-07-28 13:01:25,659-0400 INFO  ReadBuffer RB-LR-Handler(tag: 43, GET) actual allocated buffers 1(0 queued)
2017-07-28 13:01:25,659-0400 INFO  LocalIOProvider LR-Handler(tag: 43, GET) rbuf: RB-LR-Handler(tag: 43, GET)
2017-07-28 13:01:25,659-0400 INFO  GetFileHandler Handler(tag: 43, GET) unregistering (last)
2017-07-28 13:01:25,659-0400 INFO  ReadBuffer RB-LR-Handler(tag: -1, GET) de-allocating 1 buffers
2017-07-28 13:01:25,699-0400 INFO  GetFileHandler Handler(tag: 44, GET) request complete; src=file://localhost/dakota/utils/prepInputs_surr.sh
2017-07-28 13:01:25,699-0400 INFO  GetFileHandler Handler(tag: 44, GET) reader: LR-Handler(tag: 44, GET)
2017-07-28 13:01:25,699-0400 INFO  GetFileHandler Handler(tag: 44, GET) sending length: 451, 1059555692
2017-07-28 13:01:25,699-0400 INFO  ReadBuffer RB-LR-Handler(tag: 44, GET) will ask for 1 buffers for a size of 451
2017-07-28 13:01:25,699-0400 INFO  ReadBuffer RB-LR-Handler(tag: 44, GET) actual allocated buffers 1(0 queued)
2017-07-28 13:01:25,699-0400 INFO  LocalIOProvider LR-Handler(tag: 44, GET) rbuf: RB-LR-Handler(tag: 44, GET)
2017-07-28 13:01:25,700-0400 INFO  GetFileHandler Handler(tag: 44, GET) unregistering (last)
2017-07-28 13:01:25,700-0400 INFO  ReadBuffer RB-LR-Handler(tag: -1, GET) de-allocating 1 buffers
2017-07-28 13:01:25,779-0400 INFO  GetFileHandler Handler(tag: 45, GET) request complete; src=file://localhost/dakota/utils/tree
2017-07-28 13:01:25,779-0400 INFO  GetFileHandler Handler(tag: 45, GET) reader: LR-Handler(tag: 45, GET)
2017-07-28 13:01:25,779-0400 INFO  GetFileHandler Handler(tag: 45, GET) sending length: 57176, 392234555
2017-07-28 13:01:25,779-0400 INFO  ReadBuffer RB-LR-Handler(tag: 45, GET) will ask for 1 buffers for a size of 57176
2017-07-28 13:01:25,779-0400 INFO  ReadBuffer RB-LR-Handler(tag: 45, GET) actual allocated buffers 1(0 queued)
2017-07-28 13:01:25,779-0400 INFO  LocalIOProvider LR-Handler(tag: 45, GET) rbuf: RB-LR-Handler(tag: 45, GET)
2017-07-28 13:01:25,780-0400 INFO  GetFileHandler Handler(tag: 45, GET) unregistering (last)
2017-07-28 13:01:25,780-0400 INFO  ReadBuffer RB-LR-Handler(tag: -1, GET) de-allocating 1 buffers
2017-07-28 13:01:25,819-0400 INFO  GetFileHandler Handler(tag: 46, GET) request complete; src=file://localhost/dakota/runDakota_surr.sh
2017-07-28 13:01:25,819-0400 INFO  GetFileHandler Handler(tag: 46, GET) reader: LR-Handler(tag: 46, GET)
2017-07-28 13:01:25,819-0400 INFO  GetFileHandler Handler(tag: 46, GET) sending length: 2047, 2025606990
2017-07-28 13:01:25,819-0400 INFO  ReadBuffer RB-LR-Handler(tag: 46, GET) will ask for 1 buffers for a size of 2047
2017-07-28 13:01:25,819-0400 INFO  ReadBuffer RB-LR-Handler(tag: 46, GET) actual allocated buffers 1(0 queued)
2017-07-28 13:01:25,819-0400 INFO  LocalIOProvider LR-Handler(tag: 46, GET) rbuf: RB-LR-Handler(tag: 46, GET)
2017-07-28 13:01:25,820-0400 INFO  GetFileHandler Handler(tag: 46, GET) unregistering (last)
2017-07-28 13:01:25,820-0400 INFO  ReadBuffer RB-LR-Handler(tag: -1, GET) de-allocating 1 buffers
2017-07-28 13:01:25,863-0400 INFO  Execute TASK_STATUS_CHANGE taskid=task-15 status=2 workerid=local:000000
2017-07-28 13:01:25,932-0400 INFO  RuntimeStats$ProgressTicker HeapMax: 954728448, CrtHeap: 506462208, UsedHeap: 19337312, JVMThreads: 34
2017-07-28 13:01:25,933-0400 INFO  RuntimeStats$ProgressTicker   Active:1
2017-07-28 13:01:26,933-0400 INFO  RuntimeStats$ProgressTicker HeapMax: 954728448, CrtHeap: 506462208, UsedHeap: 19337312, JVMThreads: 34
2017-07-28 13:01:27,188-0400 INFO  Execute TASK_STATUS_CHANGE taskid=task-15 status=17
2017-07-28 13:01:27,189-0400 INFO  PutFileHandler Handler(tag: 49, PUT) source: /tmp/swiftwork/dakota_surr-run010/jobs/p/prepInputs-bhe0jnbn-0/_stderr.txt
2017-07-28 13:01:27,189-0400 INFO  PutFileHandler Handler(tag: 49, PUT) destination: file://localhost/run010/dakota_surr-run010.d/prepInputs-bhe0jnbn-0.stderr
2017-07-28 13:01:27,190-0400 INFO  PutFileHandler Handler(tag: 50, PUT) source: /tmp/swiftwork/dakota_surr-run010/jobs/p/prepInputs-bhe0jnbn-0/results/surr.dat
2017-07-28 13:01:27,190-0400 INFO  PutFileHandler Handler(tag: 49, PUT) Transfer done
2017-07-28 13:01:27,190-0400 INFO  PutFileHandler Handler(tag: 50, PUT) destination: file://localhost/results/surr.dat
2017-07-28 13:01:27,191-0400 INFO  PutFileHandler Handler(tag: 51, PUT) source: /tmp/swiftwork/dakota_surr-run010/jobs/p/prepInputs-bhe0jnbn-0/_wrapper.error
2017-07-28 13:01:27,191-0400 INFO  PutFileHandler Handler(tag: 51, PUT) destination: file://localhost/run010/dakota_surr-run010.d/prepInputs-bhe0jnbn-0.error
2017-07-28 13:01:27,191-0400 INFO  PutFileHandler Handler(tag: 50, PUT) Transfer done
2017-07-28 13:01:27,191-0400 INFO  PutFileHandler Handler(tag: 51, PUT) Transfer done
2017-07-28 13:01:27,191-0400 INFO  PutFileHandler Handler(tag: 52, PUT) source: /tmp/swiftwork/dakota_surr-run010/jobs/p/prepInputs-bhe0jnbn-0/logs/surr.out
2017-07-28 13:01:27,191-0400 INFO  PutFileHandler Handler(tag: 52, PUT) destination: file://localhost/logs/surr.out
2017-07-28 13:01:27,191-0400 INFO  PutFileHandler Handler(tag: 52, PUT) Transfer done
2017-07-28 13:01:27,191-0400 INFO  PutFileHandler Handler(tag: 53, PUT) source: /tmp/swiftwork/dakota_surr-run010/jobs/p/prepInputs-bhe0jnbn-0/_stdout.txt
2017-07-28 13:01:27,191-0400 INFO  PutFileHandler Handler(tag: 53, PUT) destination: file://localhost/run010/dakota_surr-run010.d/prepInputs-bhe0jnbn-0.stdout
2017-07-28 13:01:27,191-0400 INFO  PutFileHandler Handler(tag: 53, PUT) Transfer done
2017-07-28 13:01:27,191-0400 INFO  PutFileHandler Handler(tag: 54, PUT) source: /tmp/swiftwork/dakota_surr-run010/jobs/p/prepInputs-bhe0jnbn-0/logs/surr.err
2017-07-28 13:01:27,192-0400 INFO  PutFileHandler Handler(tag: 54, PUT) destination: file://localhost/logs/surr.err
2017-07-28 13:01:27,192-0400 INFO  PutFileHandler Handler(tag: 54, PUT) Transfer done
2017-07-28 13:01:27,192-0400 INFO  PutFileHandler Handler(tag: 55, PUT) source: /tmp/swiftwork/dakota_surr-run010/jobs/p/prepInputs-bhe0jnbn-0/_wrapper.log
2017-07-28 13:01:27,192-0400 INFO  PutFileHandler Handler(tag: 55, PUT) destination: file://localhost/run010/dakota_surr-run010.d/prepInputs-bhe0jnbn-0.info
2017-07-28 13:01:27,192-0400 INFO  PutFileHandler Handler(tag: 55, PUT) Transfer done
2017-07-28 13:01:27,271-0400 INFO  LateBindingScheduler jobs queued: 0
2017-07-28 13:01:27,272-0400 INFO  Execute TASK_STATUS_CHANGE taskid=task-15 status=7
2017-07-28 13:01:27,272-0400 DEBUG swift JOB_END jobid=prepInputs-bhe0jnbn-0
2017-07-28 13:01:27,272-0400 INFO  swift END_SUCCESS jobid=prepInputs-bhe0jnbn tr=prepInputs
2017-07-28 13:01:27,272-0400 DEBUG swift PROCEDURE_END line=27 thread=2-0-15-12 name=prepInputs
2017-07-28 13:01:27,272-0400 INFO  RuntimeStats$ProgressTicker HeapMax: 954728448, CrtHeap: 506462208, UsedHeap: 25943512, JVMThreads: 34
2017-07-28 13:01:27,272-0400 INFO  RuntimeStats$ProgressTicker   Finished successfully:1
2017-07-28 13:01:27,277-0400 DEBUG swift Starting cleanups
2017-07-28 13:01:27,277-0400 INFO  swift START cleanups=[]
2017-07-28 13:01:27,278-0400 INFO  swift END cleanups=[]
2017-07-28 13:01:27,278-0400 DEBUG swift Ending cleanups
2017-07-28 13:01:27,280-0400 INFO  Loader Swift finished with no errors
2017-07-28 13:01:27,281-0400 INFO  ChannelManager Notifying peers of shutdown
