Swift trunk git-rev: 04208acc2a9af9ea900ae5c4a1d01bcc93ac07d2 heads/master 6744
RunID: run003
Progress: Fri, 28 Jul 2017 12:36:19-0400
Progress: Fri, 28 Jul 2017 12:36:20-0400  Stage in:1
Progress: Fri, 28 Jul 2017 12:36:22-0400  Active:1
Exception in prepInputs:
    Host: linuxpool
    Directory: dakota-run003/jobs/p/prepInputs-kdc0inbn-0
	exception @ swift-int-staging.k, line: 187
	providerStaging:execute2 @ swift.k, line: 126
	executeSelect @ swift.k, line: 193
Caused by: Application /bin/bash failed with an exit code of 1
Job failed: Process completed with exit code 1
tar: This does not look like a tar archive

gzip: stdin: not in gzip format
tar: Child returned status 1
tar: Error is not recoverable: exiting now
tail: cannot open 'outputs/case0/metrics.csv' for reading: No such file or directory
Error(s) encountered reading results file work_dir/dakota_tmp.1/results.out for Evaluation 1:
-- Expected 2 function value(s) but found 0.
Job failed: Process completed with exit code 1
mkdir: cannot create directory 'results': File exists
	exception @ swift-int-staging.k, line: 182
Caused by: Process completed with exit code 1

	k:assign @ swift.k, line: 157
Caused by: Exception in prepInputs:
    Host: linuxpool
    Directory: dakota-run003/jobs/p/prepInputs-kdc0inbn-0
	exception @ swift-int-staging.k, line: 187
	providerStaging:execute2 @ swift.k, line: 126
	executeSelect @ swift.k, line: 193
Caused by: Application /bin/bash failed with an exit code of 1
Job failed: Process completed with exit code 1
tar: This does not look like a tar archive

gzip: stdin: not in gzip format
tar: Child returned status 1
tar: Error is not recoverable: exiting now
tail: cannot open 'outputs/case0/metrics.csv' for reading: No such file or directory
Error(s) encountered reading results file work_dir/dakota_tmp.1/results.out for Evaluation 1:
-- Expected 2 function value(s) but found 0.
Job failed: Process completed with exit code 1
mkdir: cannot create directory 'results': File exists
	exception @ swift-int-staging.k, line: 182
Caused by: Process completed with exit code 1

Final status: Fri, 28 Jul 2017 12:36:25-0400  Failed:1
The following errors have occurred:
1. Exception in prepInputs:
    Host: linuxpool
    Directory: dakota-run003/jobs/p/prepInputs-kdc0inbn-0
	exception @ swift-int-staging.k, line: 187
	providerStaging:execute2 @ swift.k, line: 126
	executeSelect @ swift.k, line: 193
Caused by: Application /bin/bash failed with an exit code of 1
Job failed: Process completed with exit code 1
tar: This does not look like a tar archive

gzip: stdin: not in gzip format
tar: Child returned status 1
tar: Error is not recoverable: exiting now
tail: cannot open 'outputs/case0/metrics.csv' for reading: No such file or directory
Error(s) encountered reading results file work_dir/dakota_tmp.1/results.out for Evaluation 1:
-- Expected 2 function value(s) but found 0.
Job failed: Process completed with exit code 1
mkdir: cannot create directory 'results': File exists
	exception @ swift-int-staging.k, line: 182
Caused by: Process completed with exit code 1

	k:assign @ swift.k, line: 157
