Swift trunk git-rev: 04208acc2a9af9ea900ae5c4a1d01bcc93ac07d2 heads/master 6744
RunID: run008
Progress: Fri, 28 Jul 2017 12:51:46-0400
Progress: Fri, 28 Jul 2017 12:51:47-0400  Stage in:1
Progress: Fri, 28 Jul 2017 12:51:49-0400  Active:1
Exception in prepInputs:
    Host: linuxpool
    Directory: dakota_surr-run008/jobs/p/prepInputs-qyylinbn-0
	exception @ swift-int-staging.k, line: 187
	providerStaging:execute2 @ swift.k, line: 126
	executeSelect @ swift.k, line: 193
Caused by: Application /bin/bash failed with an exit code of 1
cat: swift.conf: No such file or directory
cat: swift.conf: No such file or directory
cat: swift.conf: No such file or directory
cat: swift.conf: No such file or directory
cat: swift.conf: No such file or directory
cat: swift.conf: No such file or directory
cat: swift.conf: No such file or directory
Error parsing arguments: Missing value for option '-service-contact'
Error parsing arguments: Missing value for option '-service-contact'
Error parsing arguments: Missing value for option '-service-contact'
Error parsing arguments: Missing value for option '-service-contact'
tar: This does not look like a tar archive

gzip: stdin: not in gzip format
tar: Child returned status 1
tar: Error is not recoverable: exiting now
tail: cannot open 'outputs/case0/metrics.csv' for reading: No such file or directory
Error parsing arguments: Missing value for option '-service-contact'
cat: output.txt: No such file or directory
cat: sim.log: No such file or directory
tar: This does not look like a tar archive
tar: This does not look like a tar archive

gzip: stdin: not in gzip format
tar: Child returned status 1
tar: Error is not recoverable: exiting now

gzip: stdin: not in gzip format
tar: Child returned status 1
tar: Error is not recoverable: exiting now
tail: cannot open 'outputs/case0/metrics.csv' for reading: No such file or directory
cat: output.txt: No such file or directory
cat: sim.log: No such file or directory
tar: This does not look like a tar archive

gzip: stdin: not in gzip format
tar: Error(s) encountered reading results file /tmp/dakota_work_8a17e50b.5/results.out for Evaluation 5:
-- Expected 2 function value(s) but found 0.
Child returned status 1
tar: Error is not recoverable: exiting now
tail: cannot open 'outputs/case0/metrics.csv' for reading: No such file or directory
tail: cannot open 'outputs/case0/metrics.csv' for reading: No such file or directory
cat: output.txt: No such file or directory
cat: output.txt: No such file or directory
cat: sim.log: No such file or directory
cat: sim.log: No such file or directory
cat: results.txt: No such file or directory
cp: cannot stat 'results.txt': No such file or directory
/tmp/dakota_work_3b92cae4.1/simulator_script: line 66: ./tree: No such file or directory
ls: cannot open directory .: Stale file handle
tar: L2,32.476597,Inlet1_Velocity,4.975864,R,8,r,2,L1,32,Rcurve,24,xIn2,54.5,yIn2,-4.5,Inlet2_Velocity,4.0,endTime,5.0,writeInterval,1.0,meshMinLevel,0,meshMaxLevel,1,.tar.gz: Cannot open: No such file or directory
tar: Error is not recoverable: exiting now
Error parsing arguments: Missing value for option '-service-contact'
/tmp/dakota_work_3b92cae4.1/simulator_script: line 70: results.txt: No such file or directory
tail: cannot open 'outputs/case0/metrics.csv' for reading: No such file or directory
cat: output.txt: No such file or directory
cat: sim.log: No such file or directory
cat: results.txt: No such file or directory
mkdir: cannot create directory 'results': File exists
	exception @ swift-int-staging.k, line: 182
Caused by: Process completed with exit code 1

	k:assign @ swift.k, line: 157
Caused by: Exception in prepInputs:
    Host: linuxpool
    Directory: dakota_surr-run008/jobs/p/prepInputs-qyylinbn-0
	exception @ swift-int-staging.k, line: 187
	providerStaging:execute2 @ swift.k, line: 126
	executeSelect @ swift.k, line: 193
Caused by: Application /bin/bash failed with an exit code of 1
cat: swift.conf: No such file or directory
cat: swift.conf: No such file or directory
cat: swift.conf: No such file or directory
cat: swift.conf: No such file or directory
cat: swift.conf: No such file or directory
cat: swift.conf: No such file or directory
cat: swift.conf: No such file or directory
Error parsing arguments: Missing value for option '-service-contact'
Error parsing arguments: Missing value for option '-service-contact'
Error parsing arguments: Missing value for option '-service-contact'
Error parsing arguments: Missing value for option '-service-contact'
tar: This does not look like a tar archive

gzip: stdin: not in gzip format
tar: Child returned status 1
tar: Error is not recoverable: exiting now
tail: cannot open 'outputs/case0/metrics.csv' for reading: No such file or directory
Error parsing arguments: Missing value for option '-service-contact'
cat: output.txt: No such file or directory
cat: sim.log: No such file or directory
tar: This does not look like a tar archive
tar: This does not look like a tar archive

gzip: stdin: not in gzip format
tar: Child returned status 1
tar: Error is not recoverable: exiting now

gzip: stdin: not in gzip format
tar: Child returned status 1
tar: Error is not recoverable: exiting now
tail: cannot open 'outputs/case0/metrics.csv' for reading: No such file or directory
cat: output.txt: No such file or directory
cat: sim.log: No such file or directory
tar: This does not look like a tar archive

gzip: stdin: not in gzip format
tar: Error(s) encountered reading results file /tmp/dakota_work_8a17e50b.5/results.out for Evaluation 5:
-- Expected 2 function value(s) but found 0.
Child returned status 1
tar: Error is not recoverable: exiting now
tail: cannot open 'outputs/case0/metrics.csv' for reading: No such file or directory
tail: cannot open 'outputs/case0/metrics.csv' for reading: No such file or directory
cat: output.txt: No such file or directory
cat: output.txt: No such file or directory
cat: sim.log: No such file or directory
cat: sim.log: No such file or directory
cat: results.txt: No such file or directory
cp: cannot stat 'results.txt': No such file or directory
/tmp/dakota_work_3b92cae4.1/simulator_script: line 66: ./tree: No such file or directory
ls: cannot open directory .: Stale file handle
tar: L2,32.476597,Inlet1_Velocity,4.975864,R,8,r,2,L1,32,Rcurve,24,xIn2,54.5,yIn2,-4.5,Inlet2_Velocity,4.0,endTime,5.0,writeInterval,1.0,meshMinLevel,0,meshMaxLevel,1,.tar.gz: Cannot open: No such file or directory
tar: Error is not recoverable: exiting now
Error parsing arguments: Missing value for option '-service-contact'
/tmp/dakota_work_3b92cae4.1/simulator_script: line 70: results.txt: No such file or directory
tail: cannot open 'outputs/case0/metrics.csv' for reading: No such file or directory
cat: output.txt: No such file or directory
cat: sim.log: No such file or directory
cat: results.txt: No such file or directory
mkdir: cannot create directory 'results': File exists
	exception @ swift-int-staging.k, line: 182
Caused by: Process completed with exit code 1

Final status: Fri, 28 Jul 2017 12:51:50-0400  Failed:1
The following errors have occurred:
1. Exception in prepInputs:
    Host: linuxpool
    Directory: dakota_surr-run008/jobs/p/prepInputs-qyylinbn-0
	exception @ swift-int-staging.k, line: 187
	providerStaging:execute2 @ swift.k, line: 126
	executeSelect @ swift.k, line: 193
Caused by: Application /bin/bash failed with an exit code of 1
cat: swift.conf: No such file or directory
cat: swift.conf: No such file or directory
cat: swift.conf: No such file or directory
cat: swift.conf: No such file or directory
cat: swift.conf: No such file or directory
cat: swift.conf: No such file or directory
cat: swift.conf: No such file or directory
Error parsing arguments: Missing value for option '-service-contact'
Error parsing arguments: Missing value for option '-service-contact'
Error parsing arguments: Missing value for option '-service-contact'
Error parsing arguments: Missing value for option '-service-contact'
tar: This does not look like a tar archive

gzip: stdin: not in gzip format
tar: Child returned status 1
tar: Error is not recoverable: exiting now
tail: cannot open 'outputs/case0/metrics.csv' for reading: No such file or directory
Error parsing arguments: Missing value for option '-service-contact'
cat: output.txt: No such file or directory
cat: sim.log: No such file or directory
tar: This does not look like a tar archive
tar: This does not look like a tar archive

gzip: stdin: not in gzip format
tar: Child returned status 1
tar: Error is not recoverable: exiting now

gzip: stdin: not in gzip format
tar: Child returned status 1
tar: Error is not recoverable: exiting now
tail: cannot open 'outputs/case0/metrics.csv' for reading: No such file or directory
cat: output.txt: No such file or directory
cat: sim.log: No such file or directory
tar: This does not look like a tar archive

gzip: stdin: not in gzip format
tar: Error(s) encountered reading results file /tmp/dakota_work_8a17e50b.5/results.out for Evaluation 5:
-- Expected 2 function value(s) but found 0.
Child returned status 1
tar: Error is not recoverable: exiting now
tail: cannot open 'outputs/case0/metrics.csv' for reading: No such file or directory
tail: cannot open 'outputs/case0/metrics.csv' for reading: No such file or directory
cat: output.txt: No such file or directory
cat: output.txt: No such file or directory
cat: sim.log: No such file or directory
cat: sim.log: No such file or directory
cat: results.txt: No such file or directory
cp: cannot stat 'results.txt': No such file or directory
/tmp/dakota_work_3b92cae4.1/simulator_script: line 66: ./tree: No such file or directory
ls: cannot open directory .: Stale file handle
tar: L2,32.476597,Inlet1_Velocity,4.975864,R,8,r,2,L1,32,Rcurve,24,xIn2,54.5,yIn2,-4.5,Inlet2_Velocity,4.0,endTime,5.0,writeInterval,1.0,meshMinLevel,0,meshMaxLevel,1,.tar.gz: Cannot open: No such file or directory
tar: Error is not recoverable: exiting now
Error parsing arguments: Missing value for option '-service-contact'
/tmp/dakota_work_3b92cae4.1/simulator_script: line 70: results.txt: No such file or directory
tail: cannot open 'outputs/case0/metrics.csv' for reading: No such file or directory
cat: output.txt: No such file or directory
cat: sim.log: No such file or directory
cat: results.txt: No such file or directory
mkdir: cannot create directory 'results': File exists
	exception @ swift-int-staging.k, line: 182
Caused by: Process completed with exit code 1

	k:assign @ swift.k, line: 157
