2017-07-28 12:49:15,017-0400 INFO  Loader JAVA Oracle Corporation Java HotSpot(TM) 64-Bit Server VM 1.8.0_131
2017-07-28 12:49:15,019-0400 INFO  Loader VERSION Swift trunk git-rev: 04208acc2a9af9ea900ae5c4a1d01bcc93ac07d2 heads/master 6744
2017-07-28 12:49:15,019-0400 INFO  Loader RUN_ID run006
2017-07-28 12:49:15,019-0400 INFO  Loader ARGUMENTS [-runid, run006, -logfile, /core/xinchen/workflow_dakota_3Delbow/run006/swift.log, dakota_surr.swift]
2017-07-28 12:49:15,019-0400 INFO  Loader MAX_HEAP 954728448
2017-07-28 12:49:15,019-0400 INFO  Loader GLOBUS_HOSTNAME dev.parallel.works
2017-07-28 12:49:15,019-0400 INFO  Loader CWD /core/xinchen/workflow_dakota_3Delbow/.
2017-07-28 12:49:15,020-0400 DEBUG Loader SWIFT_CONFIGURATION 
[D] /core/xinchen/swift-k/dist/swift-svn/etc/swift.conf
[R] swift.conf
[C] <Command Line>
{
	TCPPortRange: "50000, 50100"                               # [D] line 27
	alwaysTransferWrapperLog: false                            # [R] line 41
	executionRetries: 0                                        # [R] line 38
	fileOperationsThrottle: 8                                  # [D] line 121
	fileTransfersThrottle: 4                                   # [D] line 107
	hostJobSubmitThrottle: 2                                   # [D] line 95
	jobSubmitThrottle: 4                                       # [D] line 83
	keepSiteDir: true                                          # [R] line 39
	lazyErrors: true                                           # [R] line 37
	logProvenance: false                                       # [D] line 200
	maxForeachThreads: 16384                                   # [D] line 194
	providerStagingPinSwiftFiles: false                        # [R] line 40
	replicationEnabled: false                                  # [D] line 146
	replicationLimit: 3                                        # [D] line 157
	replicationMinQueueTime: 60                                # [D] line 153
	site {
		linuxpool {
			app.ALL.executable: "*"                                  # [R] line 16
			execution {
				URL: "http://52.38.246.211:4030"                        # [R] line 6
				type: "coaster-persistent"                              # [R] line 5
			}
			initialParallelTasks: 999999                             # [R] line 9
			maxParallelTasks: 999999                                 # [R] line 10
			staging: "local"                                         # [R] line 8
			workDirectory: "/tmp/swiftwork"                          # [R] line 11
		}
		local {
			app.ALL.executable: "*"                                  # [D] line 232
			execution.type: "local"                                  # [D] line 223
			filesystem.type: "local"                                 # [D] line 226
			workDirectory: "swiftwork"                               # [D] line 229
		}
	}
	sites: [linuxpool]                                         # [R] line 1
	tracingEnabled: false                                      # [D] line 51
}

2017-07-28 12:49:15,021-0400 DEBUG textfiles BEGIN SWIFTSCRIPT:
# GENERAL DAKOTA CASE RUNNER
type file;

# -- INPUT / OUTPUT DEFINITIONS
# Parallel.Works automates the creation of the Swift run command using your workflow definition
# Swift needs to pick up the run arguments with the arg() command

# inputs
#file casein         <arg("case","dakota/dakota_case.in")>;

# outputs
file outdat         <arg("dat","results/out.dat")>;
file surrdat         <arg("surr","results/surr.dat")>;
# these are external files needed by the Swift workflow
#file execute        <"runDakota.sh">;
file pts      <arg("pts","openfoam/inputs/points.dat")>;

file[] openfoam <Ext;exec="mapper.sh",root="openfoam">;
file[] dakota <Ext;exec="mapper.sh",root="dakota">;
file[] templatedir <Ext;exec="mapper.sh",root="templatedir">;
file[] templatedir_ofa <Ext;exec="mapper_ofa.sh">;

 
# -- APP DEFINITIONS


app (file sout, file serr, file surrdat ) prepInputs (file[] openfoam, file[] dakota, file outdat, file pts) {
    bash "dakota/utils/prepInputs_surr.sh" "inputs/sweepParams.run" "inputs/elbowKPI.json" ;
    bash "templatedir/start_docker_surr.sh" stdout=@sout stderr=@serr;
}

#app (file pout, file perr) tree (file[] openfoam)
#{
#    tree stdout=@pout stderr=@perr;
#}

# -- WORKFLOW COMMANDS
# this commpand runs app specified above
file sout   <"logs/surr.out">;
file serr   <"logs/surr.err">;
(sout,serr,surrdat) = prepInputs(openfoam, dakota, outdat,pts);
#(dout,derr,outdat,outhtml) = runDAKOTA(templatedir_ofa,dakota,swiftconf, inlet5_X_min, inlet5_X_max, inlet6_Y_min, inlet6_Y_max, num_cases);

#(sout,serr)=tree(openfoam);


2017-07-28 12:49:15,021-0400 DEBUG textfiles END SWIFTSCRIPT:
2017-07-28 12:49:15,021-0400 DEBUG Loader kmlversion is >03153d0c-11a0-45f9-8495-1d1a00295d88-no-provenance<
2017-07-28 12:49:15,021-0400 DEBUG Loader build version is >03153d0c-11a0-45f9-8495-1d1a00295d88-no-provenance<
2017-07-28 12:49:15,021-0400 DEBUG Loader Recompilation suppressed.
2017-07-28 12:49:15,353-0400 INFO  Loader RUN_START
2017-07-28 12:49:15,355-0400 INFO  SwiftExecutor swift.home = /core/xinchen/swift-k/dist/swift-svn
2017-07-28 12:49:15,373-0400 INFO  AbstractScheduler Setting resources to: {linuxpool=linuxpool}
2017-07-28 12:49:15,379-0400 INFO  GlobalSubmitQueue No global submit throttle set. Using default (1024)
2017-07-28 12:49:15,389-0400 INFO  LateBindingScheduler jobs queued: 0
2017-07-28 12:49:15,391-0400 INFO  LateBindingScheduler jobs queued: 0
2017-07-28 12:49:15,393-0400 INFO  LateBindingScheduler jobs queued: 0
2017-07-28 12:49:15,419-0400 INFO  RuntimeStats$ProgressTicker HeapMax: 954728448, CrtHeap: 506462208, UsedHeap: 81922136, JVMThreads: 16
2017-07-28 12:49:15,419-0400 INFO  RuntimeStats$ProgressTicker 
2017-07-28 12:49:15,428-0400 DEBUG swift PROCEDURE line=27 thread=2-0-15-12 name=prepInputs
2017-07-28 12:49:15,495-0400 DEBUG swift JOB_INIT jobid=prepInputs-dlfiinbn tr=prepInputs
2017-07-28 12:49:15,495-0400 DEBUG swift JOB_SITE_SELECT jobid=prepInputs-dlfiinbn-0
2017-07-28 12:49:15,498-0400 DEBUG swift THREAD_ASSOCIATION jobid=prepInputs-dlfiinbn-0 host=linuxpool thread=2-0-15-12
2017-07-28 12:49:15,499-0400 DEBUG swift JOB_START jobid=prepInputs-dlfiinbn-0 tr=prepInputs[bash dakota/utils/prepInputs_surr.sh inputs/sweepParams.run inputs/elbowKPI.json, bash templatedir/start_docker_surr.sh] tmpdir=dakota_surr-run006/jobs/p/prepInputs-dlfiinbn-0
2017-07-28 12:49:15,506-0400 INFO  Execute JOB_TASK jobid=prepInputs-dlfiinbn-0 taskid=task-15 exec=/bin/bash dir=dakota_surr-run006/jobs/p/prepInputs-dlfiinbn-0 args=_swiftwrap.staging -d openfoam/utils|openfoam/inputs|dakota|logs|openfoam|results|dakota/utils -if openfoam/utils/writeBlockMeshDictFile.py|dakota/dakota_DOE.in|openfoam/utils/PVExtract.sh|openfoam/utils/extract.py|openfoam/utils/expandSweep.py|openfoam/runOFA.sh|openfoam/utils/makeGeom.sh|openfoam/utils/makeFoamMesh.sh|dakota/utils/dprepro|openfoam/utils/writeBoundaryFile.py|openfoam/inputs/sweepParams.run|openfoam/utils/runSim.sh|dakota/start_docker_surr.sh|openfoam/utils/data_IO.py|openfoam/inputs/pwParams.run|openfoam/inputs/points.dat|openfoam/utils/foamutils.py|dakota/utils/input_parser.py|openfoam/utils/preProcess.sh|openfoam/utils/makeFoamMesh2.sh|dakota/utils/dakota_cleanup|dakota/start_docker.sh|openfoam/utils/elbow3D_inputFile.py|openfoam/utils/pvutils.py|openfoam/utils/writeSimParamFiles.py|openfoam/inputs/elbowKPI.json|openfoam/utils/runOpenFOAM.sh|dakota/runDakota_surr.sh|openfoam/utils/killSalome.sh|results/out.dat|openfoam/utils/makeMesh.sh|dakota/utils/prepInputs_surr.sh|dakota/dakota_surr.in|dakota/utils/graph.py|dakota/utils/swift_driver|dakota/utils/graph_sensitivity.py|dakota/runDakota.sh|openfoam/inputs/openFoamCase.tar|dakota/simulator_script|dakota/utils/tree|dakota/utils/prepInputs.sh|openfoam/utils/runSimPVExtract.sh -of logs/surr.out|logs/surr.err|results/surr.dat -cf  -cdmfile  -status provider -e bash -out -err -i -a dakota/utils/prepInputs_surr.sh inputs/sweepParams.run inputs/elbowKPI.json -e bash -out logs/surr.out -err logs/surr.err -i -a templatedir/start_docker_surr.sh
2017-07-28 12:49:15,510-0400 INFO  Execute TASK_STATUS_CHANGE taskid=task-15 status=8
2017-07-28 12:49:15,522-0400 INFO  AbstractCoasterChannel TCPChannel[client, http://52.38.246.211:4030] setting name to http://52.38.246.211:4030
2017-07-28 12:49:15,528-0400 INFO  AbstractTCPChannel http://52.38.246.211:4030: channel started
2017-07-28 12:49:15,528-0400 INFO  AbstractCoasterChannel Timeout check started for http://52.38.246.211:4030
2017-07-28 12:49:15,530-0400 INFO  AbstractStreamCoasterChannel Using NIO sender for http://52.38.246.211:4030
2017-07-28 12:49:15,663-0400 INFO  Execute TASK_STATUS_CHANGE taskid=task-15 status=1
2017-07-28 12:49:15,668-0400 INFO  Execute TASK_STATUS_CHANGE taskid=task-15 status=16 workerid=local:000000
2017-07-28 12:49:15,669-0400 INFO  GetFileHandler Handler(tag: 4, GET) request complete; src=file://localhost/openfoam/utils/writeBoundaryFile.py
2017-07-28 12:49:15,671-0400 INFO  GetFileHandler Handler(tag: 4, GET) reader: LR-Handler(tag: 4, GET)
2017-07-28 12:49:15,671-0400 INFO  GetFileHandler Handler(tag: 4, GET) sending length: 1679, 664853723
2017-07-28 12:49:15,675-0400 INFO  ReadBuffer RB-LR-Handler(tag: 4, GET) will ask for 1 buffers for a size of 1679
2017-07-28 12:49:15,676-0400 INFO  ReadBuffer RB-LR-Handler(tag: 4, GET) actual allocated buffers 1(0 queued)
2017-07-28 12:49:15,676-0400 INFO  LocalIOProvider LR-Handler(tag: 4, GET) rbuf: RB-LR-Handler(tag: 4, GET)
2017-07-28 12:49:15,677-0400 INFO  GetFileHandler Handler(tag: 4, GET) unregistering (last)
2017-07-28 12:49:15,677-0400 INFO  ReadBuffer RB-LR-Handler(tag: -1, GET) de-allocating 1 buffers
2017-07-28 12:49:15,723-0400 INFO  GetFileHandler Handler(tag: 5, GET) request complete; src=file://localhost/openfoam/inputs/points.dat
2017-07-28 12:49:15,724-0400 INFO  GetFileHandler Handler(tag: 5, GET) reader: LR-Handler(tag: 5, GET)
2017-07-28 12:49:15,724-0400 INFO  GetFileHandler Handler(tag: 5, GET) sending length: 40, 1992966361
2017-07-28 12:49:15,724-0400 INFO  ReadBuffer RB-LR-Handler(tag: 5, GET) will ask for 1 buffers for a size of 40
2017-07-28 12:49:15,724-0400 INFO  ReadBuffer RB-LR-Handler(tag: 5, GET) actual allocated buffers 1(0 queued)
2017-07-28 12:49:15,724-0400 INFO  LocalIOProvider LR-Handler(tag: 5, GET) rbuf: RB-LR-Handler(tag: 5, GET)
2017-07-28 12:49:15,724-0400 INFO  GetFileHandler Handler(tag: 5, GET) unregistering (last)
2017-07-28 12:49:15,724-0400 INFO  ReadBuffer RB-LR-Handler(tag: -1, GET) de-allocating 1 buffers
2017-07-28 12:49:15,807-0400 INFO  GetFileHandler Handler(tag: 6, GET) request complete; src=file://localhost/openfoam/utils/data_IO.py
2017-07-28 12:49:15,807-0400 INFO  GetFileHandler Handler(tag: 6, GET) reader: LR-Handler(tag: 6, GET)
2017-07-28 12:49:15,807-0400 INFO  GetFileHandler Handler(tag: 6, GET) sending length: 4928, 1588070157
2017-07-28 12:49:15,807-0400 INFO  ReadBuffer RB-LR-Handler(tag: 6, GET) will ask for 1 buffers for a size of 4928
2017-07-28 12:49:15,808-0400 INFO  ReadBuffer RB-LR-Handler(tag: 6, GET) actual allocated buffers 1(0 queued)
2017-07-28 12:49:15,808-0400 INFO  LocalIOProvider LR-Handler(tag: 6, GET) rbuf: RB-LR-Handler(tag: 6, GET)
2017-07-28 12:49:15,808-0400 INFO  GetFileHandler Handler(tag: 6, GET) unregistering (last)
2017-07-28 12:49:15,808-0400 INFO  ReadBuffer RB-LR-Handler(tag: -1, GET) de-allocating 1 buffers
2017-07-28 12:49:15,867-0400 INFO  GetFileHandler Handler(tag: 7, GET) request complete; src=file://localhost/dakota/utils/graph.py
2017-07-28 12:49:15,867-0400 INFO  GetFileHandler Handler(tag: 7, GET) reader: LR-Handler(tag: 7, GET)
2017-07-28 12:49:15,867-0400 INFO  GetFileHandler Handler(tag: 7, GET) sending length: 1715, 1341124484
2017-07-28 12:49:15,867-0400 INFO  ReadBuffer RB-LR-Handler(tag: 7, GET) will ask for 1 buffers for a size of 1715
2017-07-28 12:49:15,867-0400 INFO  ReadBuffer RB-LR-Handler(tag: 7, GET) actual allocated buffers 1(0 queued)
2017-07-28 12:49:15,867-0400 INFO  LocalIOProvider LR-Handler(tag: 7, GET) rbuf: RB-LR-Handler(tag: 7, GET)
2017-07-28 12:49:15,868-0400 INFO  GetFileHandler Handler(tag: 7, GET) unregistering (last)
2017-07-28 12:49:15,868-0400 INFO  ReadBuffer RB-LR-Handler(tag: -1, GET) de-allocating 1 buffers
2017-07-28 12:49:15,927-0400 INFO  GetFileHandler Handler(tag: 8, GET) request complete; src=file://localhost/openfoam/utils/pvutils.py
2017-07-28 12:49:15,927-0400 INFO  GetFileHandler Handler(tag: 8, GET) reader: LR-Handler(tag: 8, GET)
2017-07-28 12:49:15,927-0400 INFO  GetFileHandler Handler(tag: 8, GET) sending length: 20042, 75999707
2017-07-28 12:49:15,927-0400 INFO  ReadBuffer RB-LR-Handler(tag: 8, GET) will ask for 1 buffers for a size of 20042
2017-07-28 12:49:15,927-0400 INFO  ReadBuffer RB-LR-Handler(tag: 8, GET) actual allocated buffers 1(0 queued)
2017-07-28 12:49:15,928-0400 INFO  LocalIOProvider LR-Handler(tag: 8, GET) rbuf: RB-LR-Handler(tag: 8, GET)
2017-07-28 12:49:15,928-0400 INFO  GetFileHandler Handler(tag: 8, GET) unregistering (last)
2017-07-28 12:49:15,928-0400 INFO  ReadBuffer RB-LR-Handler(tag: -1, GET) de-allocating 1 buffers
2017-07-28 12:49:15,987-0400 INFO  GetFileHandler Handler(tag: 9, GET) request complete; src=file://localhost/openfoam/utils/foamutils.py
2017-07-28 12:49:15,987-0400 INFO  GetFileHandler Handler(tag: 9, GET) reader: LR-Handler(tag: 9, GET)
2017-07-28 12:49:15,987-0400 INFO  GetFileHandler Handler(tag: 9, GET) sending length: 4224, 1648411495
2017-07-28 12:49:15,987-0400 INFO  ReadBuffer RB-LR-Handler(tag: 9, GET) will ask for 1 buffers for a size of 4224
2017-07-28 12:49:15,988-0400 INFO  ReadBuffer RB-LR-Handler(tag: 9, GET) actual allocated buffers 1(0 queued)
2017-07-28 12:49:15,988-0400 INFO  LocalIOProvider LR-Handler(tag: 9, GET) rbuf: RB-LR-Handler(tag: 9, GET)
2017-07-28 12:49:15,988-0400 INFO  GetFileHandler Handler(tag: 9, GET) unregistering (last)
2017-07-28 12:49:15,988-0400 INFO  ReadBuffer RB-LR-Handler(tag: -1, GET) de-allocating 1 buffers
2017-07-28 12:49:16,047-0400 INFO  GetFileHandler Handler(tag: 10, GET) request complete; src=file://localhost/openfoam/inputs/openFoamCase.tar
2017-07-28 12:49:16,047-0400 INFO  GetFileHandler Handler(tag: 10, GET) reader: LR-Handler(tag: 10, GET)
2017-07-28 12:49:16,047-0400 INFO  GetFileHandler Handler(tag: 10, GET) sending length: 61440, 189153854
2017-07-28 12:49:16,048-0400 INFO  ReadBuffer RB-LR-Handler(tag: 10, GET) will ask for 1 buffers for a size of 61440
2017-07-28 12:49:16,048-0400 INFO  ReadBuffer RB-LR-Handler(tag: 10, GET) actual allocated buffers 1(0 queued)
2017-07-28 12:49:16,048-0400 INFO  LocalIOProvider LR-Handler(tag: 10, GET) rbuf: RB-LR-Handler(tag: 10, GET)
2017-07-28 12:49:16,048-0400 INFO  GetFileHandler Handler(tag: 10, GET) unregistering (last)
2017-07-28 12:49:16,048-0400 INFO  ReadBuffer RB-LR-Handler(tag: -1, GET) de-allocating 1 buffers
2017-07-28 12:49:16,127-0400 INFO  GetFileHandler Handler(tag: 11, GET) request complete; src=file://localhost/dakota/dakota_surr.in
2017-07-28 12:49:16,127-0400 INFO  GetFileHandler Handler(tag: 11, GET) reader: LR-Handler(tag: 11, GET)
2017-07-28 12:49:16,127-0400 INFO  GetFileHandler Handler(tag: 11, GET) sending length: 1979, 570373783
2017-07-28 12:49:16,128-0400 INFO  ReadBuffer RB-LR-Handler(tag: 11, GET) will ask for 1 buffers for a size of 1979
2017-07-28 12:49:16,128-0400 INFO  ReadBuffer RB-LR-Handler(tag: 11, GET) actual allocated buffers 1(0 queued)
2017-07-28 12:49:16,128-0400 INFO  LocalIOProvider LR-Handler(tag: 11, GET) rbuf: RB-LR-Handler(tag: 11, GET)
2017-07-28 12:49:16,128-0400 INFO  GetFileHandler Handler(tag: 11, GET) unregistering (last)
2017-07-28 12:49:16,128-0400 INFO  ReadBuffer RB-LR-Handler(tag: -1, GET) de-allocating 1 buffers
2017-07-28 12:49:16,167-0400 INFO  GetFileHandler Handler(tag: 12, GET) request complete; src=file://localhost/results/out.dat
2017-07-28 12:49:16,167-0400 INFO  GetFileHandler Handler(tag: 12, GET) reader: LR-Handler(tag: 12, GET)
2017-07-28 12:49:16,167-0400 INFO  GetFileHandler Handler(tag: 12, GET) sending length: 281, 491028239
2017-07-28 12:49:16,168-0400 INFO  ReadBuffer RB-LR-Handler(tag: 12, GET) will ask for 1 buffers for a size of 281
2017-07-28 12:49:16,168-0400 INFO  ReadBuffer RB-LR-Handler(tag: 12, GET) actual allocated buffers 1(0 queued)
2017-07-28 12:49:16,168-0400 INFO  LocalIOProvider LR-Handler(tag: 12, GET) rbuf: RB-LR-Handler(tag: 12, GET)
2017-07-28 12:49:16,168-0400 INFO  GetFileHandler Handler(tag: 12, GET) unregistering (last)
2017-07-28 12:49:16,168-0400 INFO  ReadBuffer RB-LR-Handler(tag: -1, GET) de-allocating 1 buffers
2017-07-28 12:49:16,247-0400 INFO  GetFileHandler Handler(tag: 13, GET) request complete; src=file://localhost/openfoam/utils/runSim.sh
2017-07-28 12:49:16,248-0400 INFO  GetFileHandler Handler(tag: 13, GET) reader: LR-Handler(tag: 13, GET)
2017-07-28 12:49:16,248-0400 INFO  GetFileHandler Handler(tag: 13, GET) sending length: 1080, 77824397
2017-07-28 12:49:16,248-0400 INFO  ReadBuffer RB-LR-Handler(tag: 13, GET) will ask for 1 buffers for a size of 1080
2017-07-28 12:49:16,248-0400 INFO  ReadBuffer RB-LR-Handler(tag: 13, GET) actual allocated buffers 1(0 queued)
2017-07-28 12:49:16,248-0400 INFO  LocalIOProvider LR-Handler(tag: 13, GET) rbuf: RB-LR-Handler(tag: 13, GET)
2017-07-28 12:49:16,254-0400 INFO  GetFileHandler Handler(tag: 13, GET) unregistering (last)
2017-07-28 12:49:16,254-0400 INFO  ReadBuffer RB-LR-Handler(tag: -1, GET) de-allocating 1 buffers
2017-07-28 12:49:16,331-0400 INFO  GetFileHandler Handler(tag: 14, GET) request complete; src=file://localhost/openfoam/inputs/sweepParams.run
2017-07-28 12:49:16,332-0400 INFO  GetFileHandler Handler(tag: 14, GET) reader: LR-Handler(tag: 14, GET)
2017-07-28 12:49:16,332-0400 INFO  GetFileHandler Handler(tag: 14, GET) sending length: 227, 1242284200
2017-07-28 12:49:16,332-0400 INFO  ReadBuffer RB-LR-Handler(tag: 14, GET) will ask for 1 buffers for a size of 227
2017-07-28 12:49:16,332-0400 INFO  ReadBuffer RB-LR-Handler(tag: 14, GET) actual allocated buffers 1(0 queued)
2017-07-28 12:49:16,332-0400 INFO  LocalIOProvider LR-Handler(tag: 14, GET) rbuf: RB-LR-Handler(tag: 14, GET)
2017-07-28 12:49:16,332-0400 INFO  GetFileHandler Handler(tag: 14, GET) unregistering (last)
2017-07-28 12:49:16,332-0400 INFO  ReadBuffer RB-LR-Handler(tag: -1, GET) de-allocating 1 buffers
2017-07-28 12:49:16,411-0400 INFO  GetFileHandler Handler(tag: 15, GET) request complete; src=file://localhost/openfoam/utils/extract.py
2017-07-28 12:49:16,411-0400 INFO  GetFileHandler Handler(tag: 15, GET) reader: LR-Handler(tag: 15, GET)
2017-07-28 12:49:16,411-0400 INFO  GetFileHandler Handler(tag: 15, GET) sending length: 4613, 212470483
2017-07-28 12:49:16,411-0400 INFO  ReadBuffer RB-LR-Handler(tag: 15, GET) will ask for 1 buffers for a size of 4613
2017-07-28 12:49:16,412-0400 INFO  ReadBuffer RB-LR-Handler(tag: 15, GET) actual allocated buffers 1(0 queued)
2017-07-28 12:49:16,412-0400 INFO  LocalIOProvider LR-Handler(tag: 15, GET) rbuf: RB-LR-Handler(tag: 15, GET)
2017-07-28 12:49:16,412-0400 INFO  GetFileHandler Handler(tag: 15, GET) unregistering (last)
2017-07-28 12:49:16,412-0400 INFO  ReadBuffer RB-LR-Handler(tag: -1, GET) de-allocating 1 buffers
2017-07-28 12:49:16,420-0400 INFO  RuntimeStats$ProgressTicker HeapMax: 954728448, CrtHeap: 506462208, UsedHeap: 132120576, JVMThreads: 34
2017-07-28 12:49:16,420-0400 INFO  RuntimeStats$ProgressTicker   Stage in:1
2017-07-28 12:49:16,471-0400 INFO  GetFileHandler Handler(tag: 16, GET) request complete; src=file://localhost/openfoam/inputs/pwParams.run
2017-07-28 12:49:16,471-0400 INFO  GetFileHandler Handler(tag: 16, GET) reader: LR-Handler(tag: 16, GET)
2017-07-28 12:49:16,472-0400 INFO  GetFileHandler Handler(tag: 16, GET) sending length: 222, 665804500
2017-07-28 12:49:16,472-0400 INFO  ReadBuffer RB-LR-Handler(tag: 16, GET) will ask for 1 buffers for a size of 222
2017-07-28 12:49:16,472-0400 INFO  ReadBuffer RB-LR-Handler(tag: 16, GET) actual allocated buffers 1(0 queued)
2017-07-28 12:49:16,472-0400 INFO  LocalIOProvider LR-Handler(tag: 16, GET) rbuf: RB-LR-Handler(tag: 16, GET)
2017-07-28 12:49:16,472-0400 INFO  GetFileHandler Handler(tag: 16, GET) unregistering (last)
2017-07-28 12:49:16,472-0400 INFO  ReadBuffer RB-LR-Handler(tag: -1, GET) de-allocating 1 buffers
2017-07-28 12:49:16,551-0400 INFO  GetFileHandler Handler(tag: 17, GET) request complete; src=file://localhost/openfoam/inputs/elbowKPI.json
2017-07-28 12:49:16,551-0400 INFO  GetFileHandler Handler(tag: 17, GET) reader: LR-Handler(tag: 17, GET)
2017-07-28 12:49:16,551-0400 INFO  GetFileHandler Handler(tag: 17, GET) sending length: 1211, 85798157
2017-07-28 12:49:16,552-0400 INFO  ReadBuffer RB-LR-Handler(tag: 17, GET) will ask for 1 buffers for a size of 1211
2017-07-28 12:49:16,552-0400 INFO  ReadBuffer RB-LR-Handler(tag: 17, GET) actual allocated buffers 1(0 queued)
2017-07-28 12:49:16,552-0400 INFO  LocalIOProvider LR-Handler(tag: 17, GET) rbuf: RB-LR-Handler(tag: 17, GET)
2017-07-28 12:49:16,552-0400 INFO  GetFileHandler Handler(tag: 17, GET) unregistering (last)
2017-07-28 12:49:16,552-0400 INFO  ReadBuffer RB-LR-Handler(tag: -1, GET) de-allocating 1 buffers
2017-07-28 12:49:16,631-0400 INFO  GetFileHandler Handler(tag: 18, GET) request complete; src=file://localhost/dakota/simulator_script
2017-07-28 12:49:16,631-0400 INFO  GetFileHandler Handler(tag: 18, GET) reader: LR-Handler(tag: 18, GET)
2017-07-28 12:49:16,631-0400 INFO  GetFileHandler Handler(tag: 18, GET) sending length: 1813, 1166352024
2017-07-28 12:49:16,632-0400 INFO  ReadBuffer RB-LR-Handler(tag: 18, GET) will ask for 1 buffers for a size of 1813
2017-07-28 12:49:16,632-0400 INFO  ReadBuffer RB-LR-Handler(tag: 18, GET) actual allocated buffers 1(0 queued)
2017-07-28 12:49:16,632-0400 INFO  LocalIOProvider LR-Handler(tag: 18, GET) rbuf: RB-LR-Handler(tag: 18, GET)
2017-07-28 12:49:16,632-0400 INFO  GetFileHandler Handler(tag: 18, GET) unregistering (last)
2017-07-28 12:49:16,632-0400 INFO  ReadBuffer RB-LR-Handler(tag: -1, GET) de-allocating 1 buffers
2017-07-28 12:49:16,672-0400 INFO  GetFileHandler Handler(tag: 19, GET) request complete; src=file://localhost/openfoam/utils/makeMesh.sh
2017-07-28 12:49:16,672-0400 INFO  GetFileHandler Handler(tag: 19, GET) reader: LR-Handler(tag: 19, GET)
2017-07-28 12:49:16,672-0400 INFO  GetFileHandler Handler(tag: 19, GET) sending length: 2454, 252717824
2017-07-28 12:49:16,672-0400 INFO  ReadBuffer RB-LR-Handler(tag: 19, GET) will ask for 1 buffers for a size of 2454
2017-07-28 12:49:16,672-0400 INFO  ReadBuffer RB-LR-Handler(tag: 19, GET) actual allocated buffers 1(0 queued)
2017-07-28 12:49:16,672-0400 INFO  LocalIOProvider LR-Handler(tag: 19, GET) rbuf: RB-LR-Handler(tag: 19, GET)
2017-07-28 12:49:16,672-0400 INFO  GetFileHandler Handler(tag: 19, GET) unregistering (last)
2017-07-28 12:49:16,672-0400 INFO  ReadBuffer RB-LR-Handler(tag: -1, GET) de-allocating 1 buffers
2017-07-28 12:49:16,712-0400 INFO  GetFileHandler Handler(tag: 20, GET) request complete; src=file://localhost/openfoam/utils/preProcess.sh
2017-07-28 12:49:16,712-0400 INFO  GetFileHandler Handler(tag: 20, GET) reader: LR-Handler(tag: 20, GET)
2017-07-28 12:49:16,712-0400 INFO  GetFileHandler Handler(tag: 20, GET) sending length: 2290, 1463248710
2017-07-28 12:49:16,712-0400 INFO  ReadBuffer RB-LR-Handler(tag: 20, GET) will ask for 1 buffers for a size of 2290
2017-07-28 12:49:16,712-0400 INFO  ReadBuffer RB-LR-Handler(tag: 20, GET) actual allocated buffers 1(0 queued)
2017-07-28 12:49:16,712-0400 INFO  LocalIOProvider LR-Handler(tag: 20, GET) rbuf: RB-LR-Handler(tag: 20, GET)
2017-07-28 12:49:16,712-0400 INFO  GetFileHandler Handler(tag: 20, GET) unregistering (last)
2017-07-28 12:49:16,712-0400 INFO  ReadBuffer RB-LR-Handler(tag: -1, GET) de-allocating 1 buffers
2017-07-28 12:49:16,755-0400 INFO  GetFileHandler Handler(tag: 21, GET) request complete; src=file://localhost/dakota/utils/prepInputs.sh
2017-07-28 12:49:16,755-0400 INFO  GetFileHandler Handler(tag: 21, GET) reader: LR-Handler(tag: 21, GET)
2017-07-28 12:49:16,756-0400 INFO  GetFileHandler Handler(tag: 21, GET) sending length: 417, 1224877031
2017-07-28 12:49:16,756-0400 INFO  ReadBuffer RB-LR-Handler(tag: 21, GET) will ask for 1 buffers for a size of 417
2017-07-28 12:49:16,756-0400 INFO  ReadBuffer RB-LR-Handler(tag: 21, GET) actual allocated buffers 1(0 queued)
2017-07-28 12:49:16,756-0400 INFO  LocalIOProvider LR-Handler(tag: 21, GET) rbuf: RB-LR-Handler(tag: 21, GET)
2017-07-28 12:49:16,756-0400 INFO  GetFileHandler Handler(tag: 21, GET) unregistering (last)
2017-07-28 12:49:16,756-0400 INFO  ReadBuffer RB-LR-Handler(tag: -1, GET) de-allocating 1 buffers
2017-07-28 12:49:16,855-0400 INFO  GetFileHandler Handler(tag: 22, GET) request complete; src=file://localhost/dakota/utils/dakota_cleanup
2017-07-28 12:49:16,856-0400 INFO  GetFileHandler Handler(tag: 22, GET) reader: LR-Handler(tag: 22, GET)
2017-07-28 12:49:16,856-0400 INFO  GetFileHandler Handler(tag: 22, GET) sending length: 110, 591686963
2017-07-28 12:49:16,856-0400 INFO  ReadBuffer RB-LR-Handler(tag: 22, GET) will ask for 1 buffers for a size of 110
2017-07-28 12:49:16,856-0400 INFO  ReadBuffer RB-LR-Handler(tag: 22, GET) actual allocated buffers 1(0 queued)
2017-07-28 12:49:16,856-0400 INFO  LocalIOProvider LR-Handler(tag: 22, GET) rbuf: RB-LR-Handler(tag: 22, GET)
2017-07-28 12:49:16,856-0400 INFO  GetFileHandler Handler(tag: 22, GET) unregistering (last)
2017-07-28 12:49:16,856-0400 INFO  ReadBuffer RB-LR-Handler(tag: -1, GET) de-allocating 1 buffers
2017-07-28 12:49:16,935-0400 INFO  GetFileHandler Handler(tag: 23, GET) request complete; src=file://localhost/dakota/utils/graph_sensitivity.py
2017-07-28 12:49:16,935-0400 INFO  GetFileHandler Handler(tag: 23, GET) reader: LR-Handler(tag: 23, GET)
2017-07-28 12:49:16,935-0400 INFO  GetFileHandler Handler(tag: 23, GET) sending length: 2055, 518097599
2017-07-28 12:49:16,936-0400 INFO  ReadBuffer RB-LR-Handler(tag: 23, GET) will ask for 1 buffers for a size of 2055
2017-07-28 12:49:16,936-0400 INFO  ReadBuffer RB-LR-Handler(tag: 23, GET) actual allocated buffers 1(0 queued)
2017-07-28 12:49:16,936-0400 INFO  LocalIOProvider LR-Handler(tag: 23, GET) rbuf: RB-LR-Handler(tag: 23, GET)
2017-07-28 12:49:16,936-0400 INFO  GetFileHandler Handler(tag: 23, GET) unregistering (last)
2017-07-28 12:49:16,936-0400 INFO  ReadBuffer RB-LR-Handler(tag: -1, GET) de-allocating 1 buffers
2017-07-28 12:49:16,995-0400 INFO  GetFileHandler Handler(tag: 24, GET) request complete; src=file://localhost/dakota/utils/prepInputs_surr.sh
2017-07-28 12:49:16,995-0400 INFO  GetFileHandler Handler(tag: 24, GET) reader: LR-Handler(tag: 24, GET)
2017-07-28 12:49:16,995-0400 INFO  GetFileHandler Handler(tag: 24, GET) sending length: 451, 2029585271
2017-07-28 12:49:16,995-0400 INFO  ReadBuffer RB-LR-Handler(tag: 24, GET) will ask for 1 buffers for a size of 451
2017-07-28 12:49:16,996-0400 INFO  ReadBuffer RB-LR-Handler(tag: 24, GET) actual allocated buffers 1(0 queued)
2017-07-28 12:49:16,996-0400 INFO  LocalIOProvider LR-Handler(tag: 24, GET) rbuf: RB-LR-Handler(tag: 24, GET)
2017-07-28 12:49:16,996-0400 INFO  GetFileHandler Handler(tag: 24, GET) unregistering (last)
2017-07-28 12:49:16,996-0400 INFO  ReadBuffer RB-LR-Handler(tag: -1, GET) de-allocating 1 buffers
2017-07-28 12:49:17,075-0400 INFO  GetFileHandler Handler(tag: 25, GET) request complete; src=file://localhost/openfoam/utils/makeFoamMesh2.sh
2017-07-28 12:49:17,075-0400 INFO  GetFileHandler Handler(tag: 25, GET) reader: LR-Handler(tag: 25, GET)
2017-07-28 12:49:17,075-0400 INFO  GetFileHandler Handler(tag: 25, GET) sending length: 1826, 146634061
2017-07-28 12:49:17,075-0400 INFO  ReadBuffer RB-LR-Handler(tag: 25, GET) will ask for 1 buffers for a size of 1826
2017-07-28 12:49:17,075-0400 INFO  ReadBuffer RB-LR-Handler(tag: 25, GET) actual allocated buffers 1(0 queued)
2017-07-28 12:49:17,075-0400 INFO  LocalIOProvider LR-Handler(tag: 25, GET) rbuf: RB-LR-Handler(tag: 25, GET)
2017-07-28 12:49:17,076-0400 INFO  GetFileHandler Handler(tag: 25, GET) unregistering (last)
2017-07-28 12:49:17,076-0400 INFO  ReadBuffer RB-LR-Handler(tag: -1, GET) de-allocating 1 buffers
2017-07-28 12:49:17,115-0400 INFO  GetFileHandler Handler(tag: 26, GET) request complete; src=file://localhost/dakota/utils/swift_driver
2017-07-28 12:49:17,115-0400 INFO  GetFileHandler Handler(tag: 26, GET) reader: LR-Handler(tag: 26, GET)
2017-07-28 12:49:17,115-0400 INFO  GetFileHandler Handler(tag: 26, GET) sending length: 674, 1723878115
2017-07-28 12:49:17,115-0400 INFO  ReadBuffer RB-LR-Handler(tag: 26, GET) will ask for 1 buffers for a size of 674
2017-07-28 12:49:17,115-0400 INFO  ReadBuffer RB-LR-Handler(tag: 26, GET) actual allocated buffers 1(0 queued)
2017-07-28 12:49:17,115-0400 INFO  LocalIOProvider LR-Handler(tag: 26, GET) rbuf: RB-LR-Handler(tag: 26, GET)
2017-07-28 12:49:17,116-0400 INFO  GetFileHandler Handler(tag: 26, GET) unregistering (last)
2017-07-28 12:49:17,116-0400 INFO  ReadBuffer RB-LR-Handler(tag: -1, GET) de-allocating 1 buffers
2017-07-28 12:49:17,199-0400 INFO  GetFileHandler Handler(tag: 27, GET) request complete; src=file://localhost/dakota/runDakota.sh
2017-07-28 12:49:17,199-0400 INFO  GetFileHandler Handler(tag: 27, GET) reader: LR-Handler(tag: 27, GET)
2017-07-28 12:49:17,199-0400 INFO  GetFileHandler Handler(tag: 27, GET) sending length: 2036, 1114533171
2017-07-28 12:49:17,199-0400 INFO  ReadBuffer RB-LR-Handler(tag: 27, GET) will ask for 1 buffers for a size of 2036
2017-07-28 12:49:17,200-0400 INFO  ReadBuffer RB-LR-Handler(tag: 27, GET) actual allocated buffers 1(0 queued)
2017-07-28 12:49:17,200-0400 INFO  LocalIOProvider LR-Handler(tag: 27, GET) rbuf: RB-LR-Handler(tag: 27, GET)
2017-07-28 12:49:17,200-0400 INFO  GetFileHandler Handler(tag: 27, GET) unregistering (last)
2017-07-28 12:49:17,200-0400 INFO  ReadBuffer RB-LR-Handler(tag: -1, GET) de-allocating 1 buffers
2017-07-28 12:49:17,259-0400 INFO  GetFileHandler Handler(tag: 28, GET) request complete; src=file://localhost/openfoam/utils/writeBlockMeshDictFile.py
2017-07-28 12:49:17,259-0400 INFO  GetFileHandler Handler(tag: 28, GET) reader: LR-Handler(tag: 28, GET)
2017-07-28 12:49:17,259-0400 INFO  GetFileHandler Handler(tag: 28, GET) sending length: 2459, 1619401821
2017-07-28 12:49:17,259-0400 INFO  ReadBuffer RB-LR-Handler(tag: 28, GET) will ask for 1 buffers for a size of 2459
2017-07-28 12:49:17,259-0400 INFO  ReadBuffer RB-LR-Handler(tag: 28, GET) actual allocated buffers 1(0 queued)
2017-07-28 12:49:17,260-0400 INFO  LocalIOProvider LR-Handler(tag: 28, GET) rbuf: RB-LR-Handler(tag: 28, GET)
2017-07-28 12:49:17,260-0400 INFO  GetFileHandler Handler(tag: 28, GET) unregistering (last)
2017-07-28 12:49:17,260-0400 INFO  ReadBuffer RB-LR-Handler(tag: -1, GET) de-allocating 1 buffers
2017-07-28 12:49:17,319-0400 INFO  GetFileHandler Handler(tag: 29, GET) request complete; src=file://localhost/dakota/dakota_DOE.in
2017-07-28 12:49:17,319-0400 INFO  GetFileHandler Handler(tag: 29, GET) reader: LR-Handler(tag: 29, GET)
2017-07-28 12:49:17,319-0400 INFO  GetFileHandler Handler(tag: 29, GET) sending length: 1665, 591565670
2017-07-28 12:49:17,320-0400 INFO  ReadBuffer RB-LR-Handler(tag: 29, GET) will ask for 1 buffers for a size of 1665
2017-07-28 12:49:17,320-0400 INFO  ReadBuffer RB-LR-Handler(tag: 29, GET) actual allocated buffers 1(0 queued)
2017-07-28 12:49:17,320-0400 INFO  LocalIOProvider LR-Handler(tag: 29, GET) rbuf: RB-LR-Handler(tag: 29, GET)
2017-07-28 12:49:17,320-0400 INFO  GetFileHandler Handler(tag: 29, GET) unregistering (last)
2017-07-28 12:49:17,320-0400 INFO  ReadBuffer RB-LR-Handler(tag: -1, GET) de-allocating 1 buffers
2017-07-28 12:49:17,379-0400 INFO  GetFileHandler Handler(tag: 30, GET) request complete; src=file://localhost/openfoam/utils/elbow3D_inputFile.py
2017-07-28 12:49:17,379-0400 INFO  GetFileHandler Handler(tag: 30, GET) reader: LR-Handler(tag: 30, GET)
2017-07-28 12:49:17,379-0400 INFO  GetFileHandler Handler(tag: 30, GET) sending length: 6038, 1499619750
2017-07-28 12:49:17,379-0400 INFO  ReadBuffer RB-LR-Handler(tag: 30, GET) will ask for 1 buffers for a size of 6038
2017-07-28 12:49:17,379-0400 INFO  ReadBuffer RB-LR-Handler(tag: 30, GET) actual allocated buffers 1(0 queued)
2017-07-28 12:49:17,379-0400 INFO  LocalIOProvider LR-Handler(tag: 30, GET) rbuf: RB-LR-Handler(tag: 30, GET)
2017-07-28 12:49:17,380-0400 INFO  GetFileHandler Handler(tag: 30, GET) unregistering (last)
2017-07-28 12:49:17,380-0400 INFO  ReadBuffer RB-LR-Handler(tag: -1, GET) de-allocating 1 buffers
2017-07-28 12:49:17,421-0400 INFO  RuntimeStats$ProgressTicker HeapMax: 954728448, CrtHeap: 506462208, UsedHeap: 132120576, JVMThreads: 34
2017-07-28 12:49:17,439-0400 INFO  GetFileHandler Handler(tag: 31, GET) request complete; src=file://localhost/openfoam/utils/makeGeom.sh
2017-07-28 12:49:17,439-0400 INFO  GetFileHandler Handler(tag: 31, GET) reader: LR-Handler(tag: 31, GET)
2017-07-28 12:49:17,440-0400 INFO  GetFileHandler Handler(tag: 31, GET) sending length: 1574, 1599501605
2017-07-28 12:49:17,440-0400 INFO  ReadBuffer RB-LR-Handler(tag: 31, GET) will ask for 1 buffers for a size of 1574
2017-07-28 12:49:17,440-0400 INFO  ReadBuffer RB-LR-Handler(tag: 31, GET) actual allocated buffers 1(0 queued)
2017-07-28 12:49:17,440-0400 INFO  LocalIOProvider LR-Handler(tag: 31, GET) rbuf: RB-LR-Handler(tag: 31, GET)
2017-07-28 12:49:17,440-0400 INFO  GetFileHandler Handler(tag: 31, GET) unregistering (last)
2017-07-28 12:49:17,440-0400 INFO  ReadBuffer RB-LR-Handler(tag: -1, GET) de-allocating 1 buffers
2017-07-28 12:49:17,479-0400 INFO  GetFileHandler Handler(tag: 32, GET) request complete; src=file://localhost/openfoam/runOFA.sh
2017-07-28 12:49:17,479-0400 INFO  GetFileHandler Handler(tag: 32, GET) reader: LR-Handler(tag: 32, GET)
2017-07-28 12:49:17,479-0400 INFO  GetFileHandler Handler(tag: 32, GET) sending length: 886, 723145570
2017-07-28 12:49:17,479-0400 INFO  ReadBuffer RB-LR-Handler(tag: 32, GET) will ask for 1 buffers for a size of 886
2017-07-28 12:49:17,480-0400 INFO  ReadBuffer RB-LR-Handler(tag: 32, GET) actual allocated buffers 1(0 queued)
2017-07-28 12:49:17,480-0400 INFO  LocalIOProvider LR-Handler(tag: 32, GET) rbuf: RB-LR-Handler(tag: 32, GET)
2017-07-28 12:49:17,480-0400 INFO  GetFileHandler Handler(tag: 32, GET) unregistering (last)
2017-07-28 12:49:17,480-0400 INFO  ReadBuffer RB-LR-Handler(tag: -1, GET) de-allocating 1 buffers
2017-07-28 12:49:17,559-0400 INFO  GetFileHandler Handler(tag: 33, GET) request complete; src=file://localhost/openfoam/utils/runOpenFOAM.sh
2017-07-28 12:49:17,559-0400 INFO  GetFileHandler Handler(tag: 33, GET) reader: LR-Handler(tag: 33, GET)
2017-07-28 12:49:17,559-0400 INFO  GetFileHandler Handler(tag: 33, GET) sending length: 716, 1863250391
2017-07-28 12:49:17,560-0400 INFO  ReadBuffer RB-LR-Handler(tag: 33, GET) will ask for 1 buffers for a size of 716
2017-07-28 12:49:17,560-0400 INFO  ReadBuffer RB-LR-Handler(tag: 33, GET) actual allocated buffers 1(0 queued)
2017-07-28 12:49:17,560-0400 INFO  LocalIOProvider LR-Handler(tag: 33, GET) rbuf: RB-LR-Handler(tag: 33, GET)
2017-07-28 12:49:17,560-0400 INFO  GetFileHandler Handler(tag: 33, GET) unregistering (last)
2017-07-28 12:49:17,560-0400 INFO  ReadBuffer RB-LR-Handler(tag: -1, GET) de-allocating 1 buffers
2017-07-28 12:49:17,639-0400 INFO  GetFileHandler Handler(tag: 34, GET) request complete; src=file://localhost/openfoam/utils/writeSimParamFiles.py
2017-07-28 12:49:17,639-0400 INFO  GetFileHandler Handler(tag: 34, GET) reader: LR-Handler(tag: 34, GET)
2017-07-28 12:49:17,639-0400 INFO  GetFileHandler Handler(tag: 34, GET) sending length: 674, 215933792
2017-07-28 12:49:17,639-0400 INFO  ReadBuffer RB-LR-Handler(tag: 34, GET) will ask for 1 buffers for a size of 674
2017-07-28 12:49:17,640-0400 INFO  ReadBuffer RB-LR-Handler(tag: 34, GET) actual allocated buffers 1(0 queued)
2017-07-28 12:49:17,640-0400 INFO  LocalIOProvider LR-Handler(tag: 34, GET) rbuf: RB-LR-Handler(tag: 34, GET)
2017-07-28 12:49:17,640-0400 INFO  GetFileHandler Handler(tag: 34, GET) unregistering (last)
2017-07-28 12:49:17,640-0400 INFO  ReadBuffer RB-LR-Handler(tag: -1, GET) de-allocating 1 buffers
2017-07-28 12:49:17,723-0400 INFO  GetFileHandler Handler(tag: 35, GET) request complete; src=file://localhost/openfoam/utils/killSalome.sh
2017-07-28 12:49:17,724-0400 INFO  GetFileHandler Handler(tag: 35, GET) reader: LR-Handler(tag: 35, GET)
2017-07-28 12:49:17,724-0400 INFO  GetFileHandler Handler(tag: 35, GET) sending length: 749, 2108458924
2017-07-28 12:49:17,724-0400 INFO  ReadBuffer RB-LR-Handler(tag: 35, GET) will ask for 1 buffers for a size of 749
2017-07-28 12:49:17,724-0400 INFO  ReadBuffer RB-LR-Handler(tag: 35, GET) actual allocated buffers 1(0 queued)
2017-07-28 12:49:17,724-0400 INFO  LocalIOProvider LR-Handler(tag: 35, GET) rbuf: RB-LR-Handler(tag: 35, GET)
2017-07-28 12:49:17,724-0400 INFO  GetFileHandler Handler(tag: 35, GET) unregistering (last)
2017-07-28 12:49:17,724-0400 INFO  ReadBuffer RB-LR-Handler(tag: -1, GET) de-allocating 1 buffers
2017-07-28 12:49:17,823-0400 INFO  GetFileHandler Handler(tag: 36, GET) request complete; src=file://localhost/openfoam/utils/makeFoamMesh.sh
2017-07-28 12:49:17,823-0400 INFO  GetFileHandler Handler(tag: 36, GET) reader: LR-Handler(tag: 36, GET)
2017-07-28 12:49:17,823-0400 INFO  GetFileHandler Handler(tag: 36, GET) sending length: 1438, 1108309854
2017-07-28 12:49:17,823-0400 INFO  ReadBuffer RB-LR-Handler(tag: 36, GET) will ask for 1 buffers for a size of 1438
2017-07-28 12:49:17,823-0400 INFO  ReadBuffer RB-LR-Handler(tag: 36, GET) actual allocated buffers 1(0 queued)
2017-07-28 12:49:17,823-0400 INFO  LocalIOProvider LR-Handler(tag: 36, GET) rbuf: RB-LR-Handler(tag: 36, GET)
2017-07-28 12:49:17,824-0400 INFO  GetFileHandler Handler(tag: 36, GET) unregistering (last)
2017-07-28 12:49:17,824-0400 INFO  ReadBuffer RB-LR-Handler(tag: -1, GET) de-allocating 1 buffers
2017-07-28 12:49:17,883-0400 INFO  GetFileHandler Handler(tag: 37, GET) request complete; src=file://localhost/dakota/utils/input_parser.py
2017-07-28 12:49:17,884-0400 INFO  GetFileHandler Handler(tag: 37, GET) reader: LR-Handler(tag: 37, GET)
2017-07-28 12:49:17,884-0400 INFO  GetFileHandler Handler(tag: 37, GET) sending length: 3231, 476109727
2017-07-28 12:49:17,884-0400 INFO  ReadBuffer RB-LR-Handler(tag: 37, GET) will ask for 1 buffers for a size of 3231
2017-07-28 12:49:17,884-0400 INFO  ReadBuffer RB-LR-Handler(tag: 37, GET) actual allocated buffers 1(0 queued)
2017-07-28 12:49:17,884-0400 INFO  LocalIOProvider LR-Handler(tag: 37, GET) rbuf: RB-LR-Handler(tag: 37, GET)
2017-07-28 12:49:17,884-0400 INFO  GetFileHandler Handler(tag: 37, GET) unregistering (last)
2017-07-28 12:49:17,884-0400 INFO  ReadBuffer RB-LR-Handler(tag: -1, GET) de-allocating 1 buffers
2017-07-28 12:49:17,943-0400 INFO  GetFileHandler Handler(tag: 38, GET) request complete; src=file://localhost/dakota/utils/dprepro
2017-07-28 12:49:17,943-0400 INFO  GetFileHandler Handler(tag: 38, GET) reader: LR-Handler(tag: 38, GET)
2017-07-28 12:49:17,943-0400 INFO  GetFileHandler Handler(tag: 38, GET) sending length: 12889, 383350725
2017-07-28 12:49:17,943-0400 INFO  ReadBuffer RB-LR-Handler(tag: 38, GET) will ask for 1 buffers for a size of 12889
2017-07-28 12:49:17,943-0400 INFO  ReadBuffer RB-LR-Handler(tag: 38, GET) actual allocated buffers 1(0 queued)
2017-07-28 12:49:17,943-0400 INFO  LocalIOProvider LR-Handler(tag: 38, GET) rbuf: RB-LR-Handler(tag: 38, GET)
2017-07-28 12:49:17,944-0400 INFO  GetFileHandler Handler(tag: 38, GET) unregistering (last)
2017-07-28 12:49:17,944-0400 INFO  ReadBuffer RB-LR-Handler(tag: -1, GET) de-allocating 1 buffers
2017-07-28 12:49:17,983-0400 INFO  GetFileHandler Handler(tag: 39, GET) request complete; src=file://localhost//core/xinchen/swift-k/dist/swift-svn/libexec/_swiftwrap.staging
2017-07-28 12:49:17,983-0400 INFO  GetFileHandler Handler(tag: 39, GET) reader: LR-Handler(tag: 39, GET)
2017-07-28 12:49:17,983-0400 INFO  GetFileHandler Handler(tag: 39, GET) sending length: 15067, 1287423725
2017-07-28 12:49:17,984-0400 INFO  ReadBuffer RB-LR-Handler(tag: 39, GET) will ask for 1 buffers for a size of 15067
2017-07-28 12:49:17,984-0400 INFO  ReadBuffer RB-LR-Handler(tag: 39, GET) actual allocated buffers 1(0 queued)
2017-07-28 12:49:17,984-0400 INFO  LocalIOProvider LR-Handler(tag: 39, GET) rbuf: RB-LR-Handler(tag: 39, GET)
2017-07-28 12:49:17,984-0400 INFO  GetFileHandler Handler(tag: 39, GET) unregistering (last)
2017-07-28 12:49:17,984-0400 INFO  ReadBuffer RB-LR-Handler(tag: -1, GET) de-allocating 1 buffers
2017-07-28 12:49:18,023-0400 INFO  GetFileHandler Handler(tag: 40, GET) request complete; src=file://localhost/openfoam/utils/PVExtract.sh
2017-07-28 12:49:18,023-0400 INFO  GetFileHandler Handler(tag: 40, GET) reader: LR-Handler(tag: 40, GET)
2017-07-28 12:49:18,023-0400 INFO  GetFileHandler Handler(tag: 40, GET) sending length: 1492, 349244491
2017-07-28 12:49:18,024-0400 INFO  ReadBuffer RB-LR-Handler(tag: 40, GET) will ask for 1 buffers for a size of 1492
2017-07-28 12:49:18,024-0400 INFO  ReadBuffer RB-LR-Handler(tag: 40, GET) actual allocated buffers 1(0 queued)
2017-07-28 12:49:18,024-0400 INFO  LocalIOProvider LR-Handler(tag: 40, GET) rbuf: RB-LR-Handler(tag: 40, GET)
2017-07-28 12:49:18,034-0400 INFO  GetFileHandler Handler(tag: 40, GET) unregistering (last)
2017-07-28 12:49:18,034-0400 INFO  ReadBuffer RB-LR-Handler(tag: -1, GET) de-allocating 1 buffers
2017-07-28 12:49:18,083-0400 INFO  GetFileHandler Handler(tag: 41, GET) request complete; src=file://localhost/dakota/start_docker_surr.sh
2017-07-28 12:49:18,083-0400 INFO  GetFileHandler Handler(tag: 41, GET) reader: LR-Handler(tag: 41, GET)
2017-07-28 12:49:18,083-0400 INFO  GetFileHandler Handler(tag: 41, GET) sending length: 180, 980614281
2017-07-28 12:49:18,083-0400 INFO  ReadBuffer RB-LR-Handler(tag: 41, GET) will ask for 1 buffers for a size of 180
2017-07-28 12:49:18,083-0400 INFO  ReadBuffer RB-LR-Handler(tag: 41, GET) actual allocated buffers 1(0 queued)
2017-07-28 12:49:18,083-0400 INFO  LocalIOProvider LR-Handler(tag: 41, GET) rbuf: RB-LR-Handler(tag: 41, GET)
2017-07-28 12:49:18,084-0400 INFO  GetFileHandler Handler(tag: 41, GET) unregistering (last)
2017-07-28 12:49:18,084-0400 INFO  ReadBuffer RB-LR-Handler(tag: -1, GET) de-allocating 1 buffers
2017-07-28 12:49:18,167-0400 INFO  GetFileHandler Handler(tag: 42, GET) request complete; src=file://localhost/dakota/runDakota_surr.sh
2017-07-28 12:49:18,167-0400 INFO  GetFileHandler Handler(tag: 42, GET) reader: LR-Handler(tag: 42, GET)
2017-07-28 12:49:18,167-0400 INFO  GetFileHandler Handler(tag: 42, GET) sending length: 2047, 910770213
2017-07-28 12:49:18,167-0400 INFO  ReadBuffer RB-LR-Handler(tag: 42, GET) will ask for 1 buffers for a size of 2047
2017-07-28 12:49:18,167-0400 INFO  ReadBuffer RB-LR-Handler(tag: 42, GET) actual allocated buffers 1(0 queued)
2017-07-28 12:49:18,167-0400 INFO  LocalIOProvider LR-Handler(tag: 42, GET) rbuf: RB-LR-Handler(tag: 42, GET)
2017-07-28 12:49:18,167-0400 INFO  GetFileHandler Handler(tag: 42, GET) unregistering (last)
2017-07-28 12:49:18,167-0400 INFO  ReadBuffer RB-LR-Handler(tag: -1, GET) de-allocating 1 buffers
2017-07-28 12:49:18,227-0400 INFO  GetFileHandler Handler(tag: 43, GET) request complete; src=file://localhost/openfoam/utils/runSimPVExtract.sh
2017-07-28 12:49:18,227-0400 INFO  GetFileHandler Handler(tag: 43, GET) reader: LR-Handler(tag: 43, GET)
2017-07-28 12:49:18,227-0400 INFO  GetFileHandler Handler(tag: 43, GET) sending length: 1224, 98788609
2017-07-28 12:49:18,228-0400 INFO  ReadBuffer RB-LR-Handler(tag: 43, GET) will ask for 1 buffers for a size of 1224
2017-07-28 12:49:18,228-0400 INFO  ReadBuffer RB-LR-Handler(tag: 43, GET) actual allocated buffers 1(0 queued)
2017-07-28 12:49:18,228-0400 INFO  LocalIOProvider LR-Handler(tag: 43, GET) rbuf: RB-LR-Handler(tag: 43, GET)
2017-07-28 12:49:18,228-0400 INFO  GetFileHandler Handler(tag: 43, GET) unregistering (last)
2017-07-28 12:49:18,228-0400 INFO  ReadBuffer RB-LR-Handler(tag: -1, GET) de-allocating 1 buffers
2017-07-28 12:49:18,307-0400 INFO  GetFileHandler Handler(tag: 44, GET) request complete; src=file://localhost/openfoam/utils/expandSweep.py
2017-07-28 12:49:18,307-0400 INFO  GetFileHandler Handler(tag: 44, GET) reader: LR-Handler(tag: 44, GET)
2017-07-28 12:49:18,307-0400 INFO  GetFileHandler Handler(tag: 44, GET) sending length: 1557, 1715282373
2017-07-28 12:49:18,307-0400 INFO  ReadBuffer RB-LR-Handler(tag: 44, GET) will ask for 1 buffers for a size of 1557
2017-07-28 12:49:18,307-0400 INFO  ReadBuffer RB-LR-Handler(tag: 44, GET) actual allocated buffers 1(0 queued)
2017-07-28 12:49:18,307-0400 INFO  LocalIOProvider LR-Handler(tag: 44, GET) rbuf: RB-LR-Handler(tag: 44, GET)
2017-07-28 12:49:18,308-0400 INFO  GetFileHandler Handler(tag: 44, GET) unregistering (last)
2017-07-28 12:49:18,308-0400 INFO  ReadBuffer RB-LR-Handler(tag: -1, GET) de-allocating 1 buffers
2017-07-28 12:49:18,367-0400 INFO  GetFileHandler Handler(tag: 45, GET) request complete; src=file://localhost/dakota/utils/tree
2017-07-28 12:49:18,367-0400 INFO  GetFileHandler Handler(tag: 45, GET) reader: LR-Handler(tag: 45, GET)
2017-07-28 12:49:18,367-0400 INFO  GetFileHandler Handler(tag: 45, GET) sending length: 57176, 306915760
2017-07-28 12:49:18,368-0400 INFO  ReadBuffer RB-LR-Handler(tag: 45, GET) will ask for 1 buffers for a size of 57176
2017-07-28 12:49:18,368-0400 INFO  ReadBuffer RB-LR-Handler(tag: 45, GET) actual allocated buffers 1(0 queued)
2017-07-28 12:49:18,368-0400 INFO  LocalIOProvider LR-Handler(tag: 45, GET) rbuf: RB-LR-Handler(tag: 45, GET)
2017-07-28 12:49:18,368-0400 INFO  GetFileHandler Handler(tag: 45, GET) unregistering (last)
2017-07-28 12:49:18,368-0400 INFO  ReadBuffer RB-LR-Handler(tag: -1, GET) de-allocating 1 buffers
2017-07-28 12:49:18,421-0400 INFO  RuntimeStats$ProgressTicker HeapMax: 954728448, CrtHeap: 506462208, UsedHeap: 19279936, JVMThreads: 34
2017-07-28 12:49:18,427-0400 INFO  GetFileHandler Handler(tag: 46, GET) request complete; src=file://localhost/dakota/start_docker.sh
2017-07-28 12:49:18,427-0400 INFO  GetFileHandler Handler(tag: 46, GET) reader: LR-Handler(tag: 46, GET)
2017-07-28 12:49:18,427-0400 INFO  GetFileHandler Handler(tag: 46, GET) sending length: 172, 1329253414
2017-07-28 12:49:18,428-0400 INFO  ReadBuffer RB-LR-Handler(tag: 46, GET) will ask for 1 buffers for a size of 172
2017-07-28 12:49:18,428-0400 INFO  ReadBuffer RB-LR-Handler(tag: 46, GET) actual allocated buffers 1(0 queued)
2017-07-28 12:49:18,428-0400 INFO  LocalIOProvider LR-Handler(tag: 46, GET) rbuf: RB-LR-Handler(tag: 46, GET)
2017-07-28 12:49:18,428-0400 INFO  GetFileHandler Handler(tag: 46, GET) unregistering (last)
2017-07-28 12:49:18,428-0400 INFO  ReadBuffer RB-LR-Handler(tag: -1, GET) de-allocating 1 buffers
2017-07-28 12:49:18,511-0400 INFO  Execute TASK_STATUS_CHANGE taskid=task-15 status=2 workerid=local:000000
2017-07-28 12:49:19,421-0400 INFO  RuntimeStats$ProgressTicker HeapMax: 954728448, CrtHeap: 506462208, UsedHeap: 19279936, JVMThreads: 34
2017-07-28 12:49:19,421-0400 INFO  RuntimeStats$ProgressTicker   Active:1
2017-07-28 12:49:19,806-0400 INFO  Execute TASK_STATUS_CHANGE taskid=task-15 status=17
2017-07-28 12:49:19,807-0400 INFO  PutFileHandler Handler(tag: 49, PUT) source: /tmp/swiftwork/dakota_surr-run006/jobs/p/prepInputs-dlfiinbn-0/results/surr.dat
2017-07-28 12:49:19,807-0400 INFO  PutFileHandler Handler(tag: 49, PUT) destination: file://localhost/results/surr.dat
2017-07-28 12:49:19,808-0400 INFO  PutFileHandler Handler(tag: 50, PUT) source: /tmp/swiftwork/dakota_surr-run006/jobs/p/prepInputs-dlfiinbn-0/_wrapper.error
2017-07-28 12:49:19,808-0400 INFO  PutFileHandler Handler(tag: 49, PUT) Transfer done
2017-07-28 12:49:19,808-0400 INFO  PutFileHandler Handler(tag: 50, PUT) destination: file://localhost/run006/dakota_surr-run006.d/prepInputs-dlfiinbn-0.error
2017-07-28 12:49:19,808-0400 INFO  PutFileHandler Handler(tag: 51, PUT) source: /tmp/swiftwork/dakota_surr-run006/jobs/p/prepInputs-dlfiinbn-0/_wrapper.log
2017-07-28 12:49:19,808-0400 INFO  PutFileHandler Handler(tag: 51, PUT) destination: file://localhost/run006/dakota_surr-run006.d/prepInputs-dlfiinbn-0.info
2017-07-28 12:49:19,808-0400 INFO  PutFileHandler Handler(tag: 50, PUT) Transfer done
2017-07-28 12:49:19,809-0400 INFO  PutFileHandler Handler(tag: 51, PUT) Transfer done
2017-07-28 12:49:19,809-0400 INFO  PutFileHandler Handler(tag: 52, PUT) source: /tmp/swiftwork/dakota_surr-run006/jobs/p/prepInputs-dlfiinbn-0/logs/surr.out
2017-07-28 12:49:19,809-0400 INFO  PutFileHandler Handler(tag: 52, PUT) destination: file://localhost/logs/surr.out
2017-07-28 12:49:19,809-0400 INFO  PutFileHandler Handler(tag: 52, PUT) Transfer done
2017-07-28 12:49:19,809-0400 INFO  PutFileHandler Handler(tag: 53, PUT) source: /tmp/swiftwork/dakota_surr-run006/jobs/p/prepInputs-dlfiinbn-0/logs/surr.err
2017-07-28 12:49:19,809-0400 INFO  PutFileHandler Handler(tag: 53, PUT) destination: file://localhost/logs/surr.err
2017-07-28 12:49:19,809-0400 INFO  PutFileHandler Handler(tag: 53, PUT) Transfer done
2017-07-28 12:49:19,809-0400 INFO  PutFileHandler Handler(tag: 54, PUT) source: /tmp/swiftwork/dakota_surr-run006/jobs/p/prepInputs-dlfiinbn-0/_stderr.txt
2017-07-28 12:49:19,809-0400 INFO  PutFileHandler Handler(tag: 54, PUT) destination: file://localhost/run006/dakota_surr-run006.d/prepInputs-dlfiinbn-0.stderr
2017-07-28 12:49:19,809-0400 INFO  PutFileHandler Handler(tag: 54, PUT) Transfer done
2017-07-28 12:49:19,809-0400 INFO  PutFileHandler Handler(tag: 55, PUT) source: /tmp/swiftwork/dakota_surr-run006/jobs/p/prepInputs-dlfiinbn-0/_stdout.txt
2017-07-28 12:49:19,809-0400 INFO  PutFileHandler Handler(tag: 55, PUT) destination: file://localhost/run006/dakota_surr-run006.d/prepInputs-dlfiinbn-0.stdout
2017-07-28 12:49:19,809-0400 INFO  PutFileHandler Handler(tag: 55, PUT) Transfer done
2017-07-28 12:49:19,900-0400 INFO  Execute TASK_STATUS_CHANGE taskid=task-15 status=5 Process completed with exit code 1
2017-07-28 12:49:19,901-0400 INFO  LateBindingScheduler jobs queued: 0
2017-07-28 12:49:19,902-0400 INFO  LateBindingScheduler jobs queued: 0
2017-07-28 12:49:19,903-0400 INFO  LateBindingScheduler jobs queued: 0
2017-07-28 12:49:19,905-0400 INFO  LateBindingScheduler jobs queued: 0
2017-07-28 12:49:19,905-0400 DEBUG swift APPLICATION_EXCEPTION jobid=prepInputs-dlfiinbn-0 - Application exception: Application /bin/bash failed with an exit code of 1
cat: swift.conf: No such file or directory
cat: swift.conf: No such file or directory
cat: swift.conf: No such file or directory
cat: swift.conf: No such file or directory
cat: swift.conf: No such file or directory
cat: swift.conf: No such file or directory
cat: swift.conf: No such file or directory
Error parsing arguments: Missing value for option '-service-contact'
Error parsing arguments: Missing value for option '-service-contact'
tar: This does not look like a tar archive
Error parsing arguments: Missing value for option '-service-contact'

gzip: stdin: not in gzip format
Error parsing arguments: Missing value for option '-service-contact'
tar: Child returned status 1
tar: Error is not recoverable: exiting now
tail: cannot open 'outputs/case0/metrics.csv' for reading: No such file or directory
cat: output.txt: No such file or directory
cat: sim.log: No such file or directory
Error parsing arguments: Missing value for option '-service-contact'
tar: This does not look like a tar archive

gzip: stdin: not in gzip format
tar: Child returned status 1
tar: Error is not recoverable: exiting now
Error(s) encountered reading results file /tmp/dakota_work_2e5b370f.1/results.out for Evaluation 1:
-- Expected 2 function value(s) but found 0.
Error parsing arguments: Missing value for option '-service-contact'
Error parsing arguments: Missing value for option '-service-contact'
tail: cannot open 'outputs/case0/metrics.csv' for reading: No such file or directory
cat: output.txt: No such file or directory
/tmp/dakota_work_9690fbe5.4/simulator_script: line 66: ./tree: No such file or directory
tar: L2,36.494351,Inlet1_Velocity,2.474400,R,8,r,2,L1,32,Rcurve,24,xIn2,54.5,yIn2,-4.5,Inlet2_Velocity,4.0,endTime,5.0,writeInterval,1.0,meshMinLevel,0,meshMaxLevel,1,.tar.gz: Cannot open: No such file or directory
tar: Error is not recoverable: exiting now
/tmp/dakota_work_9690fbe5.4/simulator_script: line 70: results.txt: No such file or directory
cat: sim.log: No such file or directory
tail: cannot open 'outputs/case0/metrics.csv' for reading: No such file or directory
/tmp/dakota_work_99ae6602.6/simulator_script: line 66: ./tree: No such file or directory
cat: results.txt: No such file or directory
cat: output.txt: No such file or directory
tar: L2,35.108942,Inlet1_Velocity,7.668049,R,8,r,2,L1,32,Rcurve,24,xIn2,54.5,yIn2,-4.5,Inlet2_Velocity,4.0,endTime,5.0,writeInterval,1.0,meshMinLevel,0,meshMaxLevel,1,.tar.gz: Cannot open: No such file or directory
tar: Error is not recoverable: exiting now
cat: sim.log: No such file or directory
/tmp/dakota_work_fd07e0ab.7/simulator_script: line 70: results.txt: No such file or directory
cp: cannot stat 'results.txt': No such file or directory
tar: L2,36.571559,Inlet1_Velocity,9.213028,R,8,r,2,L1,32,Rcurve,24,xIn2,54.5,yIn2,-4.5,Inlet2_Velocity,4.0,endTime,5.0,writeInterval,1.0,meshMinLevel,0,meshMaxLevel,1,.tar.gz: Cannot open: No such file or directory
tar: Error is not recoverable: exiting now
tail: cannot open 'outputs/case0/metrics.csv' for reading: No such file or directory
/tmp/dakota_work_99ae6602.6/simulator_script: line 70: results.txt: No such file or directory
tail: cannot open 'outputs/case0/metrics.csv' for reading: No such file or directory
cat: output.txt: No such file or directory
cat: sim.log: No such file or directory
cat: results.txt: No such file or directory
ls: cannot open directory .: Stale file handle
cat: results.txt: No such file or directory
cp: cannot stat 'results.txt': No such file or directory
/tmp/dakota_work_a19a8923.3/simulator_script: line 66: ./tree: No such file or directory
cat: output.txt: No such file or directory
cp: cannot stat 'results.txt': No such file or directory
ls: cannot open directory .: Stale file handle
tar: L2,37.860714,Inlet1_Velocity,2.284481,R,8,r,2,L1,32,Rcurve,24,xIn2,54.5,yIn2,-4.5,Inlet2_Velocity,4.0,endTime,5.0,writeInterval,1.0,meshMinLevel,0,meshMaxLevel,1,.tar.gz: Cannot open: No such file or directory
tar: Error is not recoverable: exiting now
mkdir: cannot create directory 'results': File exists
	exception @ swift-int-staging.k, line: 182
Caused by: Process completed with exit code 1

2017-07-28 12:49:19,906-0400 INFO  swift END_FAILURE jobid=prepInputs-dlfiinbn tr=prepInputs
2017-07-28 12:49:19,906-0400 INFO  swift Exception in prepInputs:
    Host: linuxpool
    Directory: dakota_surr-run006/jobs/p/prepInputs-dlfiinbn-0
	exception @ swift-int-staging.k, line: 187
	providerStaging:execute2 @ swift.k, line: 126
	executeSelect @ swift.k, line: 193
Caused by: Application /bin/bash failed with an exit code of 1
cat: swift.conf: No such file or directory
cat: swift.conf: No such file or directory
cat: swift.conf: No such file or directory
cat: swift.conf: No such file or directory
cat: swift.conf: No such file or directory
cat: swift.conf: No such file or directory
cat: swift.conf: No such file or directory
Error parsing arguments: Missing value for option '-service-contact'
Error parsing arguments: Missing value for option '-service-contact'
tar: This does not look like a tar archive
Error parsing arguments: Missing value for option '-service-contact'

gzip: stdin: not in gzip format
Error parsing arguments: Missing value for option '-service-contact'
tar: Child returned status 1
tar: Error is not recoverable: exiting now
tail: cannot open 'outputs/case0/metrics.csv' for reading: No such file or directory
cat: output.txt: No such file or directory
cat: sim.log: No such file or directory
Error parsing arguments: Missing value for option '-service-contact'
tar: This does not look like a tar archive

gzip: stdin: not in gzip format
tar: Child returned status 1
tar: Error is not recoverable: exiting now
Error(s) encountered reading results file /tmp/dakota_work_2e5b370f.1/results.out for Evaluation 1:
-- Expected 2 function value(s) but found 0.
Error parsing arguments: Missing value for option '-service-contact'
Error parsing arguments: Missing value for option '-service-contact'
tail: cannot open 'outputs/case0/metrics.csv' for reading: No such file or directory
cat: output.txt: No such file or directory
/tmp/dakota_work_9690fbe5.4/simulator_script: line 66: ./tree: No such file or directory
tar: L2,36.494351,Inlet1_Velocity,2.474400,R,8,r,2,L1,32,Rcurve,24,xIn2,54.5,yIn2,-4.5,Inlet2_Velocity,4.0,endTime,5.0,writeInterval,1.0,meshMinLevel,0,meshMaxLevel,1,.tar.gz: Cannot open: No such file or directory
tar: Error is not recoverable: exiting now
/tmp/dakota_work_9690fbe5.4/simulator_script: line 70: results.txt: No such file or directory
cat: sim.log: No such file or directory
tail: cannot open 'outputs/case0/metrics.csv' for reading: No such file or directory
/tmp/dakota_work_99ae6602.6/simulator_script: line 66: ./tree: No such file or directory
cat: results.txt: No such file or directory
cat: output.txt: No such file or directory
tar: L2,35.108942,Inlet1_Velocity,7.668049,R,8,r,2,L1,32,Rcurve,24,xIn2,54.5,yIn2,-4.5,Inlet2_Velocity,4.0,endTime,5.0,writeInterval,1.0,meshMinLevel,0,meshMaxLevel,1,.tar.gz: Cannot open: No such file or directory
tar: Error is not recoverable: exiting now
cat: sim.log: No such file or directory
/tmp/dakota_work_fd07e0ab.7/simulator_script: line 70: results.txt: No such file or directory
cp: cannot stat 'results.txt': No such file or directory
tar: L2,36.571559,Inlet1_Velocity,9.213028,R,8,r,2,L1,32,Rcurve,24,xIn2,54.5,yIn2,-4.5,Inlet2_Velocity,4.0,endTime,5.0,writeInterval,1.0,meshMinLevel,0,meshMaxLevel,1,.tar.gz: Cannot open: No such file or directory
tar: Error is not recoverable: exiting now
tail: cannot open 'outputs/case0/metrics.csv' for reading: No such file or directory
/tmp/dakota_work_99ae6602.6/simulator_script: line 70: results.txt: No such file or directory
tail: cannot open 'outputs/case0/metrics.csv' for reading: No such file or directory
cat: output.txt: No such file or directory
cat: sim.log: No such file or directory
cat: results.txt: No such file or directory
ls: cannot open directory .: Stale file handle
cat: results.txt: No such file or directory
cp: cannot stat 'results.txt': No such file or directory
/tmp/dakota_work_a19a8923.3/simulator_script: line 66: ./tree: No such file or directory
cat: output.txt: No such file or directory
cp: cannot stat 'results.txt': No such file or directory
ls: cannot open directory .: Stale file handle
tar: L2,37.860714,Inlet1_Velocity,2.284481,R,8,r,2,L1,32,Rcurve,24,xIn2,54.5,yIn2,-4.5,Inlet2_Velocity,4.0,endTime,5.0,writeInterval,1.0,meshMinLevel,0,meshMaxLevel,1,.tar.gz: Cannot open: No such file or directory
tar: Error is not recoverable: exiting now
mkdir: cannot create directory 'results': File exists
	exception @ swift-int-staging.k, line: 182
Caused by: Process completed with exit code 1

	k:assign @ swift.k, line: 157
Caused by: Exception in prepInputs:
    Host: linuxpool
    Directory: dakota_surr-run006/jobs/p/prepInputs-dlfiinbn-0
	exception @ swift-int-staging.k, line: 187
	providerStaging:execute2 @ swift.k, line: 126
	executeSelect @ swift.k, line: 193
Caused by: Application /bin/bash failed with an exit code of 1
cat: swift.conf: No such file or directory
cat: swift.conf: No such file or directory
cat: swift.conf: No such file or directory
cat: swift.conf: No such file or directory
cat: swift.conf: No such file or directory
cat: swift.conf: No such file or directory
cat: swift.conf: No such file or directory
Error parsing arguments: Missing value for option '-service-contact'
Error parsing arguments: Missing value for option '-service-contact'
tar: This does not look like a tar archive
Error parsing arguments: Missing value for option '-service-contact'

gzip: stdin: not in gzip format
Error parsing arguments: Missing value for option '-service-contact'
tar: Child returned status 1
tar: Error is not recoverable: exiting now
tail: cannot open 'outputs/case0/metrics.csv' for reading: No such file or directory
cat: output.txt: No such file or directory
cat: sim.log: No such file or directory
Error parsing arguments: Missing value for option '-service-contact'
tar: This does not look like a tar archive

gzip: stdin: not in gzip format
tar: Child returned status 1
tar: Error is not recoverable: exiting now
Error(s) encountered reading results file /tmp/dakota_work_2e5b370f.1/results.out for Evaluation 1:
-- Expected 2 function value(s) but found 0.
Error parsing arguments: Missing value for option '-service-contact'
Error parsing arguments: Missing value for option '-service-contact'
tail: cannot open 'outputs/case0/metrics.csv' for reading: No such file or directory
cat: output.txt: No such file or directory
/tmp/dakota_work_9690fbe5.4/simulator_script: line 66: ./tree: No such file or directory
tar: L2,36.494351,Inlet1_Velocity,2.474400,R,8,r,2,L1,32,Rcurve,24,xIn2,54.5,yIn2,-4.5,Inlet2_Velocity,4.0,endTime,5.0,writeInterval,1.0,meshMinLevel,0,meshMaxLevel,1,.tar.gz: Cannot open: No such file or directory
tar: Error is not recoverable: exiting now
/tmp/dakota_work_9690fbe5.4/simulator_script: line 70: results.txt: No such file or directory
cat: sim.log: No such file or directory
tail: cannot open 'outputs/case0/metrics.csv' for reading: No such file or directory
/tmp/dakota_work_99ae6602.6/simulator_script: line 66: ./tree: No such file or directory
cat: results.txt: No such file or directory
cat: output.txt: No such file or directory
tar: L2,35.108942,Inlet1_Velocity,7.668049,R,8,r,2,L1,32,Rcurve,24,xIn2,54.5,yIn2,-4.5,Inlet2_Velocity,4.0,endTime,5.0,writeInterval,1.0,meshMinLevel,0,meshMaxLevel,1,.tar.gz: Cannot open: No such file or directory
tar: Error is not recoverable: exiting now
cat: sim.log: No such file or directory
/tmp/dakota_work_fd07e0ab.7/simulator_script: line 70: results.txt: No such file or directory
cp: cannot stat 'results.txt': No such file or directory
tar: L2,36.571559,Inlet1_Velocity,9.213028,R,8,r,2,L1,32,Rcurve,24,xIn2,54.5,yIn2,-4.5,Inlet2_Velocity,4.0,endTime,5.0,writeInterval,1.0,meshMinLevel,0,meshMaxLevel,1,.tar.gz: Cannot open: No such file or directory
tar: Error is not recoverable: exiting now
tail: cannot open 'outputs/case0/metrics.csv' for reading: No such file or directory
/tmp/dakota_work_99ae6602.6/simulator_script: line 70: results.txt: No such file or directory
tail: cannot open 'outputs/case0/metrics.csv' for reading: No such file or directory
cat: output.txt: No such file or directory
cat: sim.log: No such file or directory
cat: results.txt: No such file or directory
ls: cannot open directory .: Stale file handle
cat: results.txt: No such file or directory
cp: cannot stat 'results.txt': No such file or directory
/tmp/dakota_work_a19a8923.3/simulator_script: line 66: ./tree: No such file or directory
cat: output.txt: No such file or directory
cp: cannot stat 'results.txt': No such file or directory
ls: cannot open directory .: Stale file handle
tar: L2,37.860714,Inlet1_Velocity,2.284481,R,8,r,2,L1,32,Rcurve,24,xIn2,54.5,yIn2,-4.5,Inlet2_Velocity,4.0,endTime,5.0,writeInterval,1.0,meshMinLevel,0,meshMaxLevel,1,.tar.gz: Cannot open: No such file or directory
tar: Error is not recoverable: exiting now
mkdir: cannot create directory 'results': File exists
	exception @ swift-int-staging.k, line: 182
Caused by: Process completed with exit code 1

2017-07-28 12:49:19,907-0400 DEBUG swift PROCEDURE_END line=27 thread=2-0-15-12 name=prepInputs
2017-07-28 12:49:19,907-0400 INFO  RuntimeStats$ProgressTicker HeapMax: 954728448, CrtHeap: 506462208, UsedHeap: 30472272, JVMThreads: 38
2017-07-28 12:49:19,907-0400 INFO  RuntimeStats$ProgressTicker   Failed:1
2017-07-28 12:49:19,918-0400 INFO  swift Errors detected. Cleanup not done.
2017-07-28 12:49:19,919-0400 INFO  Executor Run failed
Execution completed with errors
	throw @ swift.k, line: 112
	swift:mains @ dakota_surr, line: 131

	at org.globus.cog.karajan.compiled.nodes.Throw.runBody(Throw.java:51)
	at org.globus.cog.karajan.compiled.nodes.InternalFunction.run(InternalFunction.java:175)
	at org.globus.cog.karajan.compiled.nodes.CompoundNode.runChild(CompoundNode.java:112)
	at org.globus.cog.karajan.compiled.nodes.Sequential.run(Sequential.java:41)
	at org.globus.cog.karajan.compiled.nodes.If.run(If.java:184)
	at org.globus.cog.karajan.compiled.nodes.CompoundNode.runChild(CompoundNode.java:112)
	at org.globus.cog.karajan.compiled.nodes.Sequential.run(Sequential.java:41)
	at org.globus.cog.karajan.compiled.nodes.user.Function.runBody(Function.java:123)
	at org.globus.cog.karajan.compiled.nodes.user.InvocationWrapper.runBody(InvocationWrapper.java:288)
	at org.globus.cog.karajan.compiled.nodes.user.InvocationWrapper.run(InvocationWrapper.java:93)
	at org.globus.cog.karajan.compiled.nodes.CompoundNode.runChild(CompoundNode.java:112)
	at org.globus.cog.karajan.compiled.nodes.Sequential.run(Sequential.java:41)
	at org.griphyn.vdl.karajan.lib.restartLog.RestartLog.runBody(RestartLog.java:104)
	at org.globus.cog.karajan.compiled.nodes.InternalFunction.run(InternalFunction.java:175)
	at org.globus.cog.karajan.compiled.nodes.CompoundNode.runChild(CompoundNode.java:112)
	at org.globus.cog.karajan.compiled.nodes.FramedInternalFunction.run(FramedInternalFunction.java:82)
	at k.thr.LWThread.run(LWThread.java:291)
	at java.util.concurrent.ThreadPoolExecutor.runWorker(ThreadPoolExecutor.java:1142)
	at java.util.concurrent.ThreadPoolExecutor$Worker.run(ThreadPoolExecutor.java:617)
	at java.lang.Thread.run(Thread.java:748)
2017-07-28 12:49:19,921-0400 INFO  Loader Swift finished with errors
2017-07-28 12:49:19,922-0400 INFO  ChannelManager Notifying peers of shutdown
