Swift trunk git-rev: 04208acc2a9af9ea900ae5c4a1d01bcc93ac07d2 heads/master 6744
RunID: run006
Progress: Fri, 28 Jul 2017 12:49:15-0400
Progress: Fri, 28 Jul 2017 12:49:16-0400  Stage in:1
Progress: Fri, 28 Jul 2017 12:49:19-0400  Active:1
Exception in prepInputs:
    Host: linuxpool
    Directory: dakota_surr-run006/jobs/p/prepInputs-dlfiinbn-0
	exception @ swift-int-staging.k, line: 187
	providerStaging:execute2 @ swift.k, line: 126
	executeSelect @ swift.k, line: 193
Caused by: Application /bin/bash failed with an exit code of 1
cat: swift.conf: No such file or directory
cat: swift.conf: No such file or directory
cat: swift.conf: No such file or directory
cat: swift.conf: No such file or directory
cat: swift.conf: No such file or directory
cat: swift.conf: No such file or directory
cat: swift.conf: No such file or directory
Error parsing arguments: Missing value for option '-service-contact'
Error parsing arguments: Missing value for option '-service-contact'
tar: This does not look like a tar archive
Error parsing arguments: Missing value for option '-service-contact'

gzip: stdin: not in gzip format
Error parsing arguments: Missing value for option '-service-contact'
tar: Child returned status 1
tar: Error is not recoverable: exiting now
tail: cannot open 'outputs/case0/metrics.csv' for reading: No such file or directory
cat: output.txt: No such file or directory
cat: sim.log: No such file or directory
Error parsing arguments: Missing value for option '-service-contact'
tar: This does not look like a tar archive

gzip: stdin: not in gzip format
tar: Child returned status 1
tar: Error is not recoverable: exiting now
Error(s) encountered reading results file /tmp/dakota_work_2e5b370f.1/results.out for Evaluation 1:
-- Expected 2 function value(s) but found 0.
Error parsing arguments: Missing value for option '-service-contact'
Error parsing arguments: Missing value for option '-service-contact'
tail: cannot open 'outputs/case0/metrics.csv' for reading: No such file or directory
cat: output.txt: No such file or directory
/tmp/dakota_work_9690fbe5.4/simulator_script: line 66: ./tree: No such file or directory
tar: L2,36.494351,Inlet1_Velocity,2.474400,R,8,r,2,L1,32,Rcurve,24,xIn2,54.5,yIn2,-4.5,Inlet2_Velocity,4.0,endTime,5.0,writeInterval,1.0,meshMinLevel,0,meshMaxLevel,1,.tar.gz: Cannot open: No such file or directory
tar: Error is not recoverable: exiting now
/tmp/dakota_work_9690fbe5.4/simulator_script: line 70: results.txt: No such file or directory
cat: sim.log: No such file or directory
tail: cannot open 'outputs/case0/metrics.csv' for reading: No such file or directory
/tmp/dakota_work_99ae6602.6/simulator_script: line 66: ./tree: No such file or directory
cat: results.txt: No such file or directory
cat: output.txt: No such file or directory
tar: L2,35.108942,Inlet1_Velocity,7.668049,R,8,r,2,L1,32,Rcurve,24,xIn2,54.5,yIn2,-4.5,Inlet2_Velocity,4.0,endTime,5.0,writeInterval,1.0,meshMinLevel,0,meshMaxLevel,1,.tar.gz: Cannot open: No such file or directory
tar: Error is not recoverable: exiting now
cat: sim.log: No such file or directory
/tmp/dakota_work_fd07e0ab.7/simulator_script: line 70: results.txt: No such file or directory
cp: cannot stat 'results.txt': No such file or directory
tar: L2,36.571559,Inlet1_Velocity,9.213028,R,8,r,2,L1,32,Rcurve,24,xIn2,54.5,yIn2,-4.5,Inlet2_Velocity,4.0,endTime,5.0,writeInterval,1.0,meshMinLevel,0,meshMaxLevel,1,.tar.gz: Cannot open: No such file or directory
tar: Error is not recoverable: exiting now
tail: cannot open 'outputs/case0/metrics.csv' for reading: No such file or directory
/tmp/dakota_work_99ae6602.6/simulator_script: line 70: results.txt: No such file or directory
tail: cannot open 'outputs/case0/metrics.csv' for reading: No such file or directory
cat: output.txt: No such file or directory
cat: sim.log: No such file or directory
cat: results.txt: No such file or directory
ls: cannot open directory .: Stale file handle
cat: results.txt: No such file or directory
cp: cannot stat 'results.txt': No such file or directory
/tmp/dakota_work_a19a8923.3/simulator_script: line 66: ./tree: No such file or directory
cat: output.txt: No such file or directory
cp: cannot stat 'results.txt': No such file or directory
ls: cannot open directory .: Stale file handle
tar: L2,37.860714,Inlet1_Velocity,2.284481,R,8,r,2,L1,32,Rcurve,24,xIn2,54.5,yIn2,-4.5,Inlet2_Velocity,4.0,endTime,5.0,writeInterval,1.0,meshMinLevel,0,meshMaxLevel,1,.tar.gz: Cannot open: No such file or directory
tar: Error is not recoverable: exiting now
mkdir: cannot create directory 'results': File exists
	exception @ swift-int-staging.k, line: 182
Caused by: Process completed with exit code 1

	k:assign @ swift.k, line: 157
Caused by: Exception in prepInputs:
    Host: linuxpool
    Directory: dakota_surr-run006/jobs/p/prepInputs-dlfiinbn-0
	exception @ swift-int-staging.k, line: 187
	providerStaging:execute2 @ swift.k, line: 126
	executeSelect @ swift.k, line: 193
Caused by: Application /bin/bash failed with an exit code of 1
cat: swift.conf: No such file or directory
cat: swift.conf: No such file or directory
cat: swift.conf: No such file or directory
cat: swift.conf: No such file or directory
cat: swift.conf: No such file or directory
cat: swift.conf: No such file or directory
cat: swift.conf: No such file or directory
Error parsing arguments: Missing value for option '-service-contact'
Error parsing arguments: Missing value for option '-service-contact'
tar: This does not look like a tar archive
Error parsing arguments: Missing value for option '-service-contact'

gzip: stdin: not in gzip format
Error parsing arguments: Missing value for option '-service-contact'
tar: Child returned status 1
tar: Error is not recoverable: exiting now
tail: cannot open 'outputs/case0/metrics.csv' for reading: No such file or directory
cat: output.txt: No such file or directory
cat: sim.log: No such file or directory
Error parsing arguments: Missing value for option '-service-contact'
tar: This does not look like a tar archive

gzip: stdin: not in gzip format
tar: Child returned status 1
tar: Error is not recoverable: exiting now
Error(s) encountered reading results file /tmp/dakota_work_2e5b370f.1/results.out for Evaluation 1:
-- Expected 2 function value(s) but found 0.
Error parsing arguments: Missing value for option '-service-contact'
Error parsing arguments: Missing value for option '-service-contact'
tail: cannot open 'outputs/case0/metrics.csv' for reading: No such file or directory
cat: output.txt: No such file or directory
/tmp/dakota_work_9690fbe5.4/simulator_script: line 66: ./tree: No such file or directory
tar: L2,36.494351,Inlet1_Velocity,2.474400,R,8,r,2,L1,32,Rcurve,24,xIn2,54.5,yIn2,-4.5,Inlet2_Velocity,4.0,endTime,5.0,writeInterval,1.0,meshMinLevel,0,meshMaxLevel,1,.tar.gz: Cannot open: No such file or directory
tar: Error is not recoverable: exiting now
/tmp/dakota_work_9690fbe5.4/simulator_script: line 70: results.txt: No such file or directory
cat: sim.log: No such file or directory
tail: cannot open 'outputs/case0/metrics.csv' for reading: No such file or directory
/tmp/dakota_work_99ae6602.6/simulator_script: line 66: ./tree: No such file or directory
cat: results.txt: No such file or directory
cat: output.txt: No such file or directory
tar: L2,35.108942,Inlet1_Velocity,7.668049,R,8,r,2,L1,32,Rcurve,24,xIn2,54.5,yIn2,-4.5,Inlet2_Velocity,4.0,endTime,5.0,writeInterval,1.0,meshMinLevel,0,meshMaxLevel,1,.tar.gz: Cannot open: No such file or directory
tar: Error is not recoverable: exiting now
cat: sim.log: No such file or directory
/tmp/dakota_work_fd07e0ab.7/simulator_script: line 70: results.txt: No such file or directory
cp: cannot stat 'results.txt': No such file or directory
tar: L2,36.571559,Inlet1_Velocity,9.213028,R,8,r,2,L1,32,Rcurve,24,xIn2,54.5,yIn2,-4.5,Inlet2_Velocity,4.0,endTime,5.0,writeInterval,1.0,meshMinLevel,0,meshMaxLevel,1,.tar.gz: Cannot open: No such file or directory
tar: Error is not recoverable: exiting now
tail: cannot open 'outputs/case0/metrics.csv' for reading: No such file or directory
/tmp/dakota_work_99ae6602.6/simulator_script: line 70: results.txt: No such file or directory
tail: cannot open 'outputs/case0/metrics.csv' for reading: No such file or directory
cat: output.txt: No such file or directory
cat: sim.log: No such file or directory
cat: results.txt: No such file or directory
ls: cannot open directory .: Stale file handle
cat: results.txt: No such file or directory
cp: cannot stat 'results.txt': No such file or directory
/tmp/dakota_work_a19a8923.3/simulator_script: line 66: ./tree: No such file or directory
cat: output.txt: No such file or directory
cp: cannot stat 'results.txt': No such file or directory
ls: cannot open directory .: Stale file handle
tar: L2,37.860714,Inlet1_Velocity,2.284481,R,8,r,2,L1,32,Rcurve,24,xIn2,54.5,yIn2,-4.5,Inlet2_Velocity,4.0,endTime,5.0,writeInterval,1.0,meshMinLevel,0,meshMaxLevel,1,.tar.gz: Cannot open: No such file or directory
tar: Error is not recoverable: exiting now
mkdir: cannot create directory 'results': File exists
	exception @ swift-int-staging.k, line: 182
Caused by: Process completed with exit code 1

Final status: Fri, 28 Jul 2017 12:49:19-0400  Failed:1
The following errors have occurred:
1. Exception in prepInputs:
    Host: linuxpool
    Directory: dakota_surr-run006/jobs/p/prepInputs-dlfiinbn-0
	exception @ swift-int-staging.k, line: 187
	providerStaging:execute2 @ swift.k, line: 126
	executeSelect @ swift.k, line: 193
Caused by: Application /bin/bash failed with an exit code of 1
cat: swift.conf: No such file or directory
cat: swift.conf: No such file or directory
cat: swift.conf: No such file or directory
cat: swift.conf: No such file or directory
cat: swift.conf: No such file or directory
cat: swift.conf: No such file or directory
cat: swift.conf: No such file or directory
Error parsing arguments: Missing value for option '-service-contact'
Error parsing arguments: Missing value for option '-service-contact'
tar: This does not look like a tar archive
Error parsing arguments: Missing value for option '-service-contact'

gzip: stdin: not in gzip format
Error parsing arguments: Missing value for option '-service-contact'
tar: Child returned status 1
tar: Error is not recoverable: exiting now
tail: cannot open 'outputs/case0/metrics.csv' for reading: No such file or directory
cat: output.txt: No such file or directory
cat: sim.log: No such file or directory
Error parsing arguments: Missing value for option '-service-contact'
tar: This does not look like a tar archive

gzip: stdin: not in gzip format
tar: Child returned status 1
tar: Error is not recoverable: exiting now
Error(s) encountered reading results file /tmp/dakota_work_2e5b370f.1/results.out for Evaluation 1:
-- Expected 2 function value(s) but found 0.
Error parsing arguments: Missing value for option '-service-contact'
Error parsing arguments: Missing value for option '-service-contact'
tail: cannot open 'outputs/case0/metrics.csv' for reading: No such file or directory
cat: output.txt: No such file or directory
/tmp/dakota_work_9690fbe5.4/simulator_script: line 66: ./tree: No such file or directory
tar: L2,36.494351,Inlet1_Velocity,2.474400,R,8,r,2,L1,32,Rcurve,24,xIn2,54.5,yIn2,-4.5,Inlet2_Velocity,4.0,endTime,5.0,writeInterval,1.0,meshMinLevel,0,meshMaxLevel,1,.tar.gz: Cannot open: No such file or directory
tar: Error is not recoverable: exiting now
/tmp/dakota_work_9690fbe5.4/simulator_script: line 70: results.txt: No such file or directory
cat: sim.log: No such file or directory
tail: cannot open 'outputs/case0/metrics.csv' for reading: No such file or directory
/tmp/dakota_work_99ae6602.6/simulator_script: line 66: ./tree: No such file or directory
cat: results.txt: No such file or directory
cat: output.txt: No such file or directory
tar: L2,35.108942,Inlet1_Velocity,7.668049,R,8,r,2,L1,32,Rcurve,24,xIn2,54.5,yIn2,-4.5,Inlet2_Velocity,4.0,endTime,5.0,writeInterval,1.0,meshMinLevel,0,meshMaxLevel,1,.tar.gz: Cannot open: No such file or directory
tar: Error is not recoverable: exiting now
cat: sim.log: No such file or directory
/tmp/dakota_work_fd07e0ab.7/simulator_script: line 70: results.txt: No such file or directory
cp: cannot stat 'results.txt': No such file or directory
tar: L2,36.571559,Inlet1_Velocity,9.213028,R,8,r,2,L1,32,Rcurve,24,xIn2,54.5,yIn2,-4.5,Inlet2_Velocity,4.0,endTime,5.0,writeInterval,1.0,meshMinLevel,0,meshMaxLevel,1,.tar.gz: Cannot open: No such file or directory
tar: Error is not recoverable: exiting now
tail: cannot open 'outputs/case0/metrics.csv' for reading: No such file or directory
/tmp/dakota_work_99ae6602.6/simulator_script: line 70: results.txt: No such file or directory
tail: cannot open 'outputs/case0/metrics.csv' for reading: No such file or directory
cat: output.txt: No such file or directory
cat: sim.log: No such file or directory
cat: results.txt: No such file or directory
ls: cannot open directory .: Stale file handle
cat: results.txt: No such file or directory
cp: cannot stat 'results.txt': No such file or directory
/tmp/dakota_work_a19a8923.3/simulator_script: line 66: ./tree: No such file or directory
cat: output.txt: No such file or directory
cp: cannot stat 'results.txt': No such file or directory
ls: cannot open directory .: Stale file handle
tar: L2,37.860714,Inlet1_Velocity,2.284481,R,8,r,2,L1,32,Rcurve,24,xIn2,54.5,yIn2,-4.5,Inlet2_Velocity,4.0,endTime,5.0,writeInterval,1.0,meshMinLevel,0,meshMaxLevel,1,.tar.gz: Cannot open: No such file or directory
tar: Error is not recoverable: exiting now
mkdir: cannot create directory 'results': File exists
	exception @ swift-int-staging.k, line: 182
Caused by: Process completed with exit code 1

	k:assign @ swift.k, line: 157
